#
# There is insufficient memory for the Java Runtime Environment to continue.
# Native memory allocation (malloc) failed to allocate 32744 bytes for ChunkPool::allocate
# Possible reasons:
#   The system is out of physical RAM or swap space
#   The process is running with CompressedOops enabled, and the Java Heap may be blocking the growth of the native heap
# Possible solutions:
#   Reduce memory load on the system
#   Increase physical memory or swap space
#   Check if swap backing store is full
#   Decrease Java heap size (-Xmx/-Xms)
#   Decrease number of Java threads
#   Decrease Java thread stack sizes (-Xss)
#   Set larger code cache with -XX:ReservedCodeCacheSize=
#   JVM is running with Unscaled Compressed Oops mode in which the Java heap is
#     placed in the first 4GB address space. The Java Heap base address is the
#     maximum limit for the native heap growth. Please use -XX:HeapBaseMinAddress
#     to set the Java Heap base and to place the Java Heap above 4GB virtual address.
# This output file may be truncated or incomplete.
#
#  Out of Memory Error (./src/hotspot/share/memory/arena.cpp:81), pid=59220, tid=59068
#
# JRE version: OpenJDK Runtime Environment (11.0.10) (build 11.0.10+0-b96-7249189)
# Java VM: OpenJDK 64-Bit Server VM (11.0.10+0-b96-7249189, mixed mode, tiered, compressed oops, g1 gc, windows-amd64)
# No core dump will be written. Minidumps are not enabled by default on client versions of Windows
#

---------------  S U M M A R Y ------------

Command Line: --add-opens=java.base/java.util=ALL-UNNAMED --add-opens=java.base/java.lang=ALL-UNNAMED --add-opens=java.base/java.lang.invoke=ALL-UNNAMED --add-opens=java.base/java.util=ALL-UNNAMED --add-opens=java.prefs/java.util.prefs=ALL-UNNAMED --add-opens=java.prefs/java.util.prefs=ALL-UNNAMED --add-opens=java.base/java.nio.charset=ALL-UNNAMED --add-opens=java.base/java.net=ALL-UNNAMED --add-opens=java.base/java.util.concurrent.atomic=ALL-UNNAMED -Xmx2048m -Dfile.encoding=UTF-8 -Duser.country=CN -Duser.language=zh -Duser.variant org.gradle.launcher.daemon.bootstrap.GradleDaemon 7.0.2

Host: 11th Gen Intel(R) Core(TM) i5-1135G7 @ 2.40GHz, 8 cores, 15G,  Windows 10 , 64 bit Build 19041 (10.0.19041.1741)
Time: Wed Jul  6 15:13:55 2022 中国标准时间 elapsed time: 409.506458 seconds (0d 0h 6m 49s)

---------------  T H R E A D  ---------------

Current thread (0x000001a6484ca000):  JavaThread "C1 CompilerThread0" daemon [_thread_in_native, id=59068, stack(0x00000032bd800000,0x00000032bd900000)]


Current CompileTask:
C1: 409506 16998   !   3       org.gradle.internal.metaobject.BeanDynamicObject$MetaClassAdapter::lookupProperty (47 bytes)

Stack: [0x00000032bd800000,0x00000032bd900000]
Native frames: (J=compiled Java code, j=interpreted, Vv=VM code, C=native code)
V  [jvm.dll+0x5ecfaa]
V  [jvm.dll+0x722bd5]
V  [jvm.dll+0x72412d]
V  [jvm.dll+0x7247e3]
V  [jvm.dll+0x242928]
V  [jvm.dll+0xbc75b]
V  [jvm.dll+0xbca0c]
V  [jvm.dll+0x165333]
V  [jvm.dll+0x165400]
V  [jvm.dll+0x16765d]
V  [jvm.dll+0x1695c4]
V  [jvm.dll+0x12376c]
V  [jvm.dll+0x123279]
V  [jvm.dll+0x1233e3]
V  [jvm.dll+0x1226f7]
V  [jvm.dll+0x1242c7]
V  [jvm.dll+0x208ee7]
V  [jvm.dll+0x207731]
V  [jvm.dll+0x6eb1cf]
V  [jvm.dll+0x6e3d45]
V  [jvm.dll+0x5ebe96]
C  [ucrtbase.dll+0x21bb2]
C  [KERNEL32.DLL+0x17034]
C  [ntdll.dll+0x52651]


---------------  P R O C E S S  ---------------

Threads class SMR info:
_java_thread_list=0x000001a650458500, length=54, elements={
0x000001a62d76b000, 0x000001a648444800, 0x000001a648448000, 0x000001a6484c1800,
0x000001a6484c4800, 0x000001a6484c5800, 0x000001a6484c6800, 0x000001a6484ca000,
0x000001a6484cc800, 0x000001a648680000, 0x000001a64a72b000, 0x000001a6488f8000,
0x000001a649496000, 0x000001a64b66a800, 0x000001a64b66e800, 0x000001a64b66b800,
0x000001a64b66f800, 0x000001a64b669800, 0x000001a64dde1800, 0x000001a64dde2000,
0x000001a64ddde000, 0x000001a64dddf000, 0x000001a64dde5800, 0x000001a64dded000,
0x000001a64ef5e800, 0x000001a64ef5c000, 0x000001a64ef5a000, 0x000001a64ef59800,
0x000001a64ef5c800, 0x000001a64ef66800, 0x000001a6503de800, 0x000001a64dddf800,
0x000001a64dde6800, 0x000001a64dde4000, 0x000001a64dde0800, 0x000001a64ddec000,
0x000001a64dde8800, 0x000001a64dde7000, 0x000001a64ddeb000, 0x000001a64dde8000,
0x000001a64dde9800, 0x000001a64ddea800, 0x000001a6503dd000, 0x000001a6503da000,
0x000001a64ed9c000, 0x000001a650b87800, 0x000001a6503da800, 0x000001a6503de000,
0x000001a6503d9000, 0x000001a6503e1000, 0x000001a6503e0800, 0x000001a6503df800,
0x000001a6503dc000, 0x000001a6503db800
}

Java Threads: ( => current thread )
  0x000001a62d76b000 JavaThread "main" [_thread_blocked, id=61184, stack(0x00000032bcb00000,0x00000032bcc00000)]
  0x000001a648444800 JavaThread "Reference Handler" daemon [_thread_blocked, id=63420, stack(0x00000032bd200000,0x00000032bd300000)]
  0x000001a648448000 JavaThread "Finalizer" daemon [_thread_blocked, id=43088, stack(0x00000032bd300000,0x00000032bd400000)]
  0x000001a6484c1800 JavaThread "Signal Dispatcher" daemon [_thread_blocked, id=44248, stack(0x00000032bd400000,0x00000032bd500000)]
  0x000001a6484c4800 JavaThread "Attach Listener" daemon [_thread_blocked, id=63896, stack(0x00000032bd500000,0x00000032bd600000)]
  0x000001a6484c5800 JavaThread "Service Thread" daemon [_thread_blocked, id=58708, stack(0x00000032bd600000,0x00000032bd700000)]
  0x000001a6484c6800 JavaThread "C2 CompilerThread0" daemon [_thread_in_native, id=53028, stack(0x00000032bd700000,0x00000032bd800000)]
=>0x000001a6484ca000 JavaThread "C1 CompilerThread0" daemon [_thread_in_native, id=59068, stack(0x00000032bd800000,0x00000032bd900000)]
  0x000001a6484cc800 JavaThread "Sweeper thread" daemon [_thread_blocked, id=36884, stack(0x00000032bd900000,0x00000032bda00000)]
  0x000001a648680000 JavaThread "Common-Cleaner" daemon [_thread_blocked, id=61356, stack(0x00000032bda00000,0x00000032bdb00000)]
  0x000001a64a72b000 JavaThread "Daemon health stats" [_thread_blocked, id=64760, stack(0x00000032be300000,0x00000032be400000)]
  0x000001a6488f8000 JavaThread "Incoming local TCP Connector on port 61959" [_thread_in_native, id=15300, stack(0x00000032bdc00000,0x00000032bdd00000)]
  0x000001a649496000 JavaThread "Daemon periodic checks" [_thread_blocked, id=2916, stack(0x00000032be200000,0x00000032be300000)]
  0x000001a64b66a800 JavaThread "Cache worker for file hash cache (E:\Gradle\caches\7.0.2\fileHashes)" [_thread_blocked, id=61964, stack(0x00000032beb00000,0x00000032bec00000)]
  0x000001a64b66e800 JavaThread "File lock request listener" [_thread_in_native, id=20592, stack(0x00000032bec00000,0x00000032bed00000)]
  0x000001a64b66b800 JavaThread "Cache worker for journal cache (E:\Gradle\caches\journal-1)" [_thread_blocked, id=62232, stack(0x00000032bf000000,0x00000032bf100000)]
  0x000001a64b66f800 JavaThread "File watcher server" daemon [_thread_in_native, id=1500, stack(0x00000032bf300000,0x00000032bf400000)]
  0x000001a64b669800 JavaThread "File watcher consumer" daemon [_thread_blocked, id=20424, stack(0x00000032bf400000,0x00000032bf500000)]
  0x000001a64dde1800 JavaThread "Cache worker for execution history cache (E:\Gradle\caches\7.0.2\executionHistory)" [_thread_blocked, id=62444, stack(0x00000032bf900000,0x00000032bfa00000)]
  0x000001a64dde2000 JavaThread "jar transforms" [_thread_blocked, id=37504, stack(0x00000032bfa00000,0x00000032bfb00000)]
  0x000001a64ddde000 JavaThread "jar transforms Thread 2" [_thread_blocked, id=67292, stack(0x00000032bfb00000,0x00000032bfc00000)]
  0x000001a64dddf000 JavaThread "Cache worker for file content cache (E:\Gradle\caches\7.0.2\fileContent)" [_thread_blocked, id=26304, stack(0x00000032bfc00000,0x00000032bfd00000)]
  0x000001a64dde5800 JavaThread "jar transforms Thread 3" [_thread_blocked, id=65408, stack(0x00000032bfe00000,0x00000032bff00000)]
  0x000001a64dded000 JavaThread "jar transforms Thread 4" [_thread_blocked, id=39720, stack(0x00000032c0800000,0x00000032c0900000)]
  0x000001a64ef5e800 JavaThread "jar transforms Thread 5" [_thread_blocked, id=35800, stack(0x00000032c0900000,0x00000032c0a00000)]
  0x000001a64ef5c000 JavaThread "jar transforms Thread 6" [_thread_blocked, id=15480, stack(0x00000032c0a00000,0x00000032c0b00000)]
  0x000001a64ef5a000 JavaThread "jar transforms Thread 7" [_thread_blocked, id=67092, stack(0x00000032c0b00000,0x00000032c0c00000)]
  0x000001a64ef59800 JavaThread "jar transforms Thread 8" [_thread_blocked, id=62808, stack(0x00000032c0c00000,0x00000032c0d00000)]
  0x000001a64ef5c800 JavaThread "Memory manager" [_thread_blocked, id=67160, stack(0x00000032c0d00000,0x00000032c0e00000)]
  0x000001a64ef66800 JavaThread "Cache worker for Java compile cache (E:\Gradle\caches\7.0.2\javaCompile)" [_thread_blocked, id=588, stack(0x00000032c1700000,0x00000032c1800000)]
  0x000001a6503de800 JavaThread "ForkJoinPool.commonPool-worker-5" daemon [_thread_blocked, id=30784, stack(0x00000032c1e00000,0x00000032c1f00000)]
  0x000001a64dddf800 JavaThread "Daemon Thread 3" [_thread_blocked, id=65872, stack(0x00000032bc800000,0x00000032bc900000)]
  0x000001a64dde6800 JavaThread "Handler for socket connection from /127.0.0.1:61959 to /127.0.0.1:62520" [_thread_in_native, id=66688, stack(0x00000032bc900000,0x00000032bca00000)]
  0x000001a64dde4000 JavaThread "Cancel handler" [_thread_blocked, id=56804, stack(0x00000032bca00000,0x00000032bcb00000)]
  0x000001a64dde0800 JavaThread "Daemon worker Thread 3" [_thread_in_Java, id=67152, stack(0x00000032be400000,0x00000032be500000)]
  0x000001a64ddec000 JavaThread "Asynchronous log dispatcher for DefaultDaemonConnection: socket connection from /127.0.0.1:61959 to /127.0.0.1:62520" [_thread_blocked, id=67032, stack(0x00000032be500000,0x00000032be600000)]
  0x000001a64dde8800 JavaThread "Stdin handler" [_thread_blocked, id=65188, stack(0x00000032be600000,0x00000032be700000)]
  0x000001a64dde7000 JavaThread "Daemon client event forwarder" [_thread_blocked, id=33760, stack(0x00000032be700000,0x00000032be800000)]
  0x000001a64ddeb000 JavaThread "Cache worker for file hash cache (E:\Android_Test\Chukuyi\.gradle\7.0.2\fileHashes)" [_thread_blocked, id=66740, stack(0x00000032be800000,0x00000032be900000)]
  0x000001a64dde8000 JavaThread "Cache worker for checksums cache (E:\Android_Test\Chukuyi\.gradle\checksums)" [_thread_blocked, id=44344, stack(0x00000032be900000,0x00000032bea00000)]
  0x000001a64dde9800 JavaThread "Cache worker for cache directory md-supplier (E:\Gradle\caches\7.0.2\md-supplier)" [_thread_blocked, id=61188, stack(0x00000032bea00000,0x00000032beb00000)]
  0x000001a64ddea800 JavaThread "Cache worker for cache directory md-rule (E:\Gradle\caches\7.0.2\md-rule)" [_thread_blocked, id=42284, stack(0x00000032bf100000,0x00000032bf200000)]
  0x000001a6503dd000 JavaThread "Cache worker for dependencies-accessors (E:\Android_Test\Chukuyi\.gradle\7.0.2\dependencies-accessors)" [_thread_blocked, id=55588, stack(0x00000032bf200000,0x00000032bf300000)]
  0x000001a6503da000 JavaThread "Cache worker for Build Output Cleanup Cache (E:\Android_Test\Chukuyi\.gradle\buildOutputCleanup)" [_thread_blocked, id=66832, stack(0x00000032bf500000,0x00000032bf600000)]
  0x000001a64ed9c000 JavaThread "C2 CompilerThread1" daemon [_thread_in_native, id=67300, stack(0x00000032bf600000,0x00000032bf700000)]
  0x000001a650b87800 JavaThread "C2 CompilerThread2" daemon [_thread_in_native, id=36572, stack(0x00000032bf700000,0x00000032bf800000)]
  0x000001a6503da800 JavaThread "Build operations" [_thread_blocked, id=65960, stack(0x00000032bf800000,0x00000032bf900000)]
  0x000001a6503de000 JavaThread "Build operations Thread 2" [_thread_blocked, id=7732, stack(0x00000032bfd00000,0x00000032bfe00000)]
  0x000001a6503d9000 JavaThread "Build operations Thread 3" [_thread_blocked, id=38148, stack(0x00000032bff00000,0x00000032c0000000)]
  0x000001a6503e1000 JavaThread "Build operations Thread 4" [_thread_blocked, id=64924, stack(0x00000032c0000000,0x00000032c0100000)]
  0x000001a6503e0800 JavaThread "Build operations Thread 5" [_thread_blocked, id=27556, stack(0x00000032c0100000,0x00000032c0200000)]
  0x000001a6503df800 JavaThread "Build operations Thread 6" [_thread_blocked, id=65048, stack(0x00000032c0200000,0x00000032c0300000)]
  0x000001a6503dc000 JavaThread "Build operations Thread 7" [_thread_blocked, id=65080, stack(0x00000032c0300000,0x00000032c0400000)]
  0x000001a6503db800 JavaThread "Build operations Thread 8" [_thread_blocked, id=12056, stack(0x00000032c0400000,0x00000032c0500000)]

Other Threads:
  0x000001a648440000 VMThread "VM Thread" [stack: 0x00000032bd100000,0x00000032bd200000] [id=64484]
  0x000001a648684800 WatcherThread [stack: 0x00000032bdb00000,0x00000032bdc00000] [id=17384]
  0x000001a62d785800 GCTaskThread "GC Thread#0" [stack: 0x00000032bcc00000,0x00000032bcd00000] [id=51056]
  0x000001a648f77000 GCTaskThread "GC Thread#1" [stack: 0x00000032bdd00000,0x00000032bde00000] [id=56588]
  0x000001a649133000 GCTaskThread "GC Thread#2" [stack: 0x00000032bde00000,0x00000032bdf00000] [id=59108]
  0x000001a649129000 GCTaskThread "GC Thread#3" [stack: 0x00000032bdf00000,0x00000032be000000] [id=42688]
  0x000001a6493cb000 GCTaskThread "GC Thread#4" [stack: 0x00000032be000000,0x00000032be100000] [id=64316]
  0x000001a6493cb800 GCTaskThread "GC Thread#5" [stack: 0x00000032be100000,0x00000032be200000] [id=65044]
  0x000001a64aead000 GCTaskThread "GC Thread#6" [stack: 0x00000032bed00000,0x00000032bee00000] [id=63064]
  0x000001a64b61d800 GCTaskThread "GC Thread#7" [stack: 0x00000032bee00000,0x00000032bef00000] [id=64456]
  0x000001a62d7b7800 ConcurrentGCThread "G1 Main Marker" [stack: 0x00000032bcd00000,0x00000032bce00000] [id=61712]
  0x000001a62d7b8800 ConcurrentGCThread "G1 Conc#0" [stack: 0x00000032bce00000,0x00000032bcf00000] [id=37176]
  0x000001a648e20800 ConcurrentGCThread "G1 Conc#1" [stack: 0x00000032bef00000,0x00000032bf000000] [id=65064]
  0x000001a62d84e000 ConcurrentGCThread "G1 Refine#0" [stack: 0x00000032bcf00000,0x00000032bd000000] [id=60084]
  0x000001a647a8c800 ConcurrentGCThread "G1 Young RemSet Sampling" [stack: 0x00000032bd000000,0x00000032bd100000] [id=29032]

Threads with active compile tasks:
C2 CompilerThread0 409543 16735       4       org.gradle.internal.operations.DefaultBuildOperationRunner::execute (140 bytes)
C1 CompilerThread0 409543 16998   !   3       org.gradle.internal.metaobject.BeanDynamicObject$MetaClassAdapter::lookupProperty (47 bytes)
C2 CompilerThread1 409543 17011 %     4       java.util.regex.Matcher::replaceAll @ 22 (59 bytes)
C2 CompilerThread2 409543 16960   !   4       com.google.common.cache.LocalCache$Segment::storeLoadedValue (371 bytes)

VM state:not at safepoint (normal execution)

VM Mutex/Monitor currently owned by a thread: None

Heap address: 0x0000000080000000, size: 2048 MB, Compressed Oops mode: 32-bit
Narrow klass base: 0x0000000000000000, Narrow klass shift: 3
Compressed class space size: 1073741824 Address: 0x0000000100000000

Heap:
 garbage-first heap   total 260096K, used 119964K [0x0000000080000000, 0x0000000100000000)
  region size 1024K, 35 young (35840K), 5 survivors (5120K)
 Metaspace       used 112033K, capacity 115226K, committed 115576K, reserved 1148928K
  class space    used 14512K, capacity 15702K, committed 15820K, reserved 1048576K
Heap Regions: E=young(eden), S=young(survivor), O=old, HS=humongous(starts), HC=humongous(continues), CS=collection set, F=free, A=archive, TAMS=top-at-mark-start (previous, next)
|   0|0x0000000080000000, 0x0000000080100000, 0x0000000080100000|100%| O|  |TAMS 0x0000000080100000, 0x0000000080000000| Untracked 
|   1|0x0000000080100000, 0x0000000080200000, 0x0000000080200000|100%| O|  |TAMS 0x0000000080200000, 0x0000000080100000| Untracked 
|   2|0x0000000080200000, 0x0000000080300000, 0x0000000080300000|100%| O|  |TAMS 0x0000000080300000, 0x0000000080200000| Untracked 
|   3|0x0000000080300000, 0x0000000080400000, 0x0000000080400000|100%|HS|  |TAMS 0x0000000080400000, 0x0000000080300000| Complete 
|   4|0x0000000080400000, 0x0000000080500000, 0x0000000080500000|100%|HC|  |TAMS 0x0000000080500000, 0x0000000080400000| Complete 
|   5|0x0000000080500000, 0x0000000080600000, 0x0000000080600000|100%|HC|  |TAMS 0x0000000080600000, 0x0000000080500000| Complete 
|   6|0x0000000080600000, 0x0000000080700000, 0x0000000080700000|100%| O|  |TAMS 0x0000000080700000, 0x0000000080600000| Untracked 
|   7|0x0000000080700000, 0x0000000080800000, 0x0000000080800000|100%| O|  |TAMS 0x0000000080800000, 0x0000000080700000| Untracked 
|   8|0x0000000080800000, 0x0000000080900000, 0x0000000080900000|100%| O|  |TAMS 0x0000000080900000, 0x0000000080800000| Untracked 
|   9|0x0000000080900000, 0x0000000080a00000, 0x0000000080a00000|100%| O|  |TAMS 0x0000000080a00000, 0x0000000080900000| Untracked 
|  10|0x0000000080a00000, 0x0000000080b00000, 0x0000000080b00000|100%| O|  |TAMS 0x0000000080b00000, 0x0000000080a00000| Untracked 
|  11|0x0000000080b00000, 0x0000000080c00000, 0x0000000080c00000|100%| O|  |TAMS 0x0000000080c00000, 0x0000000080b00000| Untracked 
|  12|0x0000000080c00000, 0x0000000080d00000, 0x0000000080d00000|100%| O|  |TAMS 0x0000000080d00000, 0x0000000080c00000| Untracked 
|  13|0x0000000080d00000, 0x0000000080e00000, 0x0000000080e00000|100%| O|  |TAMS 0x0000000080e00000, 0x0000000080d00000| Untracked 
|  14|0x0000000080e00000, 0x0000000080f00000, 0x0000000080f00000|100%| O|  |TAMS 0x0000000080f00000, 0x0000000080e00000| Untracked 
|  15|0x0000000080f00000, 0x0000000081000000, 0x0000000081000000|100%| O|  |TAMS 0x0000000081000000, 0x0000000080f00000| Untracked 
|  16|0x0000000081000000, 0x0000000081100000, 0x0000000081100000|100%|HS|  |TAMS 0x0000000081100000, 0x0000000081000000| Complete 
|  17|0x0000000081100000, 0x0000000081200000, 0x0000000081200000|100%|HS|  |TAMS 0x0000000081200000, 0x0000000081100000| Complete 
|  18|0x0000000081200000, 0x0000000081300000, 0x0000000081300000|100%|HS|  |TAMS 0x0000000081300000, 0x0000000081200000| Complete 
|  19|0x0000000081300000, 0x0000000081400000, 0x0000000081400000|100%|HC|  |TAMS 0x0000000081400000, 0x0000000081300000| Complete 
|  20|0x0000000081400000, 0x0000000081500000, 0x0000000081500000|100%| O|  |TAMS 0x0000000081500000, 0x0000000081400000| Untracked 
|  21|0x0000000081500000, 0x0000000081600000, 0x0000000081600000|100%| O|  |TAMS 0x0000000081600000, 0x0000000081500000| Untracked 
|  22|0x0000000081600000, 0x0000000081700000, 0x0000000081700000|100%| O|  |TAMS 0x0000000081700000, 0x0000000081600000| Untracked 
|  23|0x0000000081700000, 0x0000000081800000, 0x0000000081800000|100%| O|  |TAMS 0x0000000081800000, 0x0000000081700000| Untracked 
|  24|0x0000000081800000, 0x0000000081900000, 0x0000000081900000|100%| O|  |TAMS 0x0000000081900000, 0x0000000081800000| Untracked 
|  25|0x0000000081900000, 0x0000000081a00000, 0x0000000081a00000|100%| O|  |TAMS 0x0000000081a00000, 0x0000000081900000| Untracked 
|  26|0x0000000081a00000, 0x0000000081b00000, 0x0000000081b00000|100%| O|  |TAMS 0x0000000081b00000, 0x0000000081a00000| Untracked 
|  27|0x0000000081b00000, 0x0000000081c00000, 0x0000000081c00000|100%| O|  |TAMS 0x0000000081c00000, 0x0000000081b00000| Untracked 
|  28|0x0000000081c00000, 0x0000000081d00000, 0x0000000081d00000|100%| O|  |TAMS 0x0000000081d00000, 0x0000000081c00000| Untracked 
|  29|0x0000000081d00000, 0x0000000081e00000, 0x0000000081e00000|100%| O|  |TAMS 0x0000000081e00000, 0x0000000081d00000| Untracked 
|  30|0x0000000081e00000, 0x0000000081f00000, 0x0000000081f00000|100%| O|  |TAMS 0x0000000081f00000, 0x0000000081e00000| Untracked 
|  31|0x0000000081f00000, 0x0000000082000000, 0x0000000082000000|100%| O|  |TAMS 0x0000000082000000, 0x0000000081f00000| Untracked 
|  32|0x0000000082000000, 0x0000000082100000, 0x0000000082100000|100%| O|  |TAMS 0x0000000082100000, 0x0000000082000000| Untracked 
|  33|0x0000000082100000, 0x0000000082200000, 0x0000000082200000|100%| O|  |TAMS 0x0000000082200000, 0x0000000082100000| Untracked 
|  34|0x0000000082200000, 0x0000000082300000, 0x0000000082300000|100%| O|  |TAMS 0x0000000082300000, 0x0000000082200000| Untracked 
|  35|0x0000000082300000, 0x0000000082400000, 0x0000000082400000|100%| O|  |TAMS 0x0000000082400000, 0x0000000082300000| Untracked 
|  36|0x0000000082400000, 0x0000000082500000, 0x0000000082500000|100%| O|  |TAMS 0x0000000082500000, 0x0000000082400000| Untracked 
|  37|0x0000000082500000, 0x0000000082600000, 0x0000000082600000|100%| O|  |TAMS 0x0000000082600000, 0x0000000082500000| Untracked 
|  38|0x0000000082600000, 0x0000000082700000, 0x0000000082700000|100%| O|  |TAMS 0x0000000082700000, 0x0000000082600000| Untracked 
|  39|0x0000000082700000, 0x0000000082800000, 0x0000000082800000|100%| O|  |TAMS 0x0000000082800000, 0x0000000082700000| Untracked 
|  40|0x0000000082800000, 0x0000000082900000, 0x0000000082900000|100%| O|  |TAMS 0x0000000082900000, 0x0000000082800000| Untracked 
|  41|0x0000000082900000, 0x0000000082a00000, 0x0000000082a00000|100%| O|  |TAMS 0x0000000082a00000, 0x0000000082900000| Untracked 
|  42|0x0000000082a00000, 0x0000000082b00000, 0x0000000082b00000|100%| O|  |TAMS 0x0000000082b00000, 0x0000000082a00000| Untracked 
|  43|0x0000000082b00000, 0x0000000082c00000, 0x0000000082c00000|100%| O|  |TAMS 0x0000000082c00000, 0x0000000082b00000| Untracked 
|  44|0x0000000082c00000, 0x0000000082d00000, 0x0000000082d00000|100%| O|  |TAMS 0x0000000082d00000, 0x0000000082c00000| Untracked 
|  45|0x0000000082d00000, 0x0000000082e00000, 0x0000000082e00000|100%| O|  |TAMS 0x0000000082e00000, 0x0000000082d00000| Untracked 
|  46|0x0000000082e00000, 0x0000000082f00000, 0x0000000082f00000|100%| O|  |TAMS 0x0000000082f00000, 0x0000000082e00000| Untracked 
|  47|0x0000000082f00000, 0x0000000083000000, 0x0000000083000000|100%| O|  |TAMS 0x0000000083000000, 0x0000000082f00000| Untracked 
|  48|0x0000000083000000, 0x0000000083100000, 0x0000000083100000|100%| O|  |TAMS 0x0000000083100000, 0x0000000083000000| Untracked 
|  49|0x0000000083100000, 0x0000000083200000, 0x0000000083200000|100%| O|  |TAMS 0x0000000083200000, 0x0000000083100000| Untracked 
|  50|0x0000000083200000, 0x0000000083300000, 0x0000000083300000|100%| O|  |TAMS 0x0000000083300000, 0x0000000083200000| Untracked 
|  51|0x0000000083300000, 0x0000000083400000, 0x0000000083400000|100%| O|  |TAMS 0x0000000083400000, 0x0000000083300000| Untracked 
|  52|0x0000000083400000, 0x0000000083500000, 0x0000000083500000|100%| O|  |TAMS 0x0000000083500000, 0x0000000083400000| Untracked 
|  53|0x0000000083500000, 0x0000000083600000, 0x0000000083600000|100%| O|  |TAMS 0x0000000083600000, 0x0000000083500000| Untracked 
|  54|0x0000000083600000, 0x0000000083700000, 0x0000000083700000|100%| O|  |TAMS 0x0000000083700000, 0x0000000083600000| Untracked 
|  55|0x0000000083700000, 0x0000000083800000, 0x0000000083800000|100%| O|  |TAMS 0x0000000083800000, 0x0000000083700000| Untracked 
|  56|0x0000000083800000, 0x0000000083900000, 0x0000000083900000|100%| O|  |TAMS 0x0000000083900000, 0x0000000083800000| Untracked 
|  57|0x0000000083900000, 0x0000000083a00000, 0x0000000083a00000|100%| O|  |TAMS 0x0000000083a00000, 0x0000000083900000| Untracked 
|  58|0x0000000083a00000, 0x0000000083b00000, 0x0000000083b00000|100%| O|  |TAMS 0x0000000083b00000, 0x0000000083a00000| Untracked 
|  59|0x0000000083b00000, 0x0000000083c00000, 0x0000000083c00000|100%| O|  |TAMS 0x0000000083c00000, 0x0000000083b00000| Untracked 
|  60|0x0000000083c00000, 0x0000000083d00000, 0x0000000083d00000|100%| O|  |TAMS 0x0000000083d00000, 0x0000000083c00000| Untracked 
|  61|0x0000000083d00000, 0x0000000083e00000, 0x0000000083e00000|100%| O|  |TAMS 0x0000000083e00000, 0x0000000083d00000| Untracked 
|  62|0x0000000083e00000, 0x0000000083f00000, 0x0000000083f00000|100%| O|  |TAMS 0x0000000083f00000, 0x0000000083e00000| Untracked 
|  63|0x0000000083f00000, 0x0000000084000000, 0x0000000084000000|100%| O|  |TAMS 0x0000000084000000, 0x0000000083f00000| Untracked 
|  64|0x0000000084000000, 0x0000000084100000, 0x0000000084100000|100%| O|  |TAMS 0x0000000084100000, 0x0000000084000000| Untracked 
|  65|0x0000000084100000, 0x0000000084200000, 0x0000000084200000|100%| O|  |TAMS 0x0000000084200000, 0x0000000084100000| Untracked 
|  66|0x0000000084200000, 0x0000000084300000, 0x0000000084300000|100%| O|  |TAMS 0x0000000084300000, 0x0000000084200000| Untracked 
|  67|0x0000000084300000, 0x0000000084400000, 0x0000000084400000|100%| O|  |TAMS 0x0000000084400000, 0x0000000084300000| Untracked 
|  68|0x0000000084400000, 0x0000000084500000, 0x0000000084500000|100%| O|  |TAMS 0x0000000084500000, 0x0000000084400000| Untracked 
|  69|0x0000000084500000, 0x0000000084600000, 0x0000000084600000|100%| O|  |TAMS 0x0000000084600000, 0x0000000084500000| Untracked 
|  70|0x0000000084600000, 0x0000000084700000, 0x0000000084700000|100%| O|  |TAMS 0x0000000084700000, 0x0000000084600000| Untracked 
|  71|0x0000000084700000, 0x0000000084800000, 0x0000000084800000|100%| O|  |TAMS 0x0000000084800000, 0x0000000084700000| Untracked 
|  72|0x0000000084800000, 0x0000000084900000, 0x0000000084900000|100%| O|  |TAMS 0x0000000084900000, 0x0000000084800000| Untracked 
|  73|0x0000000084900000, 0x0000000084a00000, 0x0000000084a00000|100%| O|  |TAMS 0x0000000084a00000, 0x0000000084900000| Untracked 
|  74|0x0000000084a00000, 0x0000000084b00000, 0x0000000084b00000|100%| O|  |TAMS 0x0000000084b00000, 0x0000000084a00000| Untracked 
|  75|0x0000000084b00000, 0x0000000084c00000, 0x0000000084c00000|100%| O|  |TAMS 0x0000000084c00000, 0x0000000084b00000| Untracked 
|  76|0x0000000084c00000, 0x0000000084d00000, 0x0000000084d00000|100%| O|  |TAMS 0x0000000084d00000, 0x0000000084c00000| Untracked 
|  77|0x0000000084d00000, 0x0000000084d00000, 0x0000000084e00000|  0%| F|  |TAMS 0x0000000084d00000, 0x0000000084d00000| Untracked 
|  78|0x0000000084e00000, 0x0000000084e00000, 0x0000000084f00000|  0%| F|  |TAMS 0x0000000084e00000, 0x0000000084e00000| Untracked 
|  79|0x0000000084f00000, 0x0000000084f00000, 0x0000000085000000|  0%| F|  |TAMS 0x0000000084f00000, 0x0000000084f00000| Untracked 
|  80|0x0000000085000000, 0x0000000085000000, 0x0000000085100000|  0%| F|  |TAMS 0x0000000085000000, 0x0000000085000000| Untracked 
|  81|0x0000000085100000, 0x0000000085100000, 0x0000000085200000|  0%| F|  |TAMS 0x0000000085100000, 0x0000000085100000| Untracked 
|  82|0x0000000085200000, 0x0000000085200000, 0x0000000085300000|  0%| F|  |TAMS 0x0000000085200000, 0x0000000085200000| Untracked 
|  83|0x0000000085300000, 0x0000000085300000, 0x0000000085400000|  0%| F|  |TAMS 0x0000000085300000, 0x0000000085300000| Untracked 
|  84|0x0000000085400000, 0x0000000085400000, 0x0000000085500000|  0%| F|  |TAMS 0x0000000085400000, 0x0000000085400000| Untracked 
|  85|0x0000000085500000, 0x0000000085500000, 0x0000000085600000|  0%| F|  |TAMS 0x0000000085500000, 0x0000000085500000| Untracked 
|  86|0x0000000085600000, 0x0000000085600000, 0x0000000085700000|  0%| F|  |TAMS 0x0000000085600000, 0x0000000085600000| Untracked 
|  87|0x0000000085700000, 0x0000000085700000, 0x0000000085800000|  0%| F|  |TAMS 0x0000000085700000, 0x0000000085700000| Untracked 
|  88|0x0000000085800000, 0x0000000085800000, 0x0000000085900000|  0%| F|  |TAMS 0x0000000085800000, 0x0000000085800000| Untracked 
|  89|0x0000000085900000, 0x0000000085900000, 0x0000000085a00000|  0%| F|  |TAMS 0x0000000085900000, 0x0000000085900000| Untracked 
|  90|0x0000000085a00000, 0x0000000085a00000, 0x0000000085b00000|  0%| F|  |TAMS 0x0000000085a00000, 0x0000000085a00000| Untracked 
|  91|0x0000000085b00000, 0x0000000085b00000, 0x0000000085c00000|  0%| F|  |TAMS 0x0000000085b00000, 0x0000000085b00000| Untracked 
|  92|0x0000000085c00000, 0x0000000085c00000, 0x0000000085d00000|  0%| F|  |TAMS 0x0000000085c00000, 0x0000000085c00000| Untracked 
|  93|0x0000000085d00000, 0x0000000085d00000, 0x0000000085e00000|  0%| F|  |TAMS 0x0000000085d00000, 0x0000000085d00000| Untracked 
|  94|0x0000000085e00000, 0x0000000085e00000, 0x0000000085f00000|  0%| F|  |TAMS 0x0000000085e00000, 0x0000000085e00000| Untracked 
|  95|0x0000000085f00000, 0x0000000085f00000, 0x0000000086000000|  0%| F|  |TAMS 0x0000000085f00000, 0x0000000085f00000| Untracked 
|  96|0x0000000086000000, 0x0000000086000000, 0x0000000086100000|  0%| F|  |TAMS 0x0000000086000000, 0x0000000086000000| Untracked 
|  97|0x0000000086100000, 0x0000000086100000, 0x0000000086200000|  0%| F|  |TAMS 0x0000000086100000, 0x0000000086100000| Untracked 
|  98|0x0000000086200000, 0x0000000086200000, 0x0000000086300000|  0%| F|  |TAMS 0x0000000086200000, 0x0000000086200000| Untracked 
|  99|0x0000000086300000, 0x0000000086300000, 0x0000000086400000|  0%| F|  |TAMS 0x0000000086300000, 0x0000000086300000| Untracked 
| 100|0x0000000086400000, 0x0000000086400000, 0x0000000086500000|  0%| F|  |TAMS 0x0000000086400000, 0x0000000086400000| Untracked 
| 101|0x0000000086500000, 0x0000000086500000, 0x0000000086600000|  0%| F|  |TAMS 0x0000000086500000, 0x0000000086500000| Untracked 
| 102|0x0000000086600000, 0x0000000086600000, 0x0000000086700000|  0%| F|  |TAMS 0x0000000086600000, 0x0000000086600000| Untracked 
| 103|0x0000000086700000, 0x0000000086700000, 0x0000000086800000|  0%| F|  |TAMS 0x0000000086700000, 0x0000000086700000| Untracked 
| 104|0x0000000086800000, 0x0000000086800000, 0x0000000086900000|  0%| F|  |TAMS 0x0000000086800000, 0x0000000086800000| Untracked 
| 105|0x0000000086900000, 0x0000000086900000, 0x0000000086a00000|  0%| F|  |TAMS 0x0000000086900000, 0x0000000086900000| Untracked 
| 106|0x0000000086a00000, 0x0000000086a00000, 0x0000000086b00000|  0%| F|  |TAMS 0x0000000086a00000, 0x0000000086a00000| Untracked 
| 107|0x0000000086b00000, 0x0000000086b00000, 0x0000000086c00000|  0%| F|  |TAMS 0x0000000086b00000, 0x0000000086b00000| Untracked 
| 108|0x0000000086c00000, 0x0000000086c00000, 0x0000000086d00000|  0%| F|  |TAMS 0x0000000086c00000, 0x0000000086c00000| Untracked 
| 109|0x0000000086d00000, 0x0000000086d00000, 0x0000000086e00000|  0%| F|  |TAMS 0x0000000086d00000, 0x0000000086d00000| Untracked 
| 110|0x0000000086e00000, 0x0000000086e00000, 0x0000000086f00000|  0%| F|  |TAMS 0x0000000086e00000, 0x0000000086e00000| Untracked 
| 111|0x0000000086f00000, 0x0000000086f00000, 0x0000000087000000|  0%| F|  |TAMS 0x0000000086f00000, 0x0000000086f00000| Untracked 
| 112|0x0000000087000000, 0x0000000087000000, 0x0000000087100000|  0%| F|  |TAMS 0x0000000087000000, 0x0000000087000000| Untracked 
| 113|0x0000000087100000, 0x0000000087100000, 0x0000000087200000|  0%| F|  |TAMS 0x0000000087100000, 0x0000000087100000| Untracked 
| 114|0x0000000087200000, 0x0000000087200000, 0x0000000087300000|  0%| F|  |TAMS 0x0000000087200000, 0x0000000087200000| Untracked 
| 115|0x0000000087300000, 0x0000000087400000, 0x0000000087400000|100%| O|  |TAMS 0x0000000087400000, 0x0000000087300000| Untracked 
| 116|0x0000000087400000, 0x0000000087500000, 0x0000000087500000|100%| O|  |TAMS 0x0000000087500000, 0x0000000087400000| Untracked 
| 117|0x0000000087500000, 0x0000000087600000, 0x0000000087600000|100%| O|  |TAMS 0x0000000087600000, 0x0000000087500000| Untracked 
| 118|0x0000000087600000, 0x0000000087700000, 0x0000000087700000|100%| O|  |TAMS 0x0000000087700000, 0x0000000087600000| Untracked 
| 119|0x0000000087700000, 0x0000000087800000, 0x0000000087800000|100%| O|  |TAMS 0x0000000087800000, 0x0000000087700000| Untracked 
| 120|0x0000000087800000, 0x0000000087900000, 0x0000000087900000|100%| O|  |TAMS 0x0000000087900000, 0x0000000087800000| Untracked 
| 121|0x0000000087900000, 0x0000000087927200, 0x0000000087a00000| 15%| O|  |TAMS 0x0000000087927200, 0x0000000087900000| Untracked 
| 122|0x0000000087a00000, 0x0000000087a00000, 0x0000000087b00000|  0%| F|  |TAMS 0x0000000087a00000, 0x0000000087a00000| Untracked 
| 123|0x0000000087b00000, 0x0000000087b00000, 0x0000000087c00000|  0%| F|  |TAMS 0x0000000087b00000, 0x0000000087b00000| Untracked 
| 124|0x0000000087c00000, 0x0000000087c00000, 0x0000000087d00000|  0%| F|  |TAMS 0x0000000087c00000, 0x0000000087c00000| Untracked 
| 125|0x0000000087d00000, 0x0000000087d00000, 0x0000000087e00000|  0%| F|  |TAMS 0x0000000087d00000, 0x0000000087d00000| Untracked 
| 126|0x0000000087e00000, 0x0000000087e00000, 0x0000000087f00000|  0%| F|  |TAMS 0x0000000087e00000, 0x0000000087e00000| Untracked 
| 127|0x0000000087f00000, 0x0000000087f00000, 0x0000000088000000|  0%| F|  |TAMS 0x0000000087f00000, 0x0000000087f00000| Untracked 
| 128|0x0000000088000000, 0x0000000088000000, 0x0000000088100000|  0%| F|  |TAMS 0x0000000088000000, 0x0000000088000000| Untracked 
| 129|0x0000000088100000, 0x0000000088100000, 0x0000000088200000|  0%| F|  |TAMS 0x0000000088100000, 0x0000000088100000| Untracked 
| 130|0x0000000088200000, 0x0000000088200000, 0x0000000088300000|  0%| F|  |TAMS 0x0000000088200000, 0x0000000088200000| Untracked 
| 131|0x0000000088300000, 0x0000000088300000, 0x0000000088400000|  0%| F|  |TAMS 0x0000000088300000, 0x0000000088300000| Untracked 
| 132|0x0000000088400000, 0x0000000088400000, 0x0000000088500000|  0%| F|  |TAMS 0x0000000088400000, 0x0000000088400000| Untracked 
| 133|0x0000000088500000, 0x0000000088500000, 0x0000000088600000|  0%| F|  |TAMS 0x0000000088500000, 0x0000000088500000| Untracked 
| 134|0x0000000088600000, 0x0000000088600000, 0x0000000088700000|  0%| F|  |TAMS 0x0000000088600000, 0x0000000088600000| Untracked 
| 135|0x0000000088700000, 0x0000000088700000, 0x0000000088800000|  0%| F|  |TAMS 0x0000000088700000, 0x0000000088700000| Untracked 
| 136|0x0000000088800000, 0x0000000088800000, 0x0000000088900000|  0%| F|  |TAMS 0x0000000088800000, 0x0000000088800000| Untracked 
| 137|0x0000000088900000, 0x0000000088900000, 0x0000000088a00000|  0%| F|  |TAMS 0x0000000088900000, 0x0000000088900000| Untracked 
| 138|0x0000000088a00000, 0x0000000088a00000, 0x0000000088b00000|  0%| F|  |TAMS 0x0000000088a00000, 0x0000000088a00000| Untracked 
| 139|0x0000000088b00000, 0x0000000088b00000, 0x0000000088c00000|  0%| F|  |TAMS 0x0000000088b00000, 0x0000000088b00000| Untracked 
| 140|0x0000000088c00000, 0x0000000088c00000, 0x0000000088d00000|  0%| F|  |TAMS 0x0000000088c00000, 0x0000000088c00000| Untracked 
| 141|0x0000000088d00000, 0x0000000088d00000, 0x0000000088e00000|  0%| F|  |TAMS 0x0000000088d00000, 0x0000000088d00000| Untracked 
| 142|0x0000000088e00000, 0x0000000088e00000, 0x0000000088f00000|  0%| F|  |TAMS 0x0000000088e00000, 0x0000000088e00000| Untracked 
| 143|0x0000000088f00000, 0x0000000088f00000, 0x0000000089000000|  0%| F|  |TAMS 0x0000000088f00000, 0x0000000088f00000| Untracked 
| 144|0x0000000089000000, 0x0000000089000000, 0x0000000089100000|  0%| F|  |TAMS 0x0000000089000000, 0x0000000089000000| Untracked 
| 145|0x0000000089100000, 0x0000000089100000, 0x0000000089200000|  0%| F|  |TAMS 0x0000000089100000, 0x0000000089100000| Untracked 
| 146|0x0000000089200000, 0x0000000089200000, 0x0000000089300000|  0%| F|  |TAMS 0x0000000089200000, 0x0000000089200000| Untracked 
| 147|0x0000000089300000, 0x0000000089300000, 0x0000000089400000|  0%| F|  |TAMS 0x0000000089300000, 0x0000000089300000| Untracked 
| 148|0x0000000089400000, 0x0000000089400000, 0x0000000089500000|  0%| F|  |TAMS 0x0000000089400000, 0x0000000089400000| Untracked 
| 149|0x0000000089500000, 0x0000000089500000, 0x0000000089600000|  0%| F|  |TAMS 0x0000000089500000, 0x0000000089500000| Untracked 
| 150|0x0000000089600000, 0x0000000089600000, 0x0000000089700000|  0%| F|  |TAMS 0x0000000089600000, 0x0000000089600000| Untracked 
| 151|0x0000000089700000, 0x0000000089700000, 0x0000000089800000|  0%| F|  |TAMS 0x0000000089700000, 0x0000000089700000| Untracked 
| 152|0x0000000089800000, 0x0000000089800000, 0x0000000089900000|  0%| F|  |TAMS 0x0000000089800000, 0x0000000089800000| Untracked 
| 153|0x0000000089900000, 0x0000000089900000, 0x0000000089a00000|  0%| F|  |TAMS 0x0000000089900000, 0x0000000089900000| Untracked 
| 154|0x0000000089a00000, 0x0000000089a00000, 0x0000000089b00000|  0%| F|  |TAMS 0x0000000089a00000, 0x0000000089a00000| Untracked 
| 155|0x0000000089b00000, 0x0000000089b00000, 0x0000000089c00000|  0%| F|  |TAMS 0x0000000089b00000, 0x0000000089b00000| Untracked 
| 156|0x0000000089c00000, 0x0000000089c00000, 0x0000000089d00000|  0%| F|  |TAMS 0x0000000089c00000, 0x0000000089c00000| Untracked 
| 157|0x0000000089d00000, 0x0000000089d00000, 0x0000000089e00000|  0%| F|  |TAMS 0x0000000089d00000, 0x0000000089d00000| Untracked 
| 158|0x0000000089e00000, 0x0000000089e00000, 0x0000000089f00000|  0%| F|  |TAMS 0x0000000089e00000, 0x0000000089e00000| Untracked 
| 159|0x0000000089f00000, 0x0000000089f00000, 0x000000008a000000|  0%| F|  |TAMS 0x0000000089f00000, 0x0000000089f00000| Untracked 
| 160|0x000000008a000000, 0x000000008a100000, 0x000000008a100000|100%| S|CS|TAMS 0x000000008a000000, 0x000000008a000000| Complete 
| 161|0x000000008a100000, 0x000000008a200000, 0x000000008a200000|100%| S|CS|TAMS 0x000000008a100000, 0x000000008a100000| Complete 
| 162|0x000000008a200000, 0x000000008a300000, 0x000000008a300000|100%| S|CS|TAMS 0x000000008a200000, 0x000000008a200000| Complete 
| 163|0x000000008a300000, 0x000000008a400000, 0x000000008a400000|100%| S|CS|TAMS 0x000000008a300000, 0x000000008a300000| Complete 
| 164|0x000000008a400000, 0x000000008a500000, 0x000000008a500000|100%| S|CS|TAMS 0x000000008a400000, 0x000000008a400000| Complete 
| 165|0x000000008a500000, 0x000000008a500000, 0x000000008a600000|  0%| F|  |TAMS 0x000000008a500000, 0x000000008a500000| Untracked 
| 166|0x000000008a600000, 0x000000008a600000, 0x000000008a700000|  0%| F|  |TAMS 0x000000008a600000, 0x000000008a600000| Untracked 
| 167|0x000000008a700000, 0x000000008a700000, 0x000000008a800000|  0%| F|  |TAMS 0x000000008a700000, 0x000000008a700000| Untracked 
| 168|0x000000008a800000, 0x000000008a800000, 0x000000008a900000|  0%| F|  |TAMS 0x000000008a800000, 0x000000008a800000| Untracked 
| 169|0x000000008a900000, 0x000000008a900000, 0x000000008aa00000|  0%| F|  |TAMS 0x000000008a900000, 0x000000008a900000| Untracked 
| 170|0x000000008aa00000, 0x000000008aa00000, 0x000000008ab00000|  0%| F|  |TAMS 0x000000008aa00000, 0x000000008aa00000| Untracked 
| 171|0x000000008ab00000, 0x000000008ab00000, 0x000000008ac00000|  0%| F|  |TAMS 0x000000008ab00000, 0x000000008ab00000| Untracked 
| 172|0x000000008ac00000, 0x000000008ac00000, 0x000000008ad00000|  0%| F|  |TAMS 0x000000008ac00000, 0x000000008ac00000| Untracked 
| 173|0x000000008ad00000, 0x000000008ad00000, 0x000000008ae00000|  0%| F|  |TAMS 0x000000008ad00000, 0x000000008ad00000| Untracked 
| 174|0x000000008ae00000, 0x000000008ae00000, 0x000000008af00000|  0%| F|  |TAMS 0x000000008ae00000, 0x000000008ae00000| Untracked 
| 175|0x000000008af00000, 0x000000008af00000, 0x000000008b000000|  0%| F|  |TAMS 0x000000008af00000, 0x000000008af00000| Untracked 
| 176|0x000000008b000000, 0x000000008b000000, 0x000000008b100000|  0%| F|  |TAMS 0x000000008b000000, 0x000000008b000000| Untracked 
| 177|0x000000008b100000, 0x000000008b100000, 0x000000008b200000|  0%| F|  |TAMS 0x000000008b100000, 0x000000008b100000| Untracked 
| 178|0x000000008b200000, 0x000000008b200000, 0x000000008b300000|  0%| F|  |TAMS 0x000000008b200000, 0x000000008b200000| Untracked 
| 179|0x000000008b300000, 0x000000008b300000, 0x000000008b400000|  0%| F|  |TAMS 0x000000008b300000, 0x000000008b300000| Untracked 
| 180|0x000000008b400000, 0x000000008b400000, 0x000000008b500000|  0%| F|  |TAMS 0x000000008b400000, 0x000000008b400000| Untracked 
| 181|0x000000008b500000, 0x000000008b500000, 0x000000008b600000|  0%| F|  |TAMS 0x000000008b500000, 0x000000008b500000| Untracked 
| 182|0x000000008b600000, 0x000000008b600000, 0x000000008b700000|  0%| F|  |TAMS 0x000000008b600000, 0x000000008b600000| Untracked 
| 183|0x000000008b700000, 0x000000008b700000, 0x000000008b800000|  0%| F|  |TAMS 0x000000008b700000, 0x000000008b700000| Untracked 
| 184|0x000000008b800000, 0x000000008b800000, 0x000000008b900000|  0%| F|  |TAMS 0x000000008b800000, 0x000000008b800000| Untracked 
| 185|0x000000008b900000, 0x000000008b900000, 0x000000008ba00000|  0%| F|  |TAMS 0x000000008b900000, 0x000000008b900000| Untracked 
| 186|0x000000008ba00000, 0x000000008ba00000, 0x000000008bb00000|  0%| F|  |TAMS 0x000000008ba00000, 0x000000008ba00000| Untracked 
| 187|0x000000008bb00000, 0x000000008bb00000, 0x000000008bc00000|  0%| F|  |TAMS 0x000000008bb00000, 0x000000008bb00000| Untracked 
| 188|0x000000008bc00000, 0x000000008bc00000, 0x000000008bd00000|  0%| F|  |TAMS 0x000000008bc00000, 0x000000008bc00000| Untracked 
| 189|0x000000008bd00000, 0x000000008bd00000, 0x000000008be00000|  0%| F|  |TAMS 0x000000008bd00000, 0x000000008bd00000| Untracked 
| 190|0x000000008be00000, 0x000000008be00000, 0x000000008bf00000|  0%| F|  |TAMS 0x000000008be00000, 0x000000008be00000| Untracked 
| 191|0x000000008bf00000, 0x000000008bf00000, 0x000000008c000000|  0%| F|  |TAMS 0x000000008bf00000, 0x000000008bf00000| Untracked 
| 192|0x000000008c000000, 0x000000008c000000, 0x000000008c100000|  0%| F|  |TAMS 0x000000008c000000, 0x000000008c000000| Untracked 
| 193|0x000000008c100000, 0x000000008c100000, 0x000000008c200000|  0%| F|  |TAMS 0x000000008c100000, 0x000000008c100000| Untracked 
| 194|0x000000008c200000, 0x000000008c200000, 0x000000008c300000|  0%| F|  |TAMS 0x000000008c200000, 0x000000008c200000| Untracked 
| 195|0x000000008c300000, 0x000000008c300000, 0x000000008c400000|  0%| F|  |TAMS 0x000000008c300000, 0x000000008c300000| Untracked 
| 196|0x000000008c400000, 0x000000008c400000, 0x000000008c500000|  0%| F|  |TAMS 0x000000008c400000, 0x000000008c400000| Untracked 
| 197|0x000000008c500000, 0x000000008c500000, 0x000000008c600000|  0%| F|  |TAMS 0x000000008c500000, 0x000000008c500000| Untracked 
| 198|0x000000008c600000, 0x000000008c600000, 0x000000008c700000|  0%| F|  |TAMS 0x000000008c600000, 0x000000008c600000| Untracked 
| 199|0x000000008c700000, 0x000000008c700000, 0x000000008c800000|  0%| F|  |TAMS 0x000000008c700000, 0x000000008c700000| Untracked 
| 200|0x000000008c800000, 0x000000008c800000, 0x000000008c900000|  0%| F|  |TAMS 0x000000008c800000, 0x000000008c800000| Untracked 
| 201|0x000000008c900000, 0x000000008c900000, 0x000000008ca00000|  0%| F|  |TAMS 0x000000008c900000, 0x000000008c900000| Untracked 
| 202|0x000000008ca00000, 0x000000008ca00000, 0x000000008cb00000|  0%| F|  |TAMS 0x000000008ca00000, 0x000000008ca00000| Untracked 
| 203|0x000000008cb00000, 0x000000008cb00000, 0x000000008cc00000|  0%| F|  |TAMS 0x000000008cb00000, 0x000000008cb00000| Untracked 
| 204|0x000000008cc00000, 0x000000008cc00000, 0x000000008cd00000|  0%| F|  |TAMS 0x000000008cc00000, 0x000000008cc00000| Untracked 
| 205|0x000000008cd00000, 0x000000008cd00000, 0x000000008ce00000|  0%| F|  |TAMS 0x000000008cd00000, 0x000000008cd00000| Untracked 
| 206|0x000000008ce00000, 0x000000008ce00000, 0x000000008cf00000|  0%| F|  |TAMS 0x000000008ce00000, 0x000000008ce00000| Untracked 
| 207|0x000000008cf00000, 0x000000008cf00000, 0x000000008d000000|  0%| F|  |TAMS 0x000000008cf00000, 0x000000008cf00000| Untracked 
| 208|0x000000008d000000, 0x000000008d000000, 0x000000008d100000|  0%| F|  |TAMS 0x000000008d000000, 0x000000008d000000| Untracked 
| 209|0x000000008d100000, 0x000000008d100000, 0x000000008d200000|  0%| F|  |TAMS 0x000000008d100000, 0x000000008d100000| Untracked 
| 210|0x000000008d200000, 0x000000008d200000, 0x000000008d300000|  0%| F|  |TAMS 0x000000008d200000, 0x000000008d200000| Untracked 
| 211|0x000000008d300000, 0x000000008d300000, 0x000000008d400000|  0%| F|  |TAMS 0x000000008d300000, 0x000000008d300000| Untracked 
| 212|0x000000008d400000, 0x000000008d400000, 0x000000008d500000|  0%| F|  |TAMS 0x000000008d400000, 0x000000008d400000| Untracked 
| 213|0x000000008d500000, 0x000000008d500000, 0x000000008d600000|  0%| F|  |TAMS 0x000000008d500000, 0x000000008d500000| Untracked 
| 214|0x000000008d600000, 0x000000008d600000, 0x000000008d700000|  0%| F|  |TAMS 0x000000008d600000, 0x000000008d600000| Untracked 
| 215|0x000000008d700000, 0x000000008d700000, 0x000000008d800000|  0%| F|  |TAMS 0x000000008d700000, 0x000000008d700000| Untracked 
| 216|0x000000008d800000, 0x000000008d800000, 0x000000008d900000|  0%| F|  |TAMS 0x000000008d800000, 0x000000008d800000| Untracked 
| 217|0x000000008d900000, 0x000000008d900000, 0x000000008da00000|  0%| F|  |TAMS 0x000000008d900000, 0x000000008d900000| Untracked 
| 218|0x000000008da00000, 0x000000008da00000, 0x000000008db00000|  0%| F|  |TAMS 0x000000008da00000, 0x000000008da00000| Untracked 
| 219|0x000000008db00000, 0x000000008db00000, 0x000000008dc00000|  0%| F|  |TAMS 0x000000008db00000, 0x000000008db00000| Untracked 
| 220|0x000000008dc00000, 0x000000008dc00000, 0x000000008dd00000|  0%| F|  |TAMS 0x000000008dc00000, 0x000000008dc00000| Untracked 
| 221|0x000000008dd00000, 0x000000008dd00000, 0x000000008de00000|  0%| F|  |TAMS 0x000000008dd00000, 0x000000008dd00000| Untracked 
| 222|0x000000008de00000, 0x000000008de00000, 0x000000008df00000|  0%| F|  |TAMS 0x000000008de00000, 0x000000008de00000| Untracked 
| 223|0x000000008df00000, 0x000000008dfa0650, 0x000000008e000000| 62%| E|  |TAMS 0x000000008df00000, 0x000000008df00000| Complete 
| 224|0x000000008e000000, 0x000000008e100000, 0x000000008e100000|100%| E|CS|TAMS 0x000000008e000000, 0x000000008e000000| Complete 
| 225|0x000000008e100000, 0x000000008e200000, 0x000000008e200000|100%| E|CS|TAMS 0x000000008e100000, 0x000000008e100000| Complete 
| 226|0x000000008e200000, 0x000000008e300000, 0x000000008e300000|100%| E|CS|TAMS 0x000000008e200000, 0x000000008e200000| Complete 
| 227|0x000000008e300000, 0x000000008e400000, 0x000000008e400000|100%| E|CS|TAMS 0x000000008e300000, 0x000000008e300000| Complete 
| 228|0x000000008e400000, 0x000000008e500000, 0x000000008e500000|100%| E|CS|TAMS 0x000000008e400000, 0x000000008e400000| Complete 
| 229|0x000000008e500000, 0x000000008e600000, 0x000000008e600000|100%| E|CS|TAMS 0x000000008e500000, 0x000000008e500000| Complete 
| 230|0x000000008e600000, 0x000000008e700000, 0x000000008e700000|100%| E|CS|TAMS 0x000000008e600000, 0x000000008e600000| Complete 
| 231|0x000000008e700000, 0x000000008e800000, 0x000000008e800000|100%| E|CS|TAMS 0x000000008e700000, 0x000000008e700000| Complete 
| 232|0x000000008e800000, 0x000000008e900000, 0x000000008e900000|100%| E|CS|TAMS 0x000000008e800000, 0x000000008e800000| Complete 
| 233|0x000000008e900000, 0x000000008ea00000, 0x000000008ea00000|100%| E|CS|TAMS 0x000000008e900000, 0x000000008e900000| Complete 
| 234|0x000000008ea00000, 0x000000008eb00000, 0x000000008eb00000|100%| E|CS|TAMS 0x000000008ea00000, 0x000000008ea00000| Complete 
| 235|0x000000008eb00000, 0x000000008ec00000, 0x000000008ec00000|100%| E|CS|TAMS 0x000000008eb00000, 0x000000008eb00000| Complete 
| 236|0x000000008ec00000, 0x000000008ed00000, 0x000000008ed00000|100%| E|CS|TAMS 0x000000008ec00000, 0x000000008ec00000| Complete 
| 237|0x000000008ed00000, 0x000000008ee00000, 0x000000008ee00000|100%| E|CS|TAMS 0x000000008ed00000, 0x000000008ed00000| Complete 
| 238|0x000000008ee00000, 0x000000008ef00000, 0x000000008ef00000|100%| E|CS|TAMS 0x000000008ee00000, 0x000000008ee00000| Complete 
| 239|0x000000008ef00000, 0x000000008f000000, 0x000000008f000000|100%| E|CS|TAMS 0x000000008ef00000, 0x000000008ef00000| Complete 
| 240|0x000000008f000000, 0x000000008f100000, 0x000000008f100000|100%| E|CS|TAMS 0x000000008f000000, 0x000000008f000000| Complete 
| 241|0x000000008f100000, 0x000000008f200000, 0x000000008f200000|100%| E|CS|TAMS 0x000000008f100000, 0x000000008f100000| Complete 
| 242|0x000000008f200000, 0x000000008f300000, 0x000000008f300000|100%| E|CS|TAMS 0x000000008f200000, 0x000000008f200000| Complete 
| 243|0x000000008f300000, 0x000000008f400000, 0x000000008f400000|100%| E|CS|TAMS 0x000000008f300000, 0x000000008f300000| Complete 
| 244|0x000000008f400000, 0x000000008f500000, 0x000000008f500000|100%| E|CS|TAMS 0x000000008f400000, 0x000000008f400000| Complete 
| 245|0x000000008f500000, 0x000000008f600000, 0x000000008f600000|100%| E|CS|TAMS 0x000000008f500000, 0x000000008f500000| Complete 
| 246|0x000000008f600000, 0x000000008f700000, 0x000000008f700000|100%| E|CS|TAMS 0x000000008f600000, 0x000000008f600000| Complete 
| 247|0x000000008f700000, 0x000000008f800000, 0x000000008f800000|100%| E|CS|TAMS 0x000000008f700000, 0x000000008f700000| Complete 
| 248|0x000000008f800000, 0x000000008f900000, 0x000000008f900000|100%| E|CS|TAMS 0x000000008f800000, 0x000000008f800000| Complete 
| 249|0x000000008f900000, 0x000000008fa00000, 0x000000008fa00000|100%| E|CS|TAMS 0x000000008f900000, 0x000000008f900000| Complete 
| 250|0x000000008fa00000, 0x000000008fb00000, 0x000000008fb00000|100%| E|CS|TAMS 0x000000008fa00000, 0x000000008fa00000| Complete 
| 251|0x000000008fb00000, 0x000000008fc00000, 0x000000008fc00000|100%| E|CS|TAMS 0x000000008fb00000, 0x000000008fb00000| Complete 
| 252|0x000000008fc00000, 0x000000008fd00000, 0x000000008fd00000|100%| E|CS|TAMS 0x000000008fc00000, 0x000000008fc00000| Complete 
| 253|0x000000008fd00000, 0x000000008fe00000, 0x000000008fe00000|100%| E|CS|TAMS 0x000000008fd00000, 0x000000008fd00000| Complete 

Card table byte_map: [0x000001a640990000,0x000001a640d90000] _byte_map_base: 0x000001a640590000

Marking Bits (Prev, Next): (CMBitMap*) 0x000001a62d7ae7f8, (CMBitMap*) 0x000001a62d7ae830
 Prev Bits: [0x000001a641190000, 0x000001a643190000)
 Next Bits: [0x000001a643190000, 0x000001a645190000)

Polling page: 0x000001a62b710000

Metaspace:

Usage:
  Non-class:     97.22 MB capacity,    95.25 MB ( 98%) used,     1.60 MB (  2%) free+waste,   369.75 KB ( <1%) overhead. 
      Class:     15.34 MB capacity,    14.18 MB ( 92%) used,     1.00 MB (  7%) free+waste,   165.81 KB (  1%) overhead. 
       Both:    112.55 MB capacity,   109.43 MB ( 97%) used,     2.60 MB (  2%) free+waste,   535.56 KB ( <1%) overhead. 

Virtual space:
  Non-class space:       98.00 MB reserved,      97.42 MB (>99%) committed 
      Class space:        1.00 GB reserved,      15.45 MB (  2%) committed 
             Both:        1.10 GB reserved,     112.87 MB ( 10%) committed 

Chunk freelists:
   Non-Class:  15.00 KB
       Class:  0 bytes
        Both:  15.00 KB

MaxMetaspaceSize: 17179869184.00 GB
CompressedClassSpaceSize: 1.00 GB

CodeHeap 'non-profiled nmethods': size=120000Kb used=10763Kb max_used=10763Kb free=109236Kb
 bounds [0x000001a638d30000, 0x000001a6397c0000, 0x000001a640260000]
CodeHeap 'profiled nmethods': size=120000Kb used=38515Kb max_used=38515Kb free=81485Kb
 bounds [0x000001a631800000, 0x000001a633da0000, 0x000001a638d30000]
CodeHeap 'non-nmethods': size=5760Kb used=2341Kb max_used=2402Kb free=3418Kb
 bounds [0x000001a631260000, 0x000001a6314d0000, 0x000001a631800000]
 total_blobs=17868 nmethods=16924 adapters=854
 compilation: enabled
              stopped_count=0, restarted_count=0
 full_count=0

Compilation events (20 events):
Event: 409.497 Thread 0x000001a6484ca000 nmethod 16988 0x000001a633d94790 code [0x000001a633d949a0, 0x000001a633d94e78]
Event: 409.497 Thread 0x000001a6484ca000 16989       3       com.android.build.gradle.internal.dependency.VariantDependencies$Companion::getComponentFilter (97 bytes)
Event: 409.497 Thread 0x000001a6484ca000 nmethod 16989 0x000001a633d95090 code [0x000001a633d95280, 0x000001a633d95628]
Event: 409.497 Thread 0x000001a6484ca000 16990       3       com.android.build.api.component.impl.AndroidTestImpl_Decorated::getVariantDslInfo (40 bytes)
Event: 409.498 Thread 0x000001a6484ca000 nmethod 16990 0x000001a633d95790 code [0x000001a633d959c0, 0x000001a633d960c8]
Event: 409.498 Thread 0x000001a6484ca000 16991       3       com.android.build.api.component.impl.AndroidTestImpl_Decorated::getName (40 bytes)
Event: 409.498 Thread 0x000001a6484ca000 nmethod 16991 0x000001a633d96310 code [0x000001a633d96560, 0x000001a633d96e48]
Event: 409.498 Thread 0x000001a6484ca000 16992       3       com.android.build.api.component.impl.AndroidTestImpl_Decorated::getServices (40 bytes)
Event: 409.499 Thread 0x000001a6484ca000 nmethod 16992 0x000001a633d97110 code [0x000001a633d97340, 0x000001a633d97a48]
Event: 409.499 Thread 0x000001a6484ca000 16993       3       org.gradle.plugin.use.internal.DefaultPluginId::unvalidated (9 bytes)
Event: 409.499 Thread 0x000001a6484ca000 nmethod 16993 0x000001a633d97c90 code [0x000001a633d97e60, 0x000001a633d980b8]
Event: 409.499 Thread 0x000001a6484ca000 16994       3       org.gradle.api.internal.artifacts.configurations.DefaultConfiguration::artifactCollection (66 bytes)
Event: 409.500 Thread 0x000001a6484ca000 nmethod 16994 0x000001a633d98190 code [0x000001a633d983c0, 0x000001a633d98c08]
Event: 409.500 Thread 0x000001a6484ca000 16995       3       org.gradle.api.internal.project.DefaultProject_Decorated::getLayout (31 bytes)
Event: 409.500 Thread 0x000001a6484ca000 nmethod 16995 0x000001a633d99010 code [0x000001a633d991e0, 0x000001a633d995c8]
Event: 409.501 Thread 0x000001a6484ca000 16996       3       org.gradle.api.internal.DefaultDomainObjectCollection::all (119 bytes)
Event: 409.502 Thread 0x000001a6484ca000 nmethod 16996 0x000001a633d99710 code [0x000001a633d99a60, 0x000001a633d9af18]
Event: 409.502 Thread 0x000001a6484ca000 16997   !   3       jdk.internal.reflect.GeneratedConstructorAccessor31::newInstance (61 bytes)
Event: 409.502 Thread 0x000001a6484ca000 nmethod 16997 0x000001a633d9b590 code [0x000001a633d9b840, 0x000001a633d9c648]
Event: 409.504 Thread 0x000001a6484ca000 16998   !   3       org.gradle.internal.metaobject.BeanDynamicObject$MetaClassAdapter::lookupProperty (47 bytes)

GC Heap History (20 events):
Event: 9.299 GC heap before
{Heap before GC invocations=8 (full 0):
 garbage-first heap   total 260096K, used 59189K [0x0000000080000000, 0x0000000100000000)
  region size 1024K, 34 young (34816K), 18 survivors (18432K)
 Metaspace       used 58643K, capacity 60162K, committed 60236K, reserved 1101824K
  class space    used 7442K, capacity 7994K, committed 8012K, reserved 1048576K
}
Event: 9.317 GC heap after
{Heap after GC invocations=9 (full 0):
 garbage-first heap   total 260096K, used 46646K [0x0000000080000000, 0x0000000100000000)
  region size 1024K, 3 young (3072K), 3 survivors (3072K)
 Metaspace       used 58643K, capacity 60162K, committed 60236K, reserved 1101824K
  class space    used 7442K, capacity 7994K, committed 8012K, reserved 1048576K
}
Event: 10.418 GC heap before
{Heap before GC invocations=10 (full 0):
 garbage-first heap   total 260096K, used 140854K [0x0000000080000000, 0x0000000100000000)
  region size 1024K, 95 young (97280K), 3 survivors (3072K)
 Metaspace       used 64831K, capacity 66497K, committed 66764K, reserved 1107968K
  class space    used 8263K, capacity 8831K, committed 8908K, reserved 1048576K
}
Event: 10.432 GC heap after
{Heap after GC invocations=11 (full 0):
 garbage-first heap   total 260096K, used 53533K [0x0000000080000000, 0x0000000100000000)
  region size 1024K, 10 young (10240K), 10 survivors (10240K)
 Metaspace       used 64831K, capacity 66497K, committed 66764K, reserved 1107968K
  class space    used 8263K, capacity 8831K, committed 8908K, reserved 1048576K
}
Event: 12.046 GC heap before
{Heap before GC invocations=12 (full 0):
 garbage-first heap   total 260096K, used 152861K [0x0000000080000000, 0x0000000100000000)
  region size 1024K, 107 young (109568K), 10 survivors (10240K)
 Metaspace       used 73816K, capacity 75632K, committed 75852K, reserved 1114112K
  class space    used 9614K, capacity 10286K, committed 10316K, reserved 1048576K
}
Event: 12.057 GC heap after
{Heap after GC invocations=13 (full 0):
 garbage-first heap   total 260096K, used 61178K [0x0000000080000000, 0x0000000100000000)
  region size 1024K, 8 young (8192K), 8 survivors (8192K)
 Metaspace       used 73816K, capacity 75632K, committed 75852K, reserved 1114112K
  class space    used 9614K, capacity 10286K, committed 10316K, reserved 1048576K
}
Event: 13.556 GC heap before
{Heap before GC invocations=13 (full 0):
 garbage-first heap   total 260096K, used 162554K [0x0000000080000000, 0x0000000100000000)
  region size 1024K, 108 young (110592K), 8 survivors (8192K)
 Metaspace       used 80752K, capacity 82768K, committed 82892K, reserved 1120256K
  class space    used 10604K, capacity 11366K, committed 11468K, reserved 1048576K
}
Event: 13.568 GC heap after
{Heap after GC invocations=14 (full 0):
 garbage-first heap   total 260096K, used 69109K [0x0000000080000000, 0x0000000100000000)
  region size 1024K, 8 young (8192K), 8 survivors (8192K)
 Metaspace       used 80752K, capacity 82768K, committed 82892K, reserved 1120256K
  class space    used 10604K, capacity 11366K, committed 11468K, reserved 1048576K
}
Event: 14.805 GC heap before
{Heap before GC invocations=14 (full 0):
 garbage-first heap   total 260096K, used 172533K [0x0000000080000000, 0x0000000100000000)
  region size 1024K, 110 young (112640K), 8 survivors (8192K)
 Metaspace       used 84623K, capacity 86854K, committed 86988K, reserved 1124352K
  class space    used 11011K, capacity 11846K, committed 11980K, reserved 1048576K
}
Event: 14.816 GC heap after
{Heap after GC invocations=15 (full 0):
 garbage-first heap   total 260096K, used 75961K [0x0000000080000000, 0x0000000100000000)
  region size 1024K, 14 young (14336K), 14 survivors (14336K)
 Metaspace       used 84623K, capacity 86854K, committed 86988K, reserved 1124352K
  class space    used 11011K, capacity 11846K, committed 11980K, reserved 1048576K
}
Event: 16.929 GC heap before
{Heap before GC invocations=15 (full 0):
 garbage-first heap   total 260096K, used 182457K [0x0000000080000000, 0x0000000100000000)
  region size 1024K, 117 young (119808K), 14 survivors (14336K)
 Metaspace       used 93113K, capacity 95498K, committed 95564K, reserved 1132544K
  class space    used 11916K, capacity 12820K, committed 12876K, reserved 1048576K
}
Event: 16.943 GC heap after
{Heap after GC invocations=16 (full 0):
 garbage-first heap   total 260096K, used 80862K [0x0000000080000000, 0x0000000100000000)
  region size 1024K, 10 young (10240K), 10 survivors (10240K)
 Metaspace       used 93113K, capacity 95498K, committed 95564K, reserved 1132544K
  class space    used 11916K, capacity 12820K, committed 12876K, reserved 1048576K
}
Event: 17.955 GC heap before
{Heap before GC invocations=16 (full 0):
 garbage-first heap   total 260096K, used 188382K [0x0000000080000000, 0x0000000100000000)
  region size 1024K, 116 young (118784K), 10 survivors (10240K)
 Metaspace       used 96424K, capacity 98873K, committed 99148K, reserved 1134592K
  class space    used 12373K, capacity 13300K, committed 13388K, reserved 1048576K
}
Event: 17.967 GC heap after
{Heap after GC invocations=17 (full 0):
 garbage-first heap   total 260096K, used 85266K [0x0000000080000000, 0x0000000100000000)
  region size 1024K, 9 young (9216K), 9 survivors (9216K)
 Metaspace       used 96424K, capacity 98873K, committed 99148K, reserved 1134592K
  class space    used 12373K, capacity 13300K, committed 13388K, reserved 1048576K
}
Event: 19.377 GC heap before
{Heap before GC invocations=17 (full 0):
 garbage-first heap   total 260096K, used 185618K [0x0000000080000000, 0x0000000100000000)
  region size 1024K, 109 young (111616K), 9 survivors (9216K)
 Metaspace       used 108263K, capacity 111180K, committed 111276K, reserved 1144832K
  class space    used 14185K, capacity 15273K, committed 15308K, reserved 1048576K
}
Event: 19.387 GC heap after
{Heap after GC invocations=18 (full 0):
 garbage-first heap   total 260096K, used 87681K [0x0000000080000000, 0x0000000100000000)
  region size 1024K, 9 young (9216K), 9 survivors (9216K)
 Metaspace       used 108263K, capacity 111180K, committed 111276K, reserved 1144832K
  class space    used 14185K, capacity 15273K, committed 15308K, reserved 1048576K
}
Event: 19.841 GC heap before
{Heap before GC invocations=19 (full 0):
 garbage-first heap   total 260096K, used 148097K [0x0000000080000000, 0x0000000100000000)
  region size 1024K, 32 young (32768K), 9 survivors (9216K)
 Metaspace       used 110009K, capacity 112987K, committed 113272K, reserved 1146880K
  class space    used 14392K, capacity 15522K, committed 15564K, reserved 1048576K
}
Event: 19.850 GC heap after
{Heap after GC invocations=20 (full 0):
 garbage-first heap   total 260096K, used 117610K [0x0000000080000000, 0x0000000100000000)
  region size 1024K, 6 young (6144K), 6 survivors (6144K)
 Metaspace       used 110009K, capacity 112987K, committed 113272K, reserved 1146880K
  class space    used 14392K, capacity 15522K, committed 15564K, reserved 1048576K
}
Event: 274.235 GC heap before
{Heap before GC invocations=21 (full 0):
 garbage-first heap   total 260096K, used 231274K [0x0000000080000000, 0x0000000100000000)
  region size 1024K, 89 young (91136K), 6 survivors (6144K)
 Metaspace       used 111692K, capacity 114799K, committed 114936K, reserved 1148928K
  class space    used 14494K, capacity 15669K, committed 15692K, reserved 1048576K
}
Event: 274.239 GC heap after
{Heap after GC invocations=22 (full 0):
 garbage-first heap   total 260096K, used 90268K [0x0000000080000000, 0x0000000100000000)
  region size 1024K, 5 young (5120K), 5 survivors (5120K)
 Metaspace       used 111692K, capacity 114799K, committed 114936K, reserved 1148928K
  class space    used 14494K, capacity 15669K, committed 15692K, reserved 1048576K
}

Deoptimization events (20 events):
Event: 105.457 Thread 0x000001a6503db800 DEOPT PACKING pc=0x000001a63932baac sp=0x00000032bc9fef30
Event: 105.457 Thread 0x000001a6503db800 DEOPT UNPACKING pc=0x000001a6312683af sp=0x00000032bc9fee58 mode 2
Event: 409.146 Thread 0x000001a64b669800 Uncommon trap: trap_request=0xffffffc6 fr.pc=0x000001a63963a60c relative=0x000000000000038c
Event: 409.146 Thread 0x000001a64b669800 Uncommon trap: reason=bimorphic_or_optimized_type_check action=maybe_recompile pc=0x000001a63963a60c method=java.lang.ThreadLocal.setInitialValue()Ljava/lang/Object; @ 31 c2
Event: 409.146 Thread 0x000001a64b669800 DEOPT PACKING pc=0x000001a63963a60c sp=0x00000032bf4fc610
Event: 409.146 Thread 0x000001a64b669800 DEOPT UNPACKING pc=0x000001a6312683af sp=0x00000032bf4fc540 mode 2
Event: 409.239 Thread 0x000001a64dde0800 Uncommon trap: trap_request=0xffffffc6 fr.pc=0x000001a639571170 relative=0x0000000000000130
Event: 409.239 Thread 0x000001a64dde0800 Uncommon trap: reason=bimorphic_or_optimized_type_check action=maybe_recompile pc=0x000001a639571170 method=java.util.Collections$UnmodifiableList.get(I)Ljava/lang/Object; @ 5 c2
Event: 409.239 Thread 0x000001a64dde0800 DEOPT PACKING pc=0x000001a639571170 sp=0x00000032be4fe660
Event: 409.239 Thread 0x000001a64dde0800 DEOPT UNPACKING pc=0x000001a6312683af sp=0x00000032be4fe5f8 mode 2
Event: 409.289 Thread 0x000001a64dde0800 Uncommon trap: trap_request=0xffffffde fr.pc=0x000001a63967d170 relative=0x0000000000000a10
Event: 409.289 Thread 0x000001a64dde0800 Uncommon trap: reason=class_check action=maybe_recompile pc=0x000001a63967d170 method=org.gradle.cache.internal.LockOnDemandCrossProcessCacheAccess.incrementLockCount()V @ 97 c2
Event: 409.289 Thread 0x000001a64dde0800 DEOPT PACKING pc=0x000001a63967d170 sp=0x00000032be4f7ca0
Event: 409.289 Thread 0x000001a64dde0800 DEOPT UNPACKING pc=0x000001a6312683af sp=0x00000032be4f7c80 mode 2
Event: 409.410 Thread 0x000001a64dde0800 Uncommon trap: trap_request=0xffffffc6 fr.pc=0x000001a638e46c2c relative=0x000000000000024c
Event: 409.410 Thread 0x000001a64dde0800 Uncommon trap: reason=bimorphic_or_optimized_type_check action=maybe_recompile pc=0x000001a638e46c2c method=com.google.common.base.CharMatcher.indexIn(Ljava/lang/CharSequence;I)I @ 31 c2
Event: 409.410 Thread 0x000001a64dde0800 DEOPT PACKING pc=0x000001a638e46c2c sp=0x00000032be4f8940
Event: 409.410 Thread 0x000001a64dde0800 DEOPT UNPACKING pc=0x000001a6312683af sp=0x00000032be4f88e8 mode 2
Event: 409.471 Thread 0x000001a64dde0800 DEOPT PACKING pc=0x000001a631c98479 sp=0x00000032be4f9250
Event: 409.471 Thread 0x000001a64dde0800 DEOPT UNPACKING pc=0x000001a631288ede sp=0x00000032be4f8718 mode 0

Classes redefined (0 events):
No events

Internal exceptions (20 events):
Event: 19.573 Thread 0x000001a64ef61800 Exception <a 'sun/nio/fs/WindowsException'{0x000000008f2acfe8}> (0x000000008f2acfe8) thrown at [./src/hotspot/share/prims/jni.cpp, line 615]
Event: 19.579 Thread 0x000001a64ef61800 Implicit null exception at 0x000001a6395d24d4 to 0x000001a6395d3c54
Event: 19.633 Thread 0x000001a64ef61800 Exception <a 'java/lang/NoSuchMethodError'{0x000000008f1693c0}: 'java.lang.Object java.lang.invoke.DirectMethodHandle$Holder.invokeStatic(java.lang.Object, java.lang.Object, java.lang.Object, java.lang.Object, java.lang.Object, int, java.lang.Object)'> (0x000000008f1693c0) thrown at [./src/hotspot/share/interpreter/linkResolver.cpp, line 773]
Event: 19.705 Thread 0x000001a64ef61800 Exception <a 'java/lang/NoSuchMethodError'{0x000000008ed65238}: 'java.lang.Object java.lang.invoke.DirectMethodHandle$Holder.invokeStatic(java.lang.Object, java.lang.Object, java.lang.Object, java.lang.Object, java.lang.Object, java.lang.Object, java.lang.Object, int)'> (0x000000008ed65238) thrown at [./src/hotspot/share/interpreter/linkResolver.cpp, line 773]
Event: 19.706 Thread 0x000001a64ef61800 Exception <a 'java/lang/NoSuchMethodError'{0x000000008ed698d8}: 'java.lang.Object java.lang.invoke.DirectMethodHandle$Holder.invokeSpecial(java.lang.Object, java.lang.Object, java.lang.Object, java.lang.Object, java.lang.Object, java.lang.Object, java.lang.Object, java.lang.Object, int)'> (0x000000008ed698d8) thrown at [./src/hotspot/share/interpreter/linkResolver.cpp, line 773]
Event: 19.706 Thread 0x000001a64ef61800 Exception <a 'java/lang/NoSuchMethodError'{0x000000008ed6d690}: 'java.lang.Object java.lang.invoke.Invokers$Holder.linkToTargetMethod(java.lang.Object, java.lang.Object, java.lang.Object, java.lang.Object, java.lang.Object, java.lang.Object, int, java.lang.Object)'> (0x000000008ed6d690) thrown at [./src/hotspot/share/interpreter/linkResolver.cpp, line 773]
Event: 19.933 Thread 0x000001a64ef61800 Exception <a 'java/lang/NoSuchMethodError'{0x000000008fb7adf8}: 'java.lang.Object java.lang.invoke.DirectMethodHandle$Holder.invokeVirtual(java.lang.Object, java.lang.Object, int)'> (0x000000008fb7adf8) thrown at [./src/hotspot/share/interpreter/linkResolver.cpp, line 773]
Event: 20.150 Thread 0x000001a64b1ae800 Exception <a 'java/lang/NoSuchMethodError'{0x000000008f96c050}: 'java.lang.Object java.lang.invoke.DirectMethodHandle$Holder.invokeSpecial(java.lang.Object, java.lang.Object, java.lang.Object, java.lang.Object, int, java.lang.Object, java.lang.Object)'> (0x000000008f96c050) thrown at [./src/hotspot/share/interpreter/linkResolver.cpp, line 773]
Event: 104.701 Thread 0x000001a6503d9000 Exception <a 'sun/nio/fs/WindowsException'{0x000000008db8e328}> (0x000000008db8e328) thrown at [./src/hotspot/share/prims/jni.cpp, line 615]
Event: 104.755 Thread 0x000001a6503d9000 Exception <a 'java/lang/NoClassDefFoundError'{0x000000008d84b058}: org/jetbrains/kotlin/gradle/plugin/KotlinBasePluginWrapper> (0x000000008d84b058) thrown at [./src/hotspot/share/oops/constantPool.cpp, line 775]
Event: 104.787 Thread 0x000001a6503d9000 Exception <a 'java/lang/NoClassDefFoundError'{0x000000008d6b48c0}: org/jetbrains/kotlin/gradle/plugin/KotlinBasePluginWrapper> (0x000000008d6b48c0) thrown at [./src/hotspot/share/oops/constantPool.cpp, line 775]
Event: 104.790 Thread 0x000001a6503d9000 Implicit null exception at 0x000001a6396937ca to 0x000001a6396940c0
Event: 104.790 Thread 0x000001a6503d9000 Implicit null exception at 0x000001a6396922d2 to 0x000001a6396926d8
Event: 104.802 Thread 0x000001a6503d9000 Exception <a 'sun/nio/fs/WindowsException'{0x000000008d592890}> (0x000000008d592890) thrown at [./src/hotspot/share/prims/jni.cpp, line 615]
Event: 104.811 Thread 0x000001a6503d9000 Exception <a 'sun/nio/fs/WindowsException'{0x000000008d44a668}> (0x000000008d44a668) thrown at [./src/hotspot/share/prims/jni.cpp, line 615]
Event: 104.811 Thread 0x000001a6503d9000 Exception <a 'sun/nio/fs/WindowsException'{0x000000008d44b768}> (0x000000008d44b768) thrown at [./src/hotspot/share/prims/jni.cpp, line 615]
Event: 104.811 Thread 0x000001a6503d9000 Exception <a 'sun/nio/fs/WindowsException'{0x000000008d44c8b8}> (0x000000008d44c8b8) thrown at [./src/hotspot/share/prims/jni.cpp, line 615]
Event: 104.811 Thread 0x000001a6503d9000 Exception <a 'sun/nio/fs/WindowsException'{0x000000008d44da08}> (0x000000008d44da08) thrown at [./src/hotspot/share/prims/jni.cpp, line 615]
Event: 409.430 Thread 0x000001a64dde0800 Exception <a 'sun/nio/fs/WindowsException'{0x000000008e8a3838}> (0x000000008e8a3838) thrown at [./src/hotspot/share/prims/jni.cpp, line 615]
Event: 409.466 Thread 0x000001a64dde0800 Exception <a 'java/lang/NoClassDefFoundError'{0x000000008e55e3f0}: org/jetbrains/kotlin/gradle/plugin/KotlinBasePluginWrapper> (0x000000008e55e3f0) thrown at [./src/hotspot/share/oops/constantPool.cpp, line 775]

Events (20 events):
Event: 409.258 Thread 0x000001a64dde9800 Thread added: 0x000001a64dde9800
Event: 409.260 Thread 0x000001a64ddea800 Thread added: 0x000001a64ddea800
Event: 409.267 Thread 0x000001a6503dd000 Thread added: 0x000001a6503dd000
Event: 409.288 Thread 0x000001a6503da000 Thread added: 0x000001a6503da000
Event: 409.297 Thread 0x000001a64ed9c000 Thread added: 0x000001a64ed9c000
Event: 409.374 Thread 0x000001a650b87800 Thread added: 0x000001a650b87800
Event: 409.376 Thread 0x000001a6503da800 Thread added: 0x000001a6503da800
Event: 409.376 Thread 0x000001a6503de000 Thread added: 0x000001a6503de000
Event: 409.376 Thread 0x000001a6503d9000 Thread added: 0x000001a6503d9000
Event: 409.376 Thread 0x000001a6503e1000 Thread added: 0x000001a6503e1000
Event: 409.376 Thread 0x000001a6503e0800 Thread added: 0x000001a6503e0800
Event: 409.377 Executing VM operation: RevokeBias
Event: 409.377 Executing coalesced safepoint VM operation: RevokeBias
Event: 409.377 Executing coalesced safepoint VM operation: RevokeBias done
Event: 409.377 Executing VM operation: RevokeBias done
Event: 409.379 Thread 0x000001a6503df800 Thread added: 0x000001a6503df800
Event: 409.379 Thread 0x000001a6503dc000 Thread added: 0x000001a6503dc000
Event: 409.379 Thread 0x000001a6503db800 Thread added: 0x000001a6503db800
Event: 409.471 Executing VM operation: BulkRevokeBias
Event: 409.472 Executing VM operation: BulkRevokeBias done


Dynamic libraries:
0x00007ff630660000 - 0x00007ff63066a000 	D:\software\Android Studio2020\jre\bin\java.exe
0x00007ffb00bb0000 - 0x00007ffb00da7000 	C:\windows\SYSTEM32\ntdll.dll
0x00007ffafec10000 - 0x00007ffafeccd000 	C:\windows\System32\KERNEL32.DLL
0x00007ffafe4f0000 - 0x00007ffafe7bd000 	C:\windows\System32\KERNELBASE.dll
0x00007ffafe990000 - 0x00007ffafea90000 	C:\windows\System32\ucrtbase.dll
0x00007ffaefd00000 - 0x00007ffaefd19000 	D:\software\Android Studio2020\jre\bin\jli.dll
0x00007ffaec040000 - 0x00007ffaec057000 	D:\software\Android Studio2020\jre\bin\VCRUNTIME140.dll
0x00007ffb00700000 - 0x00007ffb008a0000 	C:\windows\System32\USER32.dll
0x00007ffafebe0000 - 0x00007ffafec02000 	C:\windows\System32\win32u.dll
0x00007ffb00b40000 - 0x00007ffb00b6a000 	C:\windows\System32\GDI32.dll
0x00007ffaea5a0000 - 0x00007ffaea83a000 	C:\windows\WinSxS\amd64_microsoft.windows.common-controls_6595b64144ccf1df_6.0.19041.1110_none_60b5254171f9507e\COMCTL32.dll
0x00007ffafe7c0000 - 0x00007ffafe8cb000 	C:\windows\System32\gdi32full.dll
0x00007ffb005c0000 - 0x00007ffb0065e000 	C:\windows\System32\msvcrt.dll
0x00007ffafea90000 - 0x00007ffafeb2d000 	C:\windows\System32\msvcp_win.dll
0x00007ffaff760000 - 0x00007ffaff790000 	C:\windows\System32\IMM32.DLL
0x00007ffacf590000 - 0x00007ffacf62d000 	D:\software\Android Studio2020\jre\bin\msvcp140.dll
0x00007ffaa5270000 - 0x00007ffaa5d3f000 	D:\software\Android Studio2020\jre\bin\server\jvm.dll
0x00007ffb00900000 - 0x00007ffb009ae000 	C:\windows\System32\ADVAPI32.dll
0x00007ffb00660000 - 0x00007ffb006fc000 	C:\windows\System32\sechost.dll
0x00007ffb00410000 - 0x00007ffb00535000 	C:\windows\System32\RPCRT4.dll
0x00007ffafffc0000 - 0x00007ffafffc8000 	C:\windows\System32\PSAPI.DLL
0x00007ffac13c0000 - 0x00007ffac13c9000 	C:\windows\SYSTEM32\WSOCK32.dll
0x00007ffaec8a0000 - 0x00007ffaec8c7000 	C:\windows\SYSTEM32\WINMM.dll
0x00007ffaf40a0000 - 0x00007ffaf40aa000 	C:\windows\SYSTEM32\VERSION.dll
0x00007ffafee10000 - 0x00007ffafee7b000 	C:\windows\System32\WS2_32.dll
0x00007ffafc190000 - 0x00007ffafc1a2000 	C:\windows\SYSTEM32\kernel.appcore.dll
0x00007ffaec980000 - 0x00007ffaec991000 	D:\software\Android Studio2020\jre\bin\verify.dll
0x00007ffaeb320000 - 0x00007ffaeb504000 	C:\windows\SYSTEM32\DBGHELP.DLL
0x00007ffaeff50000 - 0x00007ffaeff7c000 	C:\windows\SYSTEM32\dbgcore.DLL
0x00007ffafe460000 - 0x00007ffafe4e2000 	C:\windows\System32\bcryptPrimitives.dll
0x00007ffae9340000 - 0x00007ffae9369000 	D:\software\Android Studio2020\jre\bin\java.dll
0x00007ffaec8f0000 - 0x00007ffaec8fb000 	D:\software\Android Studio2020\jre\bin\jimage.dll
0x00007ffae8e50000 - 0x00007ffae8e68000 	D:\software\Android Studio2020\jre\bin\zip.dll
0x00007ffaff000000 - 0x00007ffaff744000 	C:\windows\System32\SHELL32.dll
0x00007ffafc3b0000 - 0x00007ffafcb44000 	C:\windows\SYSTEM32\windows.storage.dll
0x00007ffafffd0000 - 0x00007ffb00324000 	C:\windows\System32\combase.dll
0x00007ffafdd30000 - 0x00007ffafdd5c000 	C:\windows\SYSTEM32\Wldp.dll
0x00007ffafee80000 - 0x00007ffafef2d000 	C:\windows\System32\SHCORE.dll
0x00007ffaff790000 - 0x00007ffaff7e5000 	C:\windows\System32\shlwapi.dll
0x00007ffafe210000 - 0x00007ffafe22f000 	C:\windows\SYSTEM32\profapi.dll
0x00007ffae8e30000 - 0x00007ffae8e4a000 	D:\software\Android Studio2020\jre\bin\net.dll
0x00007ffaf8350000 - 0x00007ffaf845a000 	C:\windows\SYSTEM32\WINHTTP.dll
0x00007ffafda90000 - 0x00007ffafdafa000 	C:\windows\system32\mswsock.dll
0x00007ffae8e10000 - 0x00007ffae8e24000 	D:\software\Android Studio2020\jre\bin\nio.dll
0x00007ffad0040000 - 0x00007ffad0067000 	E:\Gradle\native\8bec1ad78214c89d9ad589b4d07fe93259594b29d510b10fafb7a158f7737e5d\windows-amd64\native-platform.dll
0x00007ffaa6220000 - 0x00007ffaa635d000 	E:\Gradle\native\53dbd7edfb1c66fb8903c78663c9afc45aea4f116125fa6feffd364cf09443e8\windows-amd64\native-platform-file-events.dll
0x00007ffaec8e0000 - 0x00007ffaec8ea000 	D:\software\Android Studio2020\jre\bin\management.dll
0x00007ffaeae70000 - 0x00007ffaeae7c000 	D:\software\Android Studio2020\jre\bin\management_ext.dll
0x00007ffafdc80000 - 0x00007ffafdc98000 	C:\windows\SYSTEM32\CRYPTSP.dll
0x00007ffafd3a0000 - 0x00007ffafd3d4000 	C:\windows\system32\rsaenh.dll
0x00007ffafe2d0000 - 0x00007ffafe2f7000 	C:\windows\System32\bcrypt.dll
0x00007ffafe190000 - 0x00007ffafe1be000 	C:\windows\SYSTEM32\USERENV.dll
0x00007ffafdca0000 - 0x00007ffafdcac000 	C:\windows\SYSTEM32\CRYPTBASE.dll
0x00007ffafd730000 - 0x00007ffafd76b000 	C:\windows\SYSTEM32\IPHLPAPI.DLL
0x00007ffafed80000 - 0x00007ffafed88000 	C:\windows\System32\NSI.dll
0x00007ffaefd20000 - 0x00007ffaefd37000 	C:\windows\SYSTEM32\dhcpcsvc6.DLL
0x00007ffaf35c0000 - 0x00007ffaf35dd000 	C:\windows\SYSTEM32\dhcpcsvc.DLL
0x00007ffafd770000 - 0x00007ffafd83b000 	C:\windows\SYSTEM32\DNSAPI.dll
0x00007ffafd040000 - 0x00007ffafd073000 	C:\windows\SYSTEM32\ntmarta.dll
0x00007ffae3880000 - 0x00007ffae38a7000 	D:\software\Android Studio2020\jre\bin\sunec.dll

dbghelp: loaded successfully - version: 4.0.5 - missing functions: none
symbol engine: initialized successfully - sym options: 0x614 - pdb path: .;D:\software\Android Studio2020\jre\bin;C:\windows\SYSTEM32;C:\windows\WinSxS\amd64_microsoft.windows.common-controls_6595b64144ccf1df_6.0.19041.1110_none_60b5254171f9507e;D:\software\Android Studio2020\jre\bin\server;E:\Gradle\native\8bec1ad78214c89d9ad589b4d07fe93259594b29d510b10fafb7a158f7737e5d\windows-amd64;E:\Gradle\native\53dbd7edfb1c66fb8903c78663c9afc45aea4f116125fa6feffd364cf09443e8\windows-amd64

VM Arguments:
jvm_args: --add-opens=java.base/java.util=ALL-UNNAMED --add-opens=java.base/java.lang=ALL-UNNAMED --add-opens=java.base/java.lang.invoke=ALL-UNNAMED --add-opens=java.base/java.util=ALL-UNNAMED --add-opens=java.prefs/java.util.prefs=ALL-UNNAMED --add-opens=java.prefs/java.util.prefs=ALL-UNNAMED --add-opens=java.base/java.nio.charset=ALL-UNNAMED --add-opens=java.base/java.net=ALL-UNNAMED --add-opens=java.base/java.util.concurrent.atomic=ALL-UNNAMED -Xmx2048m -Dfile.encoding=UTF-8 -Duser.country=CN -Duser.language=zh -Duser.variant 
java_command: org.gradle.launcher.daemon.bootstrap.GradleDaemon 7.0.2
java_class_path (initial): E:\Gradle\wrapper\dists\gradle-7.0.2-bin\857tjihv64xamwrf0h14cai3r\gradle-7.0.2\lib\gradle-launcher-7.0.2.jar
Launcher Type: SUN_STANDARD

[Global flags]
     intx CICompilerCount                          = 4                                         {product} {ergonomic}
     uint ConcGCThreads                            = 2                                         {product} {ergonomic}
     uint G1ConcRefinementThreads                  = 8                                         {product} {ergonomic}
   size_t G1HeapRegionSize                         = 1048576                                   {product} {ergonomic}
    uintx GCDrainStackTargetSize                   = 64                                        {product} {ergonomic}
   size_t InitialHeapSize                          = 266338304                                 {product} {ergonomic}
   size_t MarkStackSize                            = 4194304                                   {product} {ergonomic}
   size_t MaxHeapSize                              = 2147483648                                {product} {command line}
   size_t MaxNewSize                               = 1287651328                                {product} {ergonomic}
   size_t MinHeapDeltaBytes                        = 1048576                                   {product} {ergonomic}
    uintx NonNMethodCodeHeapSize                   = 5836300                                {pd product} {ergonomic}
    uintx NonProfiledCodeHeapSize                  = 122910970                              {pd product} {ergonomic}
    uintx ProfiledCodeHeapSize                     = 122910970                              {pd product} {ergonomic}
    uintx ReservedCodeCacheSize                    = 251658240                              {pd product} {ergonomic}
     bool SegmentedCodeCache                       = true                                      {product} {ergonomic}
     bool UseCompressedClassPointers               = true                                 {lp64_product} {ergonomic}
     bool UseCompressedOops                        = true                                 {lp64_product} {ergonomic}
     bool UseG1GC                                  = true                                      {product} {ergonomic}
     bool UseLargePagesIndividualAllocation        = false                                  {pd product} {ergonomic}

Logging:
Log output configuration:
 #0: stdout all=warning uptime,level,tags
 #1: stderr all=off uptime,level,tags

Environment Variables:
JAVA_HOME=C:\Program Files\Java\jdk1.8.0_40
CLASSPATH=.;C:\Program Files\Java\jdk1.8.0_40\lib;C:\Program Files\Java\jdk1.8.0_40\lib\dt.jar;C:\Program Files\Java\jdk1.8.0_40\lib\tools.jar
PATH=C:\ProgramData\Oracle\Java\javapath;C:\Windows\system32;C:\Windows;C:\Windows\System32\Wbem;C:\Windows\System32\WindowsPowerShell\v1.0\;C:\Windows\System32\OpenSSH\;C:\Program Files (x86)\NVIDIA Corporation\PhysX\Common;C:\Program Files\NVIDIA Corporation\NVIDIA NvDLISR;C:\Users\wang'xue'wu\AppData\Local\Android\Sdk\platform-tools;C:\Program Files\Java\jdk1.8.0_40\bin;C:\Program Files\Java\jdk1.8.0_40\jre\bin;D:\software\SVN\bin;C:\Program Files\Git\cmd;C:\Users\wang'xue'wu\AppData\Local\Microsoft\WindowsApps;
USERNAME=wang'xue'wu
OS=Windows_NT
PROCESSOR_IDENTIFIER=Intel64 Family 6 Model 140 Stepping 1, GenuineIntel



---------------  S Y S T E M  ---------------

OS: Windows 10 , 64 bit Build 19041 (10.0.19041.1741)
OS uptime: 13 days 17:33 hours

CPU:total 8 (initial active 8) (4 cores per cpu, 2 threads per core) family 6 model 140 stepping 1 microcode 0x8a, cmov, cx8, fxsr, mmx, sse, sse2, sse3, ssse3, sse4.1, sse4.2, popcnt, avx, avx2, aes, clmul, erms, 3dnowpref, lzcnt, ht, tsc, tscinvbit, bmi1, bmi2, adx, evex, sha, fma

Memory: 4k page, system-wide physical 16167M (2710M free)
TotalPageFile size 36326M (AvailPageFile size 4M)
current process WorkingSet (physical memory assigned to process): 559M, peak: 586M
current process commit charge ("private bytes"): 604M, peak: 628M

vm_info: OpenJDK 64-Bit Server VM (11.0.10+0-b96-7249189) for windows-amd64 JRE (11.0.10+0-b96-7249189), built on Mar 31 2021 21:44:00 by "builder" with MS VC++ 14.0 (VS2015)

END.
