#
# There is insufficient memory for the Java Runtime Environment to continue.
# Native memory allocation (malloc) failed to allocate 1900816 bytes for Chunk::new
# Possible reasons:
#   The system is out of physical RAM or swap space
#   The process is running with CompressedOops enabled, and the Java Heap may be blocking the growth of the native heap
# Possible solutions:
#   Reduce memory load on the system
#   Increase physical memory or swap space
#   Check if swap backing store is full
#   Decrease Java heap size (-Xmx/-Xms)
#   Decrease number of Java threads
#   Decrease Java thread stack sizes (-Xss)
#   Set larger code cache with -XX:ReservedCodeCacheSize=
#   JVM is running with Unscaled Compressed Oops mode in which the Java heap is
#     placed in the first 4GB address space. The Java Heap base address is the
#     maximum limit for the native heap growth. Please use -XX:HeapBaseMinAddress
#     to set the Java Heap base and to place the Java Heap above 4GB virtual address.
# This output file may be truncated or incomplete.
#
#  Out of Memory Error (./src/hotspot/share/memory/arena.cpp:197), pid=64396, tid=63380
#
# JRE version: OpenJDK Runtime Environment (11.0.10) (build 11.0.10+0-b96-7249189)
# Java VM: OpenJDK 64-Bit Server VM (11.0.10+0-b96-7249189, mixed mode, tiered, compressed oops, g1 gc, windows-amd64)
# No core dump will be written. Minidumps are not enabled by default on client versions of Windows
#

---------------  S U M M A R Y ------------

Command Line: -XX:MaxPermSize=512m -XX:+HeapDumpOnOutOfMemoryError --add-opens=java.base/java.util=ALL-UNNAMED --add-opens=java.base/java.lang=ALL-UNNAMED --add-opens=java.base/java.lang.invoke=ALL-UNNAMED --add-opens=java.base/java.util=ALL-UNNAMED --add-opens=java.prefs/java.util.prefs=ALL-UNNAMED --add-opens=java.prefs/java.util.prefs=ALL-UNNAMED --add-opens=java.base/java.nio.charset=ALL-UNNAMED --add-opens=java.base/java.net=ALL-UNNAMED --add-opens=java.base/java.util.concurrent.atomic=ALL-UNNAMED -Xmx2048m -Dfile.encoding=UTF-8 -Duser.country=CN -Duser.language=zh -Duser.variant org.gradle.launcher.daemon.bootstrap.GradleDaemon 7.0.2

Host: 11th Gen Intel(R) Core(TM) i5-1135G7 @ 2.40GHz, 8 cores, 15G,  Windows 10 , 64 bit Build 19041 (10.0.19041.1741)
Time: Wed Jul  6 15:18:41 2022 中国标准时间 elapsed time: 10.754745 seconds (0d 0h 0m 10s)

---------------  T H R E A D  ---------------

Current thread (0x000001f2920de000):  JavaThread "C2 CompilerThread1" daemon [_thread_in_native, id=63380, stack(0x00000076b0000000,0x00000076b0100000)]


Current CompileTask:
C2:  10754 6651 %     4       org.gradle.internal.instantiation.generator.AbstractClassGenerator::inspectType @ 107 (560 bytes)

Stack: [0x00000076b0000000,0x00000076b0100000]
Native frames: (J=compiled Java code, j=interpreted, Vv=VM code, C=native code)
V  [jvm.dll+0x5ecfaa]
V  [jvm.dll+0x722bd5]
V  [jvm.dll+0x72412d]
V  [jvm.dll+0x7247e3]
V  [jvm.dll+0x242928]
V  [jvm.dll+0xbc4fc]
V  [jvm.dll+0xbca0c]
V  [jvm.dll+0x352d3b]
V  [jvm.dll+0x320ad3]
V  [jvm.dll+0x31ffca]
V  [jvm.dll+0x1fb602]
V  [jvm.dll+0x1fa7f4]
V  [jvm.dll+0x18354c]
V  [jvm.dll+0x208ee7]
V  [jvm.dll+0x207731]
V  [jvm.dll+0x6eb1cf]
V  [jvm.dll+0x6e3d45]
V  [jvm.dll+0x5ebe96]
C  [ucrtbase.dll+0x21bb2]
C  [KERNEL32.DLL+0x17034]
C  [ntdll.dll+0x52651]


---------------  P R O C E S S  ---------------

Threads class SMR info:
_java_thread_list=0x000001f294c8d8d0, length=52, elements={
0x000001f2f587f000, 0x000001f2ff54f800, 0x000001f2ff551000, 0x000001f2ff577000,
0x000001f2ff5cd800, 0x000001f2ff5d0800, 0x000001f2ff5d2000, 0x000001f2ff5d3000,
0x000001f2ff5d4800, 0x000001f2ff77e800, 0x000001f292ff3800, 0x000001f2ff83a000,
0x000001f29275f000, 0x000001f292487000, 0x000001f292b35000, 0x000001f29241f000,
0x000001f292a92000, 0x000001f2920de000, 0x000001f291a68000, 0x000001f292ef2000,
0x000001f293578800, 0x000001f293578000, 0x000001f293579800, 0x000001f293576000,
0x000001f293577000, 0x000001f29357a000, 0x000001f29357b000, 0x000001f293575800,
0x000001f29357c000, 0x000001f29505d000, 0x000001f295060000, 0x000001f295061000,
0x000001f29505c000, 0x000001f295062000, 0x000001f295063800, 0x000001f295062800,
0x000001f29505d800, 0x000001f29505f800, 0x000001f295066000, 0x000001f295069000,
0x000001f295067800, 0x000001f29506a000, 0x000001f29506b000, 0x000001f295065000,
0x000001f294593800, 0x000001f294595000, 0x000001f294592000, 0x000001f294596000,
0x000001f294597800, 0x000001f294594800, 0x000001f294598800, 0x000001f2978bc800
}

Java Threads: ( => current thread )
  0x000001f2f587f000 JavaThread "main" [_thread_blocked, id=592, stack(0x00000076ae100000,0x00000076ae200000)]
  0x000001f2ff54f800 JavaThread "Reference Handler" daemon [_thread_blocked, id=59868, stack(0x00000076ae800000,0x00000076ae900000)]
  0x000001f2ff551000 JavaThread "Finalizer" daemon [_thread_blocked, id=63556, stack(0x00000076ae900000,0x00000076aea00000)]
  0x000001f2ff577000 JavaThread "Signal Dispatcher" daemon [_thread_blocked, id=8932, stack(0x00000076aea00000,0x00000076aeb00000)]
  0x000001f2ff5cd800 JavaThread "Attach Listener" daemon [_thread_blocked, id=57532, stack(0x00000076aeb00000,0x00000076aec00000)]
  0x000001f2ff5d0800 JavaThread "Service Thread" daemon [_thread_blocked, id=58152, stack(0x00000076aec00000,0x00000076aed00000)]
  0x000001f2ff5d2000 JavaThread "C2 CompilerThread0" daemon [_thread_in_native, id=33252, stack(0x00000076aed00000,0x00000076aee00000)]
  0x000001f2ff5d3000 JavaThread "C1 CompilerThread0" daemon [_thread_blocked, id=41872, stack(0x00000076aee00000,0x00000076aef00000)]
  0x000001f2ff5d4800 JavaThread "Sweeper thread" daemon [_thread_blocked, id=62992, stack(0x00000076aef00000,0x00000076af000000)]
  0x000001f2ff77e800 JavaThread "Common-Cleaner" daemon [_thread_blocked, id=62628, stack(0x00000076af000000,0x00000076af100000)]
  0x000001f292ff3800 JavaThread "Daemon health stats" [_thread_blocked, id=2656, stack(0x00000076af800000,0x00000076af900000)]
  0x000001f2ff83a000 JavaThread "Incoming local TCP Connector on port 62902" [_thread_in_native, id=36448, stack(0x00000076af200000,0x00000076af300000)]
  0x000001f29275f000 JavaThread "Daemon periodic checks" [_thread_blocked, id=48684, stack(0x00000076af900000,0x00000076afa00000)]
  0x000001f292487000 JavaThread "Daemon" [_thread_blocked, id=67140, stack(0x00000076afa00000,0x00000076afb00000)]
  0x000001f292b35000 JavaThread "Handler for socket connection from /127.0.0.1:62902 to /127.0.0.1:62903" [_thread_in_native, id=56652, stack(0x00000076afb00000,0x00000076afc00000)]
  0x000001f29241f000 JavaThread "Cancel handler" [_thread_blocked, id=40472, stack(0x00000076afe00000,0x00000076aff00000)]
  0x000001f292a92000 JavaThread "Daemon worker" [_thread_in_vm, id=58160, stack(0x00000076aff00000,0x00000076b0000000)]
=>0x000001f2920de000 JavaThread "C2 CompilerThread1" daemon [_thread_in_native, id=63380, stack(0x00000076b0000000,0x00000076b0100000)]
  0x000001f291a68000 JavaThread "Asynchronous log dispatcher for DefaultDaemonConnection: socket connection from /127.0.0.1:62902 to /127.0.0.1:62903" [_thread_blocked, id=59916, stack(0x00000076b0100000,0x00000076b0200000)]
  0x000001f292ef2000 JavaThread "Stdin handler" [_thread_blocked, id=50172, stack(0x00000076b0200000,0x00000076b0300000)]
  0x000001f293578800 JavaThread "Daemon client event forwarder" [_thread_blocked, id=64008, stack(0x00000076b0300000,0x00000076b0400000)]
  0x000001f293578000 JavaThread "Cache worker for file hash cache (C:\Users\wang'xue'wu\.gradle\caches\7.0.2\fileHashes)" [_thread_blocked, id=1500, stack(0x00000076b0400000,0x00000076b0500000)]
  0x000001f293579800 JavaThread "File lock request listener" [_thread_in_native, id=45620, stack(0x00000076b0500000,0x00000076b0600000)]
  0x000001f293576000 JavaThread "Cache worker for journal cache (C:\Users\wang'xue'wu\.gradle\caches\journal-1)" [_thread_blocked, id=53692, stack(0x00000076b0700000,0x00000076b0800000)]
  0x000001f293577000 JavaThread "Cache worker for file hash cache (E:\Android_Test\Chukuyi\.gradle\7.0.2\fileHashes)" [_thread_blocked, id=45848, stack(0x00000076b0800000,0x00000076b0900000)]
  0x000001f29357a000 JavaThread "File watcher server" daemon [_thread_in_native, id=38712, stack(0x00000076b0900000,0x00000076b0a00000)]
  0x000001f29357b000 JavaThread "File watcher consumer" daemon [_thread_blocked, id=51112, stack(0x00000076b0a00000,0x00000076b0b00000)]
  0x000001f293575800 JavaThread "jar transforms" [_thread_blocked, id=66380, stack(0x00000076b0b00000,0x00000076b0c00000)]
  0x000001f29357c000 JavaThread "jar transforms Thread 2" [_thread_blocked, id=55396, stack(0x00000076b0c00000,0x00000076b0d00000)]
  0x000001f29505d000 JavaThread "jar transforms Thread 3" [_thread_blocked, id=52848, stack(0x00000076b0d00000,0x00000076b0e00000)]
  0x000001f295060000 JavaThread "jar transforms Thread 4" [_thread_blocked, id=63064, stack(0x00000076b0e00000,0x00000076b0f00000)]
  0x000001f295061000 JavaThread "jar transforms Thread 5" [_thread_blocked, id=62344, stack(0x00000076b0f00000,0x00000076b1000000)]
  0x000001f29505c000 JavaThread "jar transforms Thread 6" [_thread_blocked, id=36660, stack(0x00000076b1000000,0x00000076b1100000)]
  0x000001f295062000 JavaThread "Cache worker for checksums cache (E:\Android_Test\Chukuyi\.gradle\checksums)" [_thread_blocked, id=66412, stack(0x00000076b1200000,0x00000076b1300000)]
  0x000001f295063800 JavaThread "Cache worker for cache directory md-supplier (C:\Users\wang'xue'wu\.gradle\caches\7.0.2\md-supplier)" [_thread_blocked, id=7248, stack(0x00000076b1300000,0x00000076b1400000)]
  0x000001f295062800 JavaThread "Cache worker for cache directory md-rule (C:\Users\wang'xue'wu\.gradle\caches\7.0.2\md-rule)" [_thread_blocked, id=67224, stack(0x00000076b1400000,0x00000076b1500000)]
  0x000001f29505d800 JavaThread "Cache worker for execution history cache (C:\Users\wang'xue'wu\.gradle\caches\7.0.2\executionHistory)" [_thread_blocked, id=22236, stack(0x00000076b1500000,0x00000076b1600000)]
  0x000001f29505f800 JavaThread "jar transforms Thread 7" [_thread_blocked, id=56440, stack(0x00000076b1600000,0x00000076b1700000)]
  0x000001f295066000 JavaThread "jar transforms Thread 8" [_thread_blocked, id=59840, stack(0x00000076b1100000,0x00000076b1200000)]
  0x000001f295069000 JavaThread "Cache worker for file content cache (C:\Users\wang'xue'wu\.gradle\caches\7.0.2\fileContent)" [_thread_blocked, id=49924, stack(0x00000076b1700000,0x00000076b1800000)]
  0x000001f295067800 JavaThread "Cache worker for dependencies-accessors (E:\Android_Test\Chukuyi\.gradle\7.0.2\dependencies-accessors)" [_thread_blocked, id=35948, stack(0x00000076b1800000,0x00000076b1900000)]
  0x000001f29506a000 JavaThread "Cache worker for Build Output Cleanup Cache (E:\Android_Test\Chukuyi\.gradle\buildOutputCleanup)" [_thread_blocked, id=56080, stack(0x00000076b1a00000,0x00000076b1b00000)]
  0x000001f29506b000 JavaThread "Build operations" [_thread_blocked, id=54844, stack(0x00000076b1b00000,0x00000076b1c00000)]
  0x000001f295065000 JavaThread "Build operations Thread 2" [_thread_blocked, id=63332, stack(0x00000076b1c00000,0x00000076b1d00000)]
  0x000001f294593800 JavaThread "Build operations Thread 3" [_thread_blocked, id=46296, stack(0x00000076b1d00000,0x00000076b1e00000)]
  0x000001f294595000 JavaThread "Build operations Thread 4" [_thread_blocked, id=12056, stack(0x00000076b1e00000,0x00000076b1f00000)]
  0x000001f294592000 JavaThread "Build operations Thread 5" [_thread_blocked, id=40580, stack(0x00000076b1f00000,0x00000076b2000000)]
  0x000001f294596000 JavaThread "Build operations Thread 6" [_thread_blocked, id=60248, stack(0x00000076b2000000,0x00000076b2100000)]
  0x000001f294597800 JavaThread "Build operations Thread 7" [_thread_blocked, id=15300, stack(0x00000076b2100000,0x00000076b2200000)]
  0x000001f294594800 JavaThread "Build operations Thread 8" [_thread_blocked, id=24328, stack(0x00000076b2200000,0x00000076b2300000)]
  0x000001f294598800 JavaThread "Memory manager" [_thread_blocked, id=62832, stack(0x00000076b1900000,0x00000076b1a00000)]
  0x000001f2978bc800 JavaThread "C2 CompilerThread2" daemon [_thread_in_native, id=26744, stack(0x00000076b2300000,0x00000076b2400000)]

Other Threads:
  0x000001f2ff54d000 VMThread "VM Thread" [stack: 0x00000076ae700000,0x00000076ae800000] [id=42752]
  0x000001f2ff786800 WatcherThread [stack: 0x00000076af100000,0x00000076af200000] [id=51752]
  0x000001f2f5897000 GCTaskThread "GC Thread#0" [stack: 0x00000076ae200000,0x00000076ae300000] [id=64428]
  0x000001f291a38800 GCTaskThread "GC Thread#1" [stack: 0x00000076af300000,0x00000076af400000] [id=63652]
  0x000001f2918da800 GCTaskThread "GC Thread#2" [stack: 0x00000076af400000,0x00000076af500000] [id=47700]
  0x000001f29153f800 GCTaskThread "GC Thread#3" [stack: 0x00000076af500000,0x00000076af600000] [id=21128]
  0x000001f2919eb800 GCTaskThread "GC Thread#4" [stack: 0x00000076af600000,0x00000076af700000] [id=48616]
  0x000001f2919cc000 GCTaskThread "GC Thread#5" [stack: 0x00000076af700000,0x00000076af800000] [id=57636]
  0x000001f293423800 GCTaskThread "GC Thread#6" [stack: 0x00000076afc00000,0x00000076afd00000] [id=62700]
  0x000001f2920f4800 GCTaskThread "GC Thread#7" [stack: 0x00000076afd00000,0x00000076afe00000] [id=67532]
  0x000001f2f58c9800 ConcurrentGCThread "G1 Main Marker" [stack: 0x00000076ae300000,0x00000076ae400000] [id=45484]
  0x000001f2f58cc000 ConcurrentGCThread "G1 Conc#0" [stack: 0x00000076ae400000,0x00000076ae500000] [id=65304]
  0x000001f292450000 ConcurrentGCThread "G1 Conc#1" [stack: 0x00000076b0600000,0x00000076b0700000] [id=67152]
  0x000001f2f595d800 ConcurrentGCThread "G1 Refine#0" [stack: 0x00000076ae500000,0x00000076ae600000] [id=57488]
  0x000001f2feb98800 ConcurrentGCThread "G1 Young RemSet Sampling" [stack: 0x00000076ae600000,0x00000076ae700000] [id=44992]

Threads with active compile tasks:
C2 CompilerThread0  10803 6665   !   4       com.sun.beans.TypeResolver::resolve (261 bytes)
C1 CompilerThread0  10803 6968       3       org.gradle.internal.snapshot.AbstractIncompleteFileSystemNode::lambda$accept$0 (8 bytes)
C2 CompilerThread1  10803 6651 %     4       org.gradle.internal.instantiation.generator.AbstractClassGenerator::inspectType @ 107 (560 bytes)
C2 CompilerThread2  10803 6762       4       com.sun.beans.TypeResolver::resolve (37 bytes)

VM state:not at safepoint (normal execution)

VM Mutex/Monitor currently owned by a thread: None

Heap address: 0x0000000080000000, size: 2048 MB, Compressed Oops mode: 32-bit
Narrow klass base: 0x0000000000000000, Narrow klass shift: 3
Compressed class space size: 1073741824 Address: 0x0000000100000000

Heap:
 garbage-first heap   total 260096K, used 83857K [0x0000000080000000, 0x0000000100000000)
  region size 1024K, 37 young (37888K), 13 survivors (13312K)
 Metaspace       used 70746K, capacity 72544K, committed 72740K, reserved 1112064K
  class space    used 9209K, capacity 9876K, committed 9984K, reserved 1048576K
Heap Regions: E=young(eden), S=young(survivor), O=old, HS=humongous(starts), HC=humongous(continues), CS=collection set, F=free, A=archive, TAMS=top-at-mark-start (previous, next)
|   0|0x0000000080000000, 0x0000000080100000, 0x0000000080100000|100%| O|  |TAMS 0x0000000080100000, 0x0000000080000000| Untracked 
|   1|0x0000000080100000, 0x0000000080200000, 0x0000000080200000|100%| O|  |TAMS 0x0000000080200000, 0x0000000080100000| Untracked 
|   2|0x0000000080200000, 0x0000000080300000, 0x0000000080300000|100%| O|  |TAMS 0x0000000080300000, 0x0000000080200000| Untracked 
|   3|0x0000000080300000, 0x0000000080400000, 0x0000000080400000|100%|HS|  |TAMS 0x0000000080400000, 0x0000000080300000| Complete 
|   4|0x0000000080400000, 0x0000000080500000, 0x0000000080500000|100%|HC|  |TAMS 0x0000000080500000, 0x0000000080400000| Complete 
|   5|0x0000000080500000, 0x0000000080600000, 0x0000000080600000|100%|HC|  |TAMS 0x0000000080600000, 0x0000000080500000| Complete 
|   6|0x0000000080600000, 0x0000000080700000, 0x0000000080700000|100%| O|  |TAMS 0x0000000080700000, 0x0000000080600000| Untracked 
|   7|0x0000000080700000, 0x0000000080800000, 0x0000000080800000|100%| O|  |TAMS 0x0000000080800000, 0x0000000080700000| Untracked 
|   8|0x0000000080800000, 0x0000000080900000, 0x0000000080900000|100%| O|  |TAMS 0x0000000080900000, 0x0000000080800000| Untracked 
|   9|0x0000000080900000, 0x0000000080a00000, 0x0000000080a00000|100%| O|  |TAMS 0x0000000080a00000, 0x0000000080900000| Untracked 
|  10|0x0000000080a00000, 0x0000000080b00000, 0x0000000080b00000|100%| O|  |TAMS 0x0000000080b00000, 0x0000000080a00000| Untracked 
|  11|0x0000000080b00000, 0x0000000080c00000, 0x0000000080c00000|100%| O|  |TAMS 0x0000000080c00000, 0x0000000080b00000| Untracked 
|  12|0x0000000080c00000, 0x0000000080d00000, 0x0000000080d00000|100%| O|  |TAMS 0x0000000080d00000, 0x0000000080c00000| Untracked 
|  13|0x0000000080d00000, 0x0000000080e00000, 0x0000000080e00000|100%| O|  |TAMS 0x0000000080e00000, 0x0000000080d00000| Untracked 
|  14|0x0000000080e00000, 0x0000000080f00000, 0x0000000080f00000|100%| O|  |TAMS 0x0000000080f00000, 0x0000000080e00000| Untracked 
|  15|0x0000000080f00000, 0x0000000081000000, 0x0000000081000000|100%| O|  |TAMS 0x0000000081000000, 0x0000000080f00000| Untracked 
|  16|0x0000000081000000, 0x0000000081100000, 0x0000000081100000|100%|HS|  |TAMS 0x0000000081100000, 0x0000000081000000| Complete 
|  17|0x0000000081100000, 0x0000000081200000, 0x0000000081200000|100%|HC|  |TAMS 0x0000000081200000, 0x0000000081100000| Complete 
|  18|0x0000000081200000, 0x0000000081300000, 0x0000000081300000|100%|HS|  |TAMS 0x0000000081300000, 0x0000000081200000| Complete 
|  19|0x0000000081300000, 0x0000000081400000, 0x0000000081400000|100%|HC|  |TAMS 0x0000000081400000, 0x0000000081300000| Complete 
|  20|0x0000000081400000, 0x0000000081500000, 0x0000000081500000|100%|HC|  |TAMS 0x0000000081500000, 0x0000000081400000| Complete 
|  21|0x0000000081500000, 0x0000000081600000, 0x0000000081600000|100%|HS|  |TAMS 0x0000000081600000, 0x0000000081500000| Complete 
|  22|0x0000000081600000, 0x0000000081700000, 0x0000000081700000|100%|HS|  |TAMS 0x0000000081700000, 0x0000000081600000| Complete 
|  23|0x0000000081700000, 0x0000000081800000, 0x0000000081800000|100%|HS|  |TAMS 0x0000000081800000, 0x0000000081700000| Complete 
|  24|0x0000000081800000, 0x0000000081900000, 0x0000000081900000|100%|HC|  |TAMS 0x0000000081900000, 0x0000000081800000| Complete 
|  25|0x0000000081900000, 0x0000000081a00000, 0x0000000081a00000|100%| O|  |TAMS 0x0000000081a00000, 0x0000000081900000| Untracked 
|  26|0x0000000081a00000, 0x0000000081b00000, 0x0000000081b00000|100%| O|  |TAMS 0x0000000081b00000, 0x0000000081a00000| Untracked 
|  27|0x0000000081b00000, 0x0000000081c00000, 0x0000000081c00000|100%| O|  |TAMS 0x0000000081c00000, 0x0000000081b00000| Untracked 
|  28|0x0000000081c00000, 0x0000000081d00000, 0x0000000081d00000|100%| O|  |TAMS 0x0000000081d00000, 0x0000000081c00000| Untracked 
|  29|0x0000000081d00000, 0x0000000081e00000, 0x0000000081e00000|100%| O|  |TAMS 0x0000000081e00000, 0x0000000081d00000| Untracked 
|  30|0x0000000081e00000, 0x0000000081f00000, 0x0000000081f00000|100%| O|  |TAMS 0x0000000081f00000, 0x0000000081e00000| Untracked 
|  31|0x0000000081f00000, 0x0000000082000000, 0x0000000082000000|100%| O|  |TAMS 0x0000000082000000, 0x0000000081f00000| Untracked 
|  32|0x0000000082000000, 0x0000000082100000, 0x0000000082100000|100%| O|  |TAMS 0x0000000082100000, 0x0000000082000000| Untracked 
|  33|0x0000000082100000, 0x0000000082200000, 0x0000000082200000|100%| O|  |TAMS 0x0000000082200000, 0x0000000082100000| Untracked 
|  34|0x0000000082200000, 0x0000000082300000, 0x0000000082300000|100%| O|  |TAMS 0x0000000082300000, 0x0000000082200000| Untracked 
|  35|0x0000000082300000, 0x0000000082400000, 0x0000000082400000|100%| O|  |TAMS 0x0000000082400000, 0x0000000082300000| Untracked 
|  36|0x0000000082400000, 0x0000000082500000, 0x0000000082500000|100%| O|  |TAMS 0x0000000082500000, 0x0000000082400000| Untracked 
|  37|0x0000000082500000, 0x0000000082500000, 0x0000000082600000|  0%| F|  |TAMS 0x0000000082500000, 0x0000000082500000| Untracked 
|  38|0x0000000082600000, 0x0000000082700000, 0x0000000082700000|100%| O|  |TAMS 0x0000000082700000, 0x0000000082600000| Untracked 
|  39|0x0000000082700000, 0x0000000082800000, 0x0000000082800000|100%| O|  |TAMS 0x0000000082800000, 0x0000000082700000| Untracked 
|  40|0x0000000082800000, 0x0000000082900000, 0x0000000082900000|100%| O|  |TAMS 0x0000000082900000, 0x0000000082800000| Untracked 
|  41|0x0000000082900000, 0x0000000082a00000, 0x0000000082a00000|100%| O|  |TAMS 0x0000000082a00000, 0x0000000082900000| Untracked 
|  42|0x0000000082a00000, 0x0000000082b00000, 0x0000000082b00000|100%| O|  |TAMS 0x0000000082b00000, 0x0000000082a00000| Untracked 
|  43|0x0000000082b00000, 0x0000000082c00000, 0x0000000082c00000|100%| O|  |TAMS 0x0000000082c00000, 0x0000000082b00000| Untracked 
|  44|0x0000000082c00000, 0x0000000082d00000, 0x0000000082d00000|100%| O|  |TAMS 0x0000000082d00000, 0x0000000082c00000| Untracked 
|  45|0x0000000082d00000, 0x0000000082e00000, 0x0000000082e00000|100%| O|  |TAMS 0x0000000082e00000, 0x0000000082d00000| Untracked 
|  46|0x0000000082e00000, 0x0000000082f00000, 0x0000000082f00000|100%| O|  |TAMS 0x0000000082f00000, 0x0000000082e00000| Untracked 
|  47|0x0000000082f00000, 0x0000000082f20e00, 0x0000000083000000| 12%| O|  |TAMS 0x0000000082f20e00, 0x0000000082f00000| Untracked 
|  48|0x0000000083000000, 0x0000000083000000, 0x0000000083100000|  0%| F|  |TAMS 0x0000000083000000, 0x0000000083000000| Untracked 
|  49|0x0000000083100000, 0x0000000083100000, 0x0000000083200000|  0%| F|  |TAMS 0x0000000083100000, 0x0000000083100000| Untracked 
|  50|0x0000000083200000, 0x0000000083200000, 0x0000000083300000|  0%| F|  |TAMS 0x0000000083200000, 0x0000000083200000| Untracked 
|  51|0x0000000083300000, 0x0000000083300000, 0x0000000083400000|  0%| F|  |TAMS 0x0000000083300000, 0x0000000083300000| Untracked 
|  52|0x0000000083400000, 0x0000000083400000, 0x0000000083500000|  0%| F|  |TAMS 0x0000000083400000, 0x0000000083400000| Untracked 
|  53|0x0000000083500000, 0x0000000083500000, 0x0000000083600000|  0%| F|  |TAMS 0x0000000083500000, 0x0000000083500000| Untracked 
|  54|0x0000000083600000, 0x0000000083600000, 0x0000000083700000|  0%| F|  |TAMS 0x0000000083600000, 0x0000000083600000| Untracked 
|  55|0x0000000083700000, 0x0000000083700000, 0x0000000083800000|  0%| F|  |TAMS 0x0000000083700000, 0x0000000083700000| Untracked 
|  56|0x0000000083800000, 0x0000000083800000, 0x0000000083900000|  0%| F|  |TAMS 0x0000000083800000, 0x0000000083800000| Untracked 
|  57|0x0000000083900000, 0x0000000083900000, 0x0000000083a00000|  0%| F|  |TAMS 0x0000000083900000, 0x0000000083900000| Untracked 
|  58|0x0000000083a00000, 0x0000000083a00000, 0x0000000083b00000|  0%| F|  |TAMS 0x0000000083a00000, 0x0000000083a00000| Untracked 
|  59|0x0000000083b00000, 0x0000000083b00000, 0x0000000083c00000|  0%| F|  |TAMS 0x0000000083b00000, 0x0000000083b00000| Untracked 
|  60|0x0000000083c00000, 0x0000000083c00000, 0x0000000083d00000|  0%| F|  |TAMS 0x0000000083c00000, 0x0000000083c00000| Untracked 
|  61|0x0000000083d00000, 0x0000000083d00000, 0x0000000083e00000|  0%| F|  |TAMS 0x0000000083d00000, 0x0000000083d00000| Untracked 
|  62|0x0000000083e00000, 0x0000000083e00000, 0x0000000083f00000|  0%| F|  |TAMS 0x0000000083e00000, 0x0000000083e00000| Untracked 
|  63|0x0000000083f00000, 0x0000000083f00000, 0x0000000084000000|  0%| F|  |TAMS 0x0000000083f00000, 0x0000000083f00000| Untracked 
|  64|0x0000000084000000, 0x0000000084000000, 0x0000000084100000|  0%| F|  |TAMS 0x0000000084000000, 0x0000000084000000| Untracked 
|  65|0x0000000084100000, 0x0000000084100000, 0x0000000084200000|  0%| F|  |TAMS 0x0000000084100000, 0x0000000084100000| Untracked 
|  66|0x0000000084200000, 0x0000000084200000, 0x0000000084300000|  0%| F|  |TAMS 0x0000000084200000, 0x0000000084200000| Untracked 
|  67|0x0000000084300000, 0x0000000084300000, 0x0000000084400000|  0%| F|  |TAMS 0x0000000084300000, 0x0000000084300000| Untracked 
|  68|0x0000000084400000, 0x0000000084400000, 0x0000000084500000|  0%| F|  |TAMS 0x0000000084400000, 0x0000000084400000| Untracked 
|  69|0x0000000084500000, 0x0000000084500000, 0x0000000084600000|  0%| F|  |TAMS 0x0000000084500000, 0x0000000084500000| Untracked 
|  70|0x0000000084600000, 0x0000000084600000, 0x0000000084700000|  0%| F|  |TAMS 0x0000000084600000, 0x0000000084600000| Untracked 
|  71|0x0000000084700000, 0x0000000084700000, 0x0000000084800000|  0%| F|  |TAMS 0x0000000084700000, 0x0000000084700000| Untracked 
|  72|0x0000000084800000, 0x0000000084800000, 0x0000000084900000|  0%| F|  |TAMS 0x0000000084800000, 0x0000000084800000| Untracked 
|  73|0x0000000084900000, 0x0000000084900000, 0x0000000084a00000|  0%| F|  |TAMS 0x0000000084900000, 0x0000000084900000| Untracked 
|  74|0x0000000084a00000, 0x0000000084a00000, 0x0000000084b00000|  0%| F|  |TAMS 0x0000000084a00000, 0x0000000084a00000| Untracked 
|  75|0x0000000084b00000, 0x0000000084b00000, 0x0000000084c00000|  0%| F|  |TAMS 0x0000000084b00000, 0x0000000084b00000| Untracked 
|  76|0x0000000084c00000, 0x0000000084c00000, 0x0000000084d00000|  0%| F|  |TAMS 0x0000000084c00000, 0x0000000084c00000| Untracked 
|  77|0x0000000084d00000, 0x0000000084d00000, 0x0000000084e00000|  0%| F|  |TAMS 0x0000000084d00000, 0x0000000084d00000| Untracked 
|  78|0x0000000084e00000, 0x0000000084e00000, 0x0000000084f00000|  0%| F|  |TAMS 0x0000000084e00000, 0x0000000084e00000| Untracked 
|  79|0x0000000084f00000, 0x0000000084f00000, 0x0000000085000000|  0%| F|  |TAMS 0x0000000084f00000, 0x0000000084f00000| Untracked 
|  80|0x0000000085000000, 0x0000000085000000, 0x0000000085100000|  0%| F|  |TAMS 0x0000000085000000, 0x0000000085000000| Untracked 
|  81|0x0000000085100000, 0x0000000085100000, 0x0000000085200000|  0%| F|  |TAMS 0x0000000085100000, 0x0000000085100000| Untracked 
|  82|0x0000000085200000, 0x0000000085200000, 0x0000000085300000|  0%| F|  |TAMS 0x0000000085200000, 0x0000000085200000| Untracked 
|  83|0x0000000085300000, 0x0000000085300000, 0x0000000085400000|  0%| F|  |TAMS 0x0000000085300000, 0x0000000085300000| Untracked 
|  84|0x0000000085400000, 0x0000000085400000, 0x0000000085500000|  0%| F|  |TAMS 0x0000000085400000, 0x0000000085400000| Untracked 
|  85|0x0000000085500000, 0x0000000085500000, 0x0000000085600000|  0%| F|  |TAMS 0x0000000085500000, 0x0000000085500000| Untracked 
|  86|0x0000000085600000, 0x0000000085600000, 0x0000000085700000|  0%| F|  |TAMS 0x0000000085600000, 0x0000000085600000| Untracked 
|  87|0x0000000085700000, 0x0000000085700000, 0x0000000085800000|  0%| F|  |TAMS 0x0000000085700000, 0x0000000085700000| Untracked 
|  88|0x0000000085800000, 0x0000000085800000, 0x0000000085900000|  0%| F|  |TAMS 0x0000000085800000, 0x0000000085800000| Untracked 
|  89|0x0000000085900000, 0x0000000085900000, 0x0000000085a00000|  0%| F|  |TAMS 0x0000000085900000, 0x0000000085900000| Untracked 
|  90|0x0000000085a00000, 0x0000000085a00000, 0x0000000085b00000|  0%| F|  |TAMS 0x0000000085a00000, 0x0000000085a00000| Untracked 
|  91|0x0000000085b00000, 0x0000000085b00000, 0x0000000085c00000|  0%| F|  |TAMS 0x0000000085b00000, 0x0000000085b00000| Untracked 
|  92|0x0000000085c00000, 0x0000000085c00000, 0x0000000085d00000|  0%| F|  |TAMS 0x0000000085c00000, 0x0000000085c00000| Untracked 
|  93|0x0000000085d00000, 0x0000000085d00000, 0x0000000085e00000|  0%| F|  |TAMS 0x0000000085d00000, 0x0000000085d00000| Untracked 
|  94|0x0000000085e00000, 0x0000000085e00000, 0x0000000085f00000|  0%| F|  |TAMS 0x0000000085e00000, 0x0000000085e00000| Untracked 
|  95|0x0000000085f00000, 0x0000000085f00000, 0x0000000086000000|  0%| F|  |TAMS 0x0000000085f00000, 0x0000000085f00000| Untracked 
|  96|0x0000000086000000, 0x0000000086000000, 0x0000000086100000|  0%| F|  |TAMS 0x0000000086000000, 0x0000000086000000| Untracked 
|  97|0x0000000086100000, 0x0000000086100000, 0x0000000086200000|  0%| F|  |TAMS 0x0000000086100000, 0x0000000086100000| Untracked 
|  98|0x0000000086200000, 0x0000000086200000, 0x0000000086300000|  0%| F|  |TAMS 0x0000000086200000, 0x0000000086200000| Untracked 
|  99|0x0000000086300000, 0x0000000086300000, 0x0000000086400000|  0%| F|  |TAMS 0x0000000086300000, 0x0000000086300000| Untracked 
| 100|0x0000000086400000, 0x00000000864c3918, 0x0000000086500000| 76%| S|CS|TAMS 0x0000000086400000, 0x0000000086400000| Complete 
| 101|0x0000000086500000, 0x0000000086600000, 0x0000000086600000|100%| S|CS|TAMS 0x0000000086500000, 0x0000000086500000| Complete 
| 102|0x0000000086600000, 0x0000000086700000, 0x0000000086700000|100%| S|CS|TAMS 0x0000000086600000, 0x0000000086600000| Complete 
| 103|0x0000000086700000, 0x0000000086800000, 0x0000000086800000|100%| S|CS|TAMS 0x0000000086700000, 0x0000000086700000| Complete 
| 104|0x0000000086800000, 0x0000000086900000, 0x0000000086900000|100%| S|CS|TAMS 0x0000000086800000, 0x0000000086800000| Complete 
| 105|0x0000000086900000, 0x0000000086a00000, 0x0000000086a00000|100%| S|CS|TAMS 0x0000000086900000, 0x0000000086900000| Complete 
| 106|0x0000000086a00000, 0x0000000086b00000, 0x0000000086b00000|100%| S|CS|TAMS 0x0000000086a00000, 0x0000000086a00000| Complete 
| 107|0x0000000086b00000, 0x0000000086c00000, 0x0000000086c00000|100%| S|CS|TAMS 0x0000000086b00000, 0x0000000086b00000| Complete 
| 108|0x0000000086c00000, 0x0000000086d00000, 0x0000000086d00000|100%| S|CS|TAMS 0x0000000086c00000, 0x0000000086c00000| Complete 
| 109|0x0000000086d00000, 0x0000000086e00000, 0x0000000086e00000|100%| S|CS|TAMS 0x0000000086d00000, 0x0000000086d00000| Complete 
| 110|0x0000000086e00000, 0x0000000086f00000, 0x0000000086f00000|100%| S|CS|TAMS 0x0000000086e00000, 0x0000000086e00000| Complete 
| 111|0x0000000086f00000, 0x0000000087000000, 0x0000000087000000|100%| S|CS|TAMS 0x0000000086f00000, 0x0000000086f00000| Complete 
| 112|0x0000000087000000, 0x0000000087100000, 0x0000000087100000|100%| S|CS|TAMS 0x0000000087000000, 0x0000000087000000| Complete 
| 113|0x0000000087100000, 0x0000000087100000, 0x0000000087200000|  0%| F|  |TAMS 0x0000000087100000, 0x0000000087100000| Untracked 
| 114|0x0000000087200000, 0x0000000087200000, 0x0000000087300000|  0%| F|  |TAMS 0x0000000087200000, 0x0000000087200000| Untracked 
| 115|0x0000000087300000, 0x0000000087300000, 0x0000000087400000|  0%| F|  |TAMS 0x0000000087300000, 0x0000000087300000| Untracked 
| 116|0x0000000087400000, 0x0000000087400000, 0x0000000087500000|  0%| F|  |TAMS 0x0000000087400000, 0x0000000087400000| Untracked 
| 117|0x0000000087500000, 0x0000000087500000, 0x0000000087600000|  0%| F|  |TAMS 0x0000000087500000, 0x0000000087500000| Untracked 
| 118|0x0000000087600000, 0x0000000087600000, 0x0000000087700000|  0%| F|  |TAMS 0x0000000087600000, 0x0000000087600000| Untracked 
| 119|0x0000000087700000, 0x0000000087700000, 0x0000000087800000|  0%| F|  |TAMS 0x0000000087700000, 0x0000000087700000| Untracked 
| 120|0x0000000087800000, 0x0000000087800000, 0x0000000087900000|  0%| F|  |TAMS 0x0000000087800000, 0x0000000087800000| Untracked 
| 121|0x0000000087900000, 0x0000000087900000, 0x0000000087a00000|  0%| F|  |TAMS 0x0000000087900000, 0x0000000087900000| Untracked 
| 122|0x0000000087a00000, 0x0000000087a00000, 0x0000000087b00000|  0%| F|  |TAMS 0x0000000087a00000, 0x0000000087a00000| Untracked 
| 123|0x0000000087b00000, 0x0000000087b00000, 0x0000000087c00000|  0%| F|  |TAMS 0x0000000087b00000, 0x0000000087b00000| Untracked 
| 124|0x0000000087c00000, 0x0000000087c00000, 0x0000000087d00000|  0%| F|  |TAMS 0x0000000087c00000, 0x0000000087c00000| Untracked 
| 125|0x0000000087d00000, 0x0000000087d00000, 0x0000000087e00000|  0%| F|  |TAMS 0x0000000087d00000, 0x0000000087d00000| Untracked 
| 126|0x0000000087e00000, 0x0000000087e00000, 0x0000000087f00000|  0%| F|  |TAMS 0x0000000087e00000, 0x0000000087e00000| Untracked 
| 127|0x0000000087f00000, 0x0000000087f00000, 0x0000000088000000|  0%| F|  |TAMS 0x0000000087f00000, 0x0000000087f00000| Untracked 
| 128|0x0000000088000000, 0x0000000088000000, 0x0000000088100000|  0%| F|  |TAMS 0x0000000088000000, 0x0000000088000000| Untracked 
| 129|0x0000000088100000, 0x0000000088100000, 0x0000000088200000|  0%| F|  |TAMS 0x0000000088100000, 0x0000000088100000| Untracked 
| 130|0x0000000088200000, 0x0000000088200000, 0x0000000088300000|  0%| F|  |TAMS 0x0000000088200000, 0x0000000088200000| Untracked 
| 131|0x0000000088300000, 0x0000000088300000, 0x0000000088400000|  0%| F|  |TAMS 0x0000000088300000, 0x0000000088300000| Untracked 
| 132|0x0000000088400000, 0x0000000088400000, 0x0000000088500000|  0%| F|  |TAMS 0x0000000088400000, 0x0000000088400000| Untracked 
| 133|0x0000000088500000, 0x0000000088500000, 0x0000000088600000|  0%| F|  |TAMS 0x0000000088500000, 0x0000000088500000| Untracked 
| 134|0x0000000088600000, 0x0000000088600000, 0x0000000088700000|  0%| F|  |TAMS 0x0000000088600000, 0x0000000088600000| Untracked 
| 135|0x0000000088700000, 0x0000000088700000, 0x0000000088800000|  0%| F|  |TAMS 0x0000000088700000, 0x0000000088700000| Untracked 
| 136|0x0000000088800000, 0x0000000088800000, 0x0000000088900000|  0%| F|  |TAMS 0x0000000088800000, 0x0000000088800000| Untracked 
| 137|0x0000000088900000, 0x0000000088900000, 0x0000000088a00000|  0%| F|  |TAMS 0x0000000088900000, 0x0000000088900000| Untracked 
| 138|0x0000000088a00000, 0x0000000088a00000, 0x0000000088b00000|  0%| F|  |TAMS 0x0000000088a00000, 0x0000000088a00000| Untracked 
| 139|0x0000000088b00000, 0x0000000088b00000, 0x0000000088c00000|  0%| F|  |TAMS 0x0000000088b00000, 0x0000000088b00000| Untracked 
| 140|0x0000000088c00000, 0x0000000088c00000, 0x0000000088d00000|  0%| F|  |TAMS 0x0000000088c00000, 0x0000000088c00000| Untracked 
| 141|0x0000000088d00000, 0x0000000088d00000, 0x0000000088e00000|  0%| F|  |TAMS 0x0000000088d00000, 0x0000000088d00000| Untracked 
| 142|0x0000000088e00000, 0x0000000088e00000, 0x0000000088f00000|  0%| F|  |TAMS 0x0000000088e00000, 0x0000000088e00000| Untracked 
| 143|0x0000000088f00000, 0x0000000088f00000, 0x0000000089000000|  0%| F|  |TAMS 0x0000000088f00000, 0x0000000088f00000| Untracked 
| 144|0x0000000089000000, 0x0000000089000000, 0x0000000089100000|  0%| F|  |TAMS 0x0000000089000000, 0x0000000089000000| Untracked 
| 145|0x0000000089100000, 0x0000000089100000, 0x0000000089200000|  0%| F|  |TAMS 0x0000000089100000, 0x0000000089100000| Untracked 
| 146|0x0000000089200000, 0x0000000089200000, 0x0000000089300000|  0%| F|  |TAMS 0x0000000089200000, 0x0000000089200000| Untracked 
| 147|0x0000000089300000, 0x0000000089300000, 0x0000000089400000|  0%| F|  |TAMS 0x0000000089300000, 0x0000000089300000| Untracked 
| 148|0x0000000089400000, 0x0000000089400000, 0x0000000089500000|  0%| F|  |TAMS 0x0000000089400000, 0x0000000089400000| Untracked 
| 149|0x0000000089500000, 0x0000000089500000, 0x0000000089600000|  0%| F|  |TAMS 0x0000000089500000, 0x0000000089500000| Untracked 
| 150|0x0000000089600000, 0x0000000089600000, 0x0000000089700000|  0%| F|  |TAMS 0x0000000089600000, 0x0000000089600000| Untracked 
| 151|0x0000000089700000, 0x0000000089700000, 0x0000000089800000|  0%| F|  |TAMS 0x0000000089700000, 0x0000000089700000| Untracked 
| 152|0x0000000089800000, 0x0000000089800000, 0x0000000089900000|  0%| F|  |TAMS 0x0000000089800000, 0x0000000089800000| Untracked 
| 153|0x0000000089900000, 0x0000000089900000, 0x0000000089a00000|  0%| F|  |TAMS 0x0000000089900000, 0x0000000089900000| Untracked 
| 154|0x0000000089a00000, 0x0000000089a00000, 0x0000000089b00000|  0%| F|  |TAMS 0x0000000089a00000, 0x0000000089a00000| Untracked 
| 155|0x0000000089b00000, 0x0000000089b00000, 0x0000000089c00000|  0%| F|  |TAMS 0x0000000089b00000, 0x0000000089b00000| Untracked 
| 156|0x0000000089c00000, 0x0000000089c00000, 0x0000000089d00000|  0%| F|  |TAMS 0x0000000089c00000, 0x0000000089c00000| Untracked 
| 157|0x0000000089d00000, 0x0000000089d00000, 0x0000000089e00000|  0%| F|  |TAMS 0x0000000089d00000, 0x0000000089d00000| Untracked 
| 158|0x0000000089e00000, 0x0000000089e00000, 0x0000000089f00000|  0%| F|  |TAMS 0x0000000089e00000, 0x0000000089e00000| Untracked 
| 159|0x0000000089f00000, 0x0000000089f00000, 0x000000008a000000|  0%| F|  |TAMS 0x0000000089f00000, 0x0000000089f00000| Untracked 
| 160|0x000000008a000000, 0x000000008a000000, 0x000000008a100000|  0%| F|  |TAMS 0x000000008a000000, 0x000000008a000000| Untracked 
| 161|0x000000008a100000, 0x000000008a100000, 0x000000008a200000|  0%| F|  |TAMS 0x000000008a100000, 0x000000008a100000| Untracked 
| 162|0x000000008a200000, 0x000000008a200000, 0x000000008a300000|  0%| F|  |TAMS 0x000000008a200000, 0x000000008a200000| Untracked 
| 163|0x000000008a300000, 0x000000008a300000, 0x000000008a400000|  0%| F|  |TAMS 0x000000008a300000, 0x000000008a300000| Untracked 
| 164|0x000000008a400000, 0x000000008a400000, 0x000000008a500000|  0%| F|  |TAMS 0x000000008a400000, 0x000000008a400000| Untracked 
| 165|0x000000008a500000, 0x000000008a500000, 0x000000008a600000|  0%| F|  |TAMS 0x000000008a500000, 0x000000008a500000| Untracked 
| 166|0x000000008a600000, 0x000000008a600000, 0x000000008a700000|  0%| F|  |TAMS 0x000000008a600000, 0x000000008a600000| Untracked 
| 167|0x000000008a700000, 0x000000008a700000, 0x000000008a800000|  0%| F|  |TAMS 0x000000008a700000, 0x000000008a700000| Untracked 
| 168|0x000000008a800000, 0x000000008a800000, 0x000000008a900000|  0%| F|  |TAMS 0x000000008a800000, 0x000000008a800000| Untracked 
| 169|0x000000008a900000, 0x000000008a900000, 0x000000008aa00000|  0%| F|  |TAMS 0x000000008a900000, 0x000000008a900000| Untracked 
| 170|0x000000008aa00000, 0x000000008aa00000, 0x000000008ab00000|  0%| F|  |TAMS 0x000000008aa00000, 0x000000008aa00000| Untracked 
| 171|0x000000008ab00000, 0x000000008ab00000, 0x000000008ac00000|  0%| F|  |TAMS 0x000000008ab00000, 0x000000008ab00000| Untracked 
| 172|0x000000008ac00000, 0x000000008ac00000, 0x000000008ad00000|  0%| F|  |TAMS 0x000000008ac00000, 0x000000008ac00000| Untracked 
| 173|0x000000008ad00000, 0x000000008ad00000, 0x000000008ae00000|  0%| F|  |TAMS 0x000000008ad00000, 0x000000008ad00000| Untracked 
| 174|0x000000008ae00000, 0x000000008ae00000, 0x000000008af00000|  0%| F|  |TAMS 0x000000008ae00000, 0x000000008ae00000| Untracked 
| 175|0x000000008af00000, 0x000000008af00000, 0x000000008b000000|  0%| F|  |TAMS 0x000000008af00000, 0x000000008af00000| Untracked 
| 176|0x000000008b000000, 0x000000008b000000, 0x000000008b100000|  0%| F|  |TAMS 0x000000008b000000, 0x000000008b000000| Untracked 
| 177|0x000000008b100000, 0x000000008b100000, 0x000000008b200000|  0%| F|  |TAMS 0x000000008b100000, 0x000000008b100000| Untracked 
| 178|0x000000008b200000, 0x000000008b200000, 0x000000008b300000|  0%| F|  |TAMS 0x000000008b200000, 0x000000008b200000| Untracked 
| 179|0x000000008b300000, 0x000000008b300000, 0x000000008b400000|  0%| F|  |TAMS 0x000000008b300000, 0x000000008b300000| Untracked 
| 180|0x000000008b400000, 0x000000008b400000, 0x000000008b500000|  0%| F|  |TAMS 0x000000008b400000, 0x000000008b400000| Untracked 
| 181|0x000000008b500000, 0x000000008b500000, 0x000000008b600000|  0%| F|  |TAMS 0x000000008b500000, 0x000000008b500000| Untracked 
| 182|0x000000008b600000, 0x000000008b600000, 0x000000008b700000|  0%| F|  |TAMS 0x000000008b600000, 0x000000008b600000| Untracked 
| 183|0x000000008b700000, 0x000000008b700000, 0x000000008b800000|  0%| F|  |TAMS 0x000000008b700000, 0x000000008b700000| Untracked 
| 184|0x000000008b800000, 0x000000008b800000, 0x000000008b900000|  0%| F|  |TAMS 0x000000008b800000, 0x000000008b800000| Untracked 
| 185|0x000000008b900000, 0x000000008b900000, 0x000000008ba00000|  0%| F|  |TAMS 0x000000008b900000, 0x000000008b900000| Untracked 
| 186|0x000000008ba00000, 0x000000008ba00000, 0x000000008bb00000|  0%| F|  |TAMS 0x000000008ba00000, 0x000000008ba00000| Untracked 
| 187|0x000000008bb00000, 0x000000008bb00000, 0x000000008bc00000|  0%| F|  |TAMS 0x000000008bb00000, 0x000000008bb00000| Untracked 
| 188|0x000000008bc00000, 0x000000008bc00000, 0x000000008bd00000|  0%| F|  |TAMS 0x000000008bc00000, 0x000000008bc00000| Untracked 
| 189|0x000000008bd00000, 0x000000008bd00000, 0x000000008be00000|  0%| F|  |TAMS 0x000000008bd00000, 0x000000008bd00000| Untracked 
| 190|0x000000008be00000, 0x000000008be00000, 0x000000008bf00000|  0%| F|  |TAMS 0x000000008be00000, 0x000000008be00000| Untracked 
| 191|0x000000008bf00000, 0x000000008bf00000, 0x000000008c000000|  0%| F|  |TAMS 0x000000008bf00000, 0x000000008bf00000| Untracked 
| 192|0x000000008c000000, 0x000000008c000000, 0x000000008c100000|  0%| F|  |TAMS 0x000000008c000000, 0x000000008c000000| Untracked 
| 193|0x000000008c100000, 0x000000008c100000, 0x000000008c200000|  0%| F|  |TAMS 0x000000008c100000, 0x000000008c100000| Untracked 
| 194|0x000000008c200000, 0x000000008c200000, 0x000000008c300000|  0%| F|  |TAMS 0x000000008c200000, 0x000000008c200000| Untracked 
| 195|0x000000008c300000, 0x000000008c300000, 0x000000008c400000|  0%| F|  |TAMS 0x000000008c300000, 0x000000008c300000| Untracked 
| 196|0x000000008c400000, 0x000000008c400000, 0x000000008c500000|  0%| F|  |TAMS 0x000000008c400000, 0x000000008c400000| Untracked 
| 197|0x000000008c500000, 0x000000008c500000, 0x000000008c600000|  0%| F|  |TAMS 0x000000008c500000, 0x000000008c500000| Untracked 
| 198|0x000000008c600000, 0x000000008c600000, 0x000000008c700000|  0%| F|  |TAMS 0x000000008c600000, 0x000000008c600000| Untracked 
| 199|0x000000008c700000, 0x000000008c700000, 0x000000008c800000|  0%| F|  |TAMS 0x000000008c700000, 0x000000008c700000| Untracked 
| 200|0x000000008c800000, 0x000000008c800000, 0x000000008c900000|  0%| F|  |TAMS 0x000000008c800000, 0x000000008c800000| Untracked 
| 201|0x000000008c900000, 0x000000008c900000, 0x000000008ca00000|  0%| F|  |TAMS 0x000000008c900000, 0x000000008c900000| Untracked 
| 202|0x000000008ca00000, 0x000000008ca00000, 0x000000008cb00000|  0%| F|  |TAMS 0x000000008ca00000, 0x000000008ca00000| Untracked 
| 203|0x000000008cb00000, 0x000000008cb00000, 0x000000008cc00000|  0%| F|  |TAMS 0x000000008cb00000, 0x000000008cb00000| Untracked 
| 204|0x000000008cc00000, 0x000000008cc00000, 0x000000008cd00000|  0%| F|  |TAMS 0x000000008cc00000, 0x000000008cc00000| Untracked 
| 205|0x000000008cd00000, 0x000000008cd00000, 0x000000008ce00000|  0%| F|  |TAMS 0x000000008cd00000, 0x000000008cd00000| Untracked 
| 206|0x000000008ce00000, 0x000000008ce00000, 0x000000008cf00000|  0%| F|  |TAMS 0x000000008ce00000, 0x000000008ce00000| Untracked 
| 207|0x000000008cf00000, 0x000000008cf00000, 0x000000008d000000|  0%| F|  |TAMS 0x000000008cf00000, 0x000000008cf00000| Untracked 
| 208|0x000000008d000000, 0x000000008d000000, 0x000000008d100000|  0%| F|  |TAMS 0x000000008d000000, 0x000000008d000000| Untracked 
| 209|0x000000008d100000, 0x000000008d100000, 0x000000008d200000|  0%| F|  |TAMS 0x000000008d100000, 0x000000008d100000| Untracked 
| 210|0x000000008d200000, 0x000000008d200000, 0x000000008d300000|  0%| F|  |TAMS 0x000000008d200000, 0x000000008d200000| Untracked 
| 211|0x000000008d300000, 0x000000008d300000, 0x000000008d400000|  0%| F|  |TAMS 0x000000008d300000, 0x000000008d300000| Untracked 
| 212|0x000000008d400000, 0x000000008d400000, 0x000000008d500000|  0%| F|  |TAMS 0x000000008d400000, 0x000000008d400000| Untracked 
| 213|0x000000008d500000, 0x000000008d500000, 0x000000008d600000|  0%| F|  |TAMS 0x000000008d500000, 0x000000008d500000| Untracked 
| 214|0x000000008d600000, 0x000000008d600000, 0x000000008d700000|  0%| F|  |TAMS 0x000000008d600000, 0x000000008d600000| Untracked 
| 215|0x000000008d700000, 0x000000008d700000, 0x000000008d800000|  0%| F|  |TAMS 0x000000008d700000, 0x000000008d700000| Untracked 
| 216|0x000000008d800000, 0x000000008d800000, 0x000000008d900000|  0%| F|  |TAMS 0x000000008d800000, 0x000000008d800000| Untracked 
| 217|0x000000008d900000, 0x000000008d900000, 0x000000008da00000|  0%| F|  |TAMS 0x000000008d900000, 0x000000008d900000| Untracked 
| 218|0x000000008da00000, 0x000000008da00000, 0x000000008db00000|  0%| F|  |TAMS 0x000000008da00000, 0x000000008da00000| Untracked 
| 219|0x000000008db00000, 0x000000008db00000, 0x000000008dc00000|  0%| F|  |TAMS 0x000000008db00000, 0x000000008db00000| Untracked 
| 220|0x000000008dc00000, 0x000000008dc00000, 0x000000008dd00000|  0%| F|  |TAMS 0x000000008dc00000, 0x000000008dc00000| Untracked 
| 221|0x000000008dd00000, 0x000000008dd00000, 0x000000008de00000|  0%| F|  |TAMS 0x000000008dd00000, 0x000000008dd00000| Untracked 
| 222|0x000000008de00000, 0x000000008de00000, 0x000000008df00000|  0%| F|  |TAMS 0x000000008de00000, 0x000000008de00000| Untracked 
| 223|0x000000008df00000, 0x000000008df00000, 0x000000008e000000|  0%| F|  |TAMS 0x000000008df00000, 0x000000008df00000| Untracked 
| 224|0x000000008e000000, 0x000000008e000000, 0x000000008e100000|  0%| F|  |TAMS 0x000000008e000000, 0x000000008e000000| Untracked 
| 225|0x000000008e100000, 0x000000008e100000, 0x000000008e200000|  0%| F|  |TAMS 0x000000008e100000, 0x000000008e100000| Untracked 
| 226|0x000000008e200000, 0x000000008e200000, 0x000000008e300000|  0%| F|  |TAMS 0x000000008e200000, 0x000000008e200000| Untracked 
| 227|0x000000008e300000, 0x000000008e300000, 0x000000008e400000|  0%| F|  |TAMS 0x000000008e300000, 0x000000008e300000| Untracked 
| 228|0x000000008e400000, 0x000000008e400000, 0x000000008e500000|  0%| F|  |TAMS 0x000000008e400000, 0x000000008e400000| Untracked 
| 229|0x000000008e500000, 0x000000008e59cac8, 0x000000008e600000| 61%| E|  |TAMS 0x000000008e500000, 0x000000008e500000| Complete 
| 230|0x000000008e600000, 0x000000008e700000, 0x000000008e700000|100%| E|CS|TAMS 0x000000008e600000, 0x000000008e600000| Complete 
| 231|0x000000008e700000, 0x000000008e800000, 0x000000008e800000|100%| E|CS|TAMS 0x000000008e700000, 0x000000008e700000| Complete 
| 232|0x000000008e800000, 0x000000008e900000, 0x000000008e900000|100%| E|CS|TAMS 0x000000008e800000, 0x000000008e800000| Complete 
| 233|0x000000008e900000, 0x000000008ea00000, 0x000000008ea00000|100%| E|CS|TAMS 0x000000008e900000, 0x000000008e900000| Complete 
| 234|0x000000008ea00000, 0x000000008eb00000, 0x000000008eb00000|100%| E|CS|TAMS 0x000000008ea00000, 0x000000008ea00000| Complete 
| 235|0x000000008eb00000, 0x000000008ec00000, 0x000000008ec00000|100%| E|CS|TAMS 0x000000008eb00000, 0x000000008eb00000| Complete 
| 236|0x000000008ec00000, 0x000000008ed00000, 0x000000008ed00000|100%| E|CS|TAMS 0x000000008ec00000, 0x000000008ec00000| Complete 
| 237|0x000000008ed00000, 0x000000008ee00000, 0x000000008ee00000|100%| E|CS|TAMS 0x000000008ed00000, 0x000000008ed00000| Complete 
| 238|0x000000008ee00000, 0x000000008ef00000, 0x000000008ef00000|100%| E|CS|TAMS 0x000000008ee00000, 0x000000008ee00000| Complete 
| 239|0x000000008ef00000, 0x000000008f000000, 0x000000008f000000|100%| E|CS|TAMS 0x000000008ef00000, 0x000000008ef00000| Complete 
| 240|0x000000008f000000, 0x000000008f100000, 0x000000008f100000|100%| E|CS|TAMS 0x000000008f000000, 0x000000008f000000| Complete 
| 241|0x000000008f100000, 0x000000008f200000, 0x000000008f200000|100%| E|CS|TAMS 0x000000008f100000, 0x000000008f100000| Complete 
| 242|0x000000008f200000, 0x000000008f300000, 0x000000008f300000|100%| E|CS|TAMS 0x000000008f200000, 0x000000008f200000| Complete 
| 243|0x000000008f300000, 0x000000008f400000, 0x000000008f400000|100%| E|CS|TAMS 0x000000008f300000, 0x000000008f300000| Complete 
| 244|0x000000008f400000, 0x000000008f500000, 0x000000008f500000|100%| E|CS|TAMS 0x000000008f400000, 0x000000008f400000| Complete 
| 245|0x000000008f500000, 0x000000008f600000, 0x000000008f600000|100%| E|CS|TAMS 0x000000008f500000, 0x000000008f500000| Complete 
| 246|0x000000008f600000, 0x000000008f700000, 0x000000008f700000|100%| E|CS|TAMS 0x000000008f600000, 0x000000008f600000| Complete 
| 247|0x000000008f700000, 0x000000008f800000, 0x000000008f800000|100%| E|CS|TAMS 0x000000008f700000, 0x000000008f700000| Complete 
| 248|0x000000008f800000, 0x000000008f900000, 0x000000008f900000|100%| E|CS|TAMS 0x000000008f800000, 0x000000008f800000| Complete 
| 249|0x000000008f900000, 0x000000008fa00000, 0x000000008fa00000|100%| E|CS|TAMS 0x000000008f900000, 0x000000008f900000| Complete 
| 250|0x000000008fa00000, 0x000000008fb00000, 0x000000008fb00000|100%| E|CS|TAMS 0x000000008fa00000, 0x000000008fa00000| Complete 
| 251|0x000000008fb00000, 0x000000008fc00000, 0x000000008fc00000|100%| E|CS|TAMS 0x000000008fb00000, 0x000000008fb00000| Complete 
| 252|0x000000008fc00000, 0x000000008fd00000, 0x000000008fd00000|100%| E|CS|TAMS 0x000000008fc00000, 0x000000008fc00000| Complete 
| 253|0x000000008fd00000, 0x000000008fe00000, 0x000000008fe00000|100%| E|CS|TAMS 0x000000008fd00000, 0x000000008fd00000| Complete 

Card table byte_map: [0x000001f2f9aa0000,0x000001f2f9ea0000] _byte_map_base: 0x000001f2f96a0000

Marking Bits (Prev, Next): (CMBitMap*) 0x000001f2f58c07f8, (CMBitMap*) 0x000001f2f58c0830
 Prev Bits: [0x000001f2fa2a0000, 0x000001f2fc2a0000)
 Next Bits: [0x000001f2fc2a0000, 0x000001f2fe2a0000)

Polling page: 0x000001f2f5060000

Metaspace:

Usage:
  Non-class:     61.34 MB capacity,    60.15 MB ( 98%) used,     1.02 MB (  2%) free+waste,   178.81 KB ( <1%) overhead. 
      Class:      9.65 MB capacity,     9.00 MB ( 93%) used,   580.61 KB (  6%) free+waste,    84.44 KB ( <1%) overhead. 
       Both:     70.99 MB capacity,    69.15 MB ( 97%) used,     1.59 MB (  2%) free+waste,   263.25 KB ( <1%) overhead. 

Virtual space:
  Non-class space:       62.00 MB reserved,      61.54 MB (>99%) committed 
      Class space:        1.00 GB reserved,       9.75 MB ( <1%) committed 
             Both:        1.06 GB reserved,      71.29 MB (  7%) committed 

Chunk freelists:
   Non-Class:  4.00 KB
       Class:  6.00 KB
        Both:  10.00 KB

MaxMetaspaceSize: 17179869184.00 GB
CompressedClassSpaceSize: 1.00 GB

CodeHeap 'non-profiled nmethods': size=120000Kb used=4474Kb max_used=4474Kb free=115526Kb
 bounds [0x000001f287ad0000, 0x000001f287f30000, 0x000001f28f000000]
CodeHeap 'profiled nmethods': size=120000Kb used=14875Kb max_used=14875Kb free=105124Kb
 bounds [0x000001f2805a0000, 0x000001f281430000, 0x000001f287ad0000]
CodeHeap 'non-nmethods': size=5760Kb used=2279Kb max_used=2330Kb free=3480Kb
 bounds [0x000001f280000000, 0x000001f280270000, 0x000001f2805a0000]
 total_blobs=7818 nmethods=6958 adapters=771
 compilation: enabled
              stopped_count=0, restarted_count=0
 full_count=0

Compilation events (20 events):
Event: 10.675 Thread 0x000001f2ff5d3000 6925       1       com.android.build.gradle.internal.utils.DependencyInfo::getDependencyGroup (5 bytes)
Event: 10.675 Thread 0x000001f2ff5d3000 nmethod 6925 0x000001f287f2cc10 code [0x000001f287f2cdc0, 0x000001f287f2ce78]
Event: 10.675 Thread 0x000001f2ff5d3000 6926       3       org.gradle.api.internal.artifacts.result.DefaultResolvedComponentResult::getDependencies (8 bytes)
Event: 10.675 Thread 0x000001f2ff5d3000 nmethod 6926 0x000001f2813f8110 code [0x000001f2813f8300, 0x000001f2813f8728]
Event: 10.675 Thread 0x000001f2ff5d3000 6928       3       com.android.build.gradle.internal.utils.ViolatingPluginDetector$detect$violatingPlugins$1::invoke (12 bytes)
Event: 10.675 Thread 0x000001f2ff5d3000 nmethod 6928 0x000001f2813f8910 code [0x000001f2813f8ae0, 0x000001f2813f8de8]
Event: 10.717 Thread 0x000001f2ff5d3000 6929       3       sun.reflect.generics.tree.Wildcard::make (10 bytes)
Event: 10.718 Thread 0x000001f2ff5d3000 nmethod 6929 0x000001f2813f8f10 code [0x000001f2813f90e0, 0x000001f2813f9398]
Event: 10.718 Thread 0x000001f2ff5d3000 6930       3       sun.reflect.generics.tree.Wildcard::<init> (15 bytes)
Event: 10.718 Thread 0x000001f2ff5d3000 nmethod 6930 0x000001f2813f9490 code [0x000001f2813f9640, 0x000001f2813f9858]
Event: 10.718 Thread 0x000001f2ff5d3000 6931       3       java.util.LinkedList::removeFirst (23 bytes)
Event: 10.718 Thread 0x000001f2ff5d3000 nmethod 6931 0x000001f2813f9910 code [0x000001f2813f9ae0, 0x000001f2813f9d18]
Event: 10.720 Thread 0x000001f2ff5d3000 6932       3       java.lang.reflect.ProxyGenerator$ProxyMethod::generateMethod (733 bytes)
Event: 10.727 Thread 0x000001f2ff5d3000 nmethod 6932 0x000001f2813f9e10 code [0x000001f2813faba0, 0x000001f2814037c8]
Event: 10.727 Thread 0x000001f2ff5d3000 6933       3       java.lang.reflect.ProxyGenerator$MethodInfo::write (283 bytes)
Event: 10.731 Thread 0x000001f2ff5d3000 nmethod 6933 0x000001f281406e90 code [0x000001f281407540, 0x000001f28140b9c8]
Event: 10.743 Thread 0x000001f2ff5d3000 6934       3       java.util.stream.ReferencePipeline$Head::forEach (26 bytes)
Event: 10.743 Thread 0x000001f2ff5d3000 nmethod 6934 0x000001f28140cf10 code [0x000001f28140d140, 0x000001f28140d838]
Event: 10.743 Thread 0x000001f2ff5d3000 6935       3       java.util.stream.AbstractPipeline::sourceStageSpliterator (112 bytes)
Event: 10.744 Thread 0x000001f2ff5d3000 nmethod 6935 0x000001f28140db10 code [0x000001f28140dd40, 0x000001f28140e3f8]

GC Heap History (18 events):
Event: 0.848 GC heap before
{Heap before GC invocations=0 (full 0):
 garbage-first heap   total 260096K, used 29696K [0x0000000080000000, 0x0000000100000000)
  region size 1024K, 24 young (24576K), 0 survivors (0K)
 Metaspace       used 10159K, capacity 10403K, committed 10624K, reserved 1058816K
  class space    used 1059K, capacity 1106K, committed 1152K, reserved 1048576K
}
Event: 0.852 GC heap after
{Heap after GC invocations=1 (full 0):
 garbage-first heap   total 260096K, used 9363K [0x0000000080000000, 0x0000000100000000)
  region size 1024K, 3 young (3072K), 3 survivors (3072K)
 Metaspace       used 10159K, capacity 10403K, committed 10624K, reserved 1058816K
  class space    used 1059K, capacity 1106K, committed 1152K, reserved 1048576K
}
Event: 2.537 GC heap before
{Heap before GC invocations=1 (full 0):
 garbage-first heap   total 260096K, used 74899K [0x0000000080000000, 0x0000000100000000)
  region size 1024K, 67 young (68608K), 3 survivors (3072K)
 Metaspace       used 16759K, capacity 17182K, committed 17536K, reserved 1064960K
  class space    used 1919K, capacity 2055K, committed 2176K, reserved 1048576K
}
Event: 2.546 GC heap after
{Heap after GC invocations=2 (full 0):
 garbage-first heap   total 260096K, used 15599K [0x0000000080000000, 0x0000000100000000)
  region size 1024K, 9 young (9216K), 9 survivors (9216K)
 Metaspace       used 16759K, capacity 17182K, committed 17536K, reserved 1064960K
  class space    used 1919K, capacity 2055K, committed 2176K, reserved 1048576K
}
Event: 2.902 GC heap before
{Heap before GC invocations=2 (full 0):
 garbage-first heap   total 260096K, used 44271K [0x0000000080000000, 0x0000000100000000)
  region size 1024K, 39 young (39936K), 9 survivors (9216K)
 Metaspace       used 20498K, capacity 21113K, committed 21296K, reserved 1069056K
  class space    used 2482K, capacity 2665K, committed 2688K, reserved 1048576K
}
Event: 2.909 GC heap after
{Heap after GC invocations=3 (full 0):
 garbage-first heap   total 260096K, used 16971K [0x0000000080000000, 0x0000000100000000)
  region size 1024K, 2 young (2048K), 2 survivors (2048K)
 Metaspace       used 20498K, capacity 21113K, committed 21296K, reserved 1069056K
  class space    used 2482K, capacity 2665K, committed 2688K, reserved 1048576K
}
Event: 3.760 GC heap before
{Heap before GC invocations=4 (full 0):
 garbage-first heap   total 260096K, used 88651K [0x0000000080000000, 0x0000000100000000)
  region size 1024K, 68 young (69632K), 2 survivors (2048K)
 Metaspace       used 26981K, capacity 27751K, committed 27824K, reserved 1073152K
  class space    used 3546K, capacity 3811K, committed 3840K, reserved 1048576K
}
Event: 3.764 GC heap after
{Heap after GC invocations=5 (full 0):
 garbage-first heap   total 260096K, used 24692K [0x0000000080000000, 0x0000000100000000)
  region size 1024K, 4 young (4096K), 4 survivors (4096K)
 Metaspace       used 26981K, capacity 27751K, committed 27824K, reserved 1073152K
  class space    used 3546K, capacity 3811K, committed 3840K, reserved 1048576K
}
Event: 4.548 GC heap before
{Heap before GC invocations=5 (full 0):
 garbage-first heap   total 260096K, used 70772K [0x0000000080000000, 0x0000000100000000)
  region size 1024K, 50 young (51200K), 4 survivors (4096K)
 Metaspace       used 34698K, capacity 35658K, committed 35708K, reserved 1081344K
  class space    used 4515K, capacity 4852K, committed 4864K, reserved 1048576K
}
Event: 4.557 GC heap after
{Heap after GC invocations=6 (full 0):
 garbage-first heap   total 260096K, used 27779K [0x0000000080000000, 0x0000000100000000)
  region size 1024K, 7 young (7168K), 7 survivors (7168K)
 Metaspace       used 34698K, capacity 35658K, committed 35708K, reserved 1081344K
  class space    used 4515K, capacity 4852K, committed 4864K, reserved 1048576K
}
Event: 6.299 GC heap before
{Heap before GC invocations=7 (full 0):
 garbage-first heap   total 260096K, used 132227K [0x0000000080000000, 0x0000000100000000)
  region size 1024K, 106 young (108544K), 7 survivors (7168K)
 Metaspace       used 43272K, capacity 44337K, committed 44488K, reserved 1087488K
  class space    used 5516K, capacity 5906K, committed 6016K, reserved 1048576K
}
Event: 6.310 GC heap after
{Heap after GC invocations=8 (full 0):
 garbage-first heap   total 260096K, used 34390K [0x0000000080000000, 0x0000000100000000)
  region size 1024K, 14 young (14336K), 14 survivors (14336K)
 Metaspace       used 43272K, capacity 44337K, committed 44488K, reserved 1087488K
  class space    used 5516K, capacity 5906K, committed 6016K, reserved 1048576K
}
Event: 8.203 GC heap before
{Heap before GC invocations=8 (full 0):
 garbage-first heap   total 260096K, used 152150K [0x0000000080000000, 0x0000000100000000)
  region size 1024K, 125 young (128000K), 14 survivors (14336K)
 Metaspace       used 52355K, capacity 53839K, committed 53960K, reserved 1095680K
  class space    used 6695K, capacity 7212K, committed 7296K, reserved 1048576K
}
Event: 8.214 GC heap after
{Heap after GC invocations=9 (full 0):
 garbage-first heap   total 260096K, used 47651K [0x0000000080000000, 0x0000000100000000)
  region size 1024K, 16 young (16384K), 16 survivors (16384K)
 Metaspace       used 52355K, capacity 53839K, committed 53960K, reserved 1095680K
  class space    used 6695K, capacity 7212K, committed 7296K, reserved 1048576K
}
Event: 8.867 GC heap before
{Heap before GC invocations=9 (full 0):
 garbage-first heap   total 260096K, used 83491K [0x0000000080000000, 0x0000000100000000)
  region size 1024K, 52 young (53248K), 16 survivors (16384K)
 Metaspace       used 58412K, capacity 59919K, committed 60068K, reserved 1101824K
  class space    used 7410K, capacity 7955K, committed 8064K, reserved 1048576K
}
Event: 8.886 GC heap after
{Heap after GC invocations=10 (full 0):
 garbage-first heap   total 260096K, used 49893K [0x0000000080000000, 0x0000000100000000)
  region size 1024K, 13 young (13312K), 13 survivors (13312K)
 Metaspace       used 58412K, capacity 59919K, committed 60068K, reserved 1101824K
  class space    used 7410K, capacity 7955K, committed 8064K, reserved 1048576K
}
Event: 10.459 GC heap before
{Heap before GC invocations=11 (full 0):
 garbage-first heap   total 260096K, used 180965K [0x0000000080000000, 0x0000000100000000)
  region size 1024K, 141 young (144384K), 13 survivors (13312K)
 Metaspace       used 68645K, capacity 70305K, committed 70564K, reserved 1110016K
  class space    used 8883K, capacity 9473K, committed 9600K, reserved 1048576K
}
Event: 10.475 GC heap after
{Heap after GC invocations=12 (full 0):
 garbage-first heap   total 260096K, used 60305K [0x0000000080000000, 0x0000000100000000)
  region size 1024K, 13 young (13312K), 13 survivors (13312K)
 Metaspace       used 68645K, capacity 70305K, committed 70564K, reserved 1110016K
  class space    used 8883K, capacity 9473K, committed 9600K, reserved 1048576K
}

Deoptimization events (20 events):
Event: 9.843 Thread 0x000001f292a92000 Uncommon trap: trap_request=0xffffff4d fr.pc=0x000001f287e011b8 relative=0x0000000000000ab8
Event: 9.843 Thread 0x000001f292a92000 Uncommon trap: reason=unstable_if action=reinterpret pc=0x000001f287e011b8 method=java.util.concurrent.ConcurrentHashMap.addCount(JI)V @ 110 c2
Event: 9.843 Thread 0x000001f292a92000 DEOPT PACKING pc=0x000001f287e011b8 sp=0x00000076afff8df0
Event: 9.843 Thread 0x000001f292a92000 DEOPT UNPACKING pc=0x000001f2800083af sp=0x00000076afff8cc8 mode 2
Event: 10.304 Thread 0x000001f292a92000 Uncommon trap: trap_request=0xfffffff4 fr.pc=0x000001f287f09888 relative=0x0000000000000068
Event: 10.304 Thread 0x000001f292a92000 Uncommon trap: reason=null_check action=make_not_entrant pc=0x000001f287f09888 method=java.lang.Class.isAnnotation()Z @ 1 c2
Event: 10.304 Thread 0x000001f292a92000 DEOPT PACKING pc=0x000001f287f09888 sp=0x00000076afff9140
Event: 10.304 Thread 0x000001f292a92000 DEOPT UNPACKING pc=0x000001f2800083af sp=0x00000076afff90d0 mode 2
Event: 10.349 Thread 0x000001f292a92000 DEOPT PACKING pc=0x000001f2811e1127 sp=0x00000076afff8f30
Event: 10.349 Thread 0x000001f292a92000 DEOPT UNPACKING pc=0x000001f280028ede sp=0x00000076afff83e0 mode 0
Event: 10.660 Thread 0x000001f292a92000 Uncommon trap: trap_request=0xffffff4d fr.pc=0x000001f287d2d374 relative=0x00000000000001b4
Event: 10.660 Thread 0x000001f292a92000 Uncommon trap: reason=unstable_if action=reinterpret pc=0x000001f287d2d374 method=com.esotericsoftware.kryo.io.Input.require(I)I @ 65 c2
Event: 10.660 Thread 0x000001f292a92000 DEOPT PACKING pc=0x000001f287d2d374 sp=0x00000076afff9320
Event: 10.660 Thread 0x000001f292a92000 DEOPT UNPACKING pc=0x000001f2800083af sp=0x00000076afff92e0 mode 2
Event: 10.662 Thread 0x000001f292a92000 Uncommon trap: trap_request=0xffffff4d fr.pc=0x000001f287d68318 relative=0x00000000000001d8
Event: 10.662 Thread 0x000001f292a92000 Uncommon trap: reason=unstable_if action=reinterpret pc=0x000001f287d68318 method=com.esotericsoftware.kryo.io.Input.readVarInt(Z)I @ 42 c2
Event: 10.662 Thread 0x000001f292a92000 DEOPT PACKING pc=0x000001f287d68318 sp=0x00000076afff9280
Event: 10.662 Thread 0x000001f292a92000 DEOPT UNPACKING pc=0x000001f2800083af sp=0x00000076afff9228 mode 2
Event: 10.698 Thread 0x000001f292a92000 DEOPT PACKING pc=0x000001f280f7652a sp=0x00000076afff5360
Event: 10.698 Thread 0x000001f292a92000 DEOPT UNPACKING pc=0x000001f280028ede sp=0x00000076afff4938 mode 0

Classes redefined (0 events):
No events

Internal exceptions (20 events):
Event: 10.353 Thread 0x000001f292a92000 Exception <a 'java/lang/ClassNotFoundException'{0x00000000879db8d8}: com/android/build/gradle/internal/api/BaseVariantOutputImplBeanInfo> (0x00000000879db8d8) thrown at [./src/hotspot/share/classfile/systemDictionary.cpp, line 231]
Event: 10.354 Thread 0x000001f292a92000 Exception <a 'java/lang/ClassNotFoundException'{0x00000000879f5b10}: com/android/build/gradle/internal/api/BaseVariantOutputImplCustomizer> (0x00000000879f5b10) thrown at [./src/hotspot/share/classfile/systemDictionary.cpp, line 231]
Event: 10.355 Thread 0x000001f292a92000 Exception <a 'java/lang/ClassNotFoundException'{0x0000000087822900}: com/android/build/gradle/internal/api/ApkVariantOutputImplCustomizer> (0x0000000087822900) thrown at [./src/hotspot/share/classfile/systemDictionary.cpp, line 231]
Event: 10.356 Thread 0x000001f292a92000 Exception <a 'java/lang/ClassNotFoundException'{0x000000008784b5b8}: com/android/build/gradle/internal/api/ApkVariantOutputImpl_DecoratedCustomizer> (0x000000008784b5b8) thrown at [./src/hotspot/share/classfile/systemDictionary.cpp, line 231]
Event: 10.366 Thread 0x000001f292a92000 Exception <a 'java/lang/NoClassDefFoundError'{0x00000000877adfb0}: org/jetbrains/kotlin/gradle/plugin/KotlinBasePluginWrapper> (0x00000000877adfb0) thrown at [./src/hotspot/share/classfile/systemDictionary.cpp, line 220]
Event: 10.407 Thread 0x000001f292a92000 Exception <a 'java/lang/ClassNotFoundException'{0x00000000875cb770}: build_8nz5cbxr4de1cabjtkhqegdezBeanInfo> (0x00000000875cb770) thrown at [./src/hotspot/share/classfile/systemDictionary.cpp, line 231]
Event: 10.407 Thread 0x000001f292a92000 Exception <a 'java/lang/ClassNotFoundException'{0x00000000875d6698}: build_8nz5cbxr4de1cabjtkhqegdezCustomizer> (0x00000000875d6698) thrown at [./src/hotspot/share/classfile/systemDictionary.cpp, line 231]
Event: 10.481 Thread 0x000001f292a92000 Exception <a 'java/lang/ClassNotFoundException'{0x000000008fd7a290}: com/android/build/gradle/LibraryExtension_DecoratedBeanInfo> (0x000000008fd7a290) thrown at [./src/hotspot/share/classfile/systemDictionary.cpp, line 231]
Event: 10.481 Thread 0x000001f292a92000 Exception <a 'java/lang/ClassNotFoundException'{0x000000008fda4b20}: com/android/build/gradle/LibraryExtensionBeanInfo> (0x000000008fda4b20) thrown at [./src/hotspot/share/classfile/systemDictionary.cpp, line 231]
Event: 10.482 Thread 0x000001f292a92000 Exception <a 'java/lang/ClassNotFoundException'{0x000000008fdba890}: com/android/build/gradle/LibraryExtensionCustomizer> (0x000000008fdba890) thrown at [./src/hotspot/share/classfile/systemDictionary.cpp, line 231]
Event: 10.486 Thread 0x000001f292a92000 Exception <a 'java/lang/ClassNotFoundException'{0x000000008fc7c158}: com/android/build/gradle/LibraryExtension_DecoratedCustomizer> (0x000000008fc7c158) thrown at [./src/hotspot/share/classfile/systemDictionary.cpp, line 231]
Event: 10.499 Thread 0x000001f292a92000 Exception <a 'java/lang/ClassNotFoundException'{0x000000008fb89ca8}: build_8nz5cbxr4de1cabjtkhqegdez$_run_closure1$_closure4BeanInfo> (0x000000008fb89ca8) thrown at [./src/hotspot/share/classfile/systemDictionary.cpp, line 231]
Event: 10.499 Thread 0x000001f292a92000 Exception <a 'java/lang/ClassNotFoundException'{0x000000008fb9a410}: build_8nz5cbxr4de1cabjtkhqegdez$_run_closure1$_closure4Customizer> (0x000000008fb9a410) thrown at [./src/hotspot/share/classfile/systemDictionary.cpp, line 231]
Event: 10.501 Thread 0x000001f292a92000 Exception <a 'java/lang/ClassNotFoundException'{0x000000008fbc2f90}: build_8nz5cbxr4de1cabjtkhqegdez$_run_closure1BeanInfo> (0x000000008fbc2f90) thrown at [./src/hotspot/share/classfile/systemDictionary.cpp, line 231]
Event: 10.502 Thread 0x000001f292a92000 Exception <a 'java/lang/ClassNotFoundException'{0x000000008fbd2da0}: build_8nz5cbxr4de1cabjtkhqegdez$_run_closure1Customizer> (0x000000008fbd2da0) thrown at [./src/hotspot/share/classfile/systemDictionary.cpp, line 231]
Event: 10.637 Thread 0x000001f292a92000 Exception <a 'java/lang/ClassNotFoundException'{0x000000008f4e3078}: com/android/build/gradle/internal/api/LibraryVariantOutputImpl_DecoratedBeanInfo> (0x000000008f4e3078) thrown at [./src/hotspot/share/classfile/systemDictionary.cpp, line 231]
Event: 10.637 Thread 0x000001f292a92000 Exception <a 'java/lang/ClassNotFoundException'{0x000000008f4fd460}: com/android/build/gradle/internal/api/LibraryVariantOutputImplBeanInfo> (0x000000008f4fd460) thrown at [./src/hotspot/share/classfile/systemDictionary.cpp, line 231]
Event: 10.638 Thread 0x000001f292a92000 Exception <a 'java/lang/ClassNotFoundException'{0x000000008f317e08}: com/android/build/gradle/internal/api/LibraryVariantOutputImplCustomizer> (0x000000008f317e08) thrown at [./src/hotspot/share/classfile/systemDictionary.cpp, line 231]
Event: 10.638 Thread 0x000001f292a92000 Exception <a 'java/lang/ClassNotFoundException'{0x000000008f33c938}: com/android/build/gradle/internal/api/LibraryVariantOutputImpl_DecoratedCustomizer> (0x000000008f33c938) thrown at [./src/hotspot/share/classfile/systemDictionary.cpp, line 231]
Event: 10.641 Thread 0x000001f292a92000 Exception <a 'java/lang/NoClassDefFoundError'{0x000000008f375628}: org/jetbrains/kotlin/gradle/plugin/KotlinBasePluginWrapper> (0x000000008f375628) thrown at [./src/hotspot/share/oops/constantPool.cpp, line 775]

Events (20 events):
Event: 10.748 loading class kotlin/reflect/jvm/internal/KClassImpl$Data$descriptor$2
Event: 10.748 loading class kotlin/reflect/jvm/internal/KClassImpl$Data$descriptor$2 done
Event: 10.749 loading class kotlin/reflect/jvm/internal/KClassImpl$Data$annotations$2
Event: 10.749 loading class kotlin/reflect/jvm/internal/KClassImpl$Data$annotations$2 done
Event: 10.749 loading class kotlin/reflect/jvm/internal/KClassImpl$Data$simpleName$2
Event: 10.749 loading class kotlin/reflect/jvm/internal/KClassImpl$Data$simpleName$2 done
Event: 10.749 loading class kotlin/reflect/jvm/internal/KClassImpl$Data$qualifiedName$2
Event: 10.749 loading class kotlin/reflect/jvm/internal/KClassImpl$Data$qualifiedName$2 done
Event: 10.750 loading class kotlin/reflect/jvm/internal/KClassImpl$Data$constructors$2
Event: 10.750 loading class kotlin/reflect/jvm/internal/KClassImpl$Data$constructors$2 done
Event: 10.751 loading class kotlin/reflect/jvm/internal/KClassImpl$Data$nestedClasses$2
Event: 10.751 loading class kotlin/reflect/jvm/internal/KClassImpl$Data$nestedClasses$2 done
Event: 10.751 loading class kotlin/reflect/jvm/internal/KClassImpl$Data$objectInstance$2
Event: 10.751 loading class kotlin/reflect/jvm/internal/KClassImpl$Data$objectInstance$2 done
Event: 10.751 loading class kotlin/reflect/jvm/internal/KClassImpl$Data$typeParameters$2
Event: 10.751 loading class kotlin/reflect/jvm/internal/KClassImpl$Data$typeParameters$2 done
Event: 10.752 loading class kotlin/reflect/jvm/internal/KClassImpl$Data$supertypes$2
Event: 10.752 loading class kotlin/reflect/jvm/internal/KClassImpl$Data$supertypes$2 done
Event: 10.752 loading class kotlin/reflect/jvm/internal/KClassImpl$Data$sealedSubclasses$2
Event: 10.752 loading class kotlin/reflect/jvm/internal/KClassImpl$Data$sealedSubclasses$2 done


Dynamic libraries:
0x00007ff630660000 - 0x00007ff63066a000 	D:\software\Android Studio2020\jre\bin\java.exe
0x00007ffb00bb0000 - 0x00007ffb00da7000 	C:\windows\SYSTEM32\ntdll.dll
0x00007ffafec10000 - 0x00007ffafeccd000 	C:\windows\System32\KERNEL32.DLL
0x00007ffafe4f0000 - 0x00007ffafe7bd000 	C:\windows\System32\KERNELBASE.dll
0x00007ffafe990000 - 0x00007ffafea90000 	C:\windows\System32\ucrtbase.dll
0x00007ffaea8b0000 - 0x00007ffaea8c7000 	D:\software\Android Studio2020\jre\bin\VCRUNTIME140.dll
0x00007ffaeaa50000 - 0x00007ffaeaa69000 	D:\software\Android Studio2020\jre\bin\jli.dll
0x00007ffb00700000 - 0x00007ffb008a0000 	C:\windows\System32\USER32.dll
0x00007ffafebe0000 - 0x00007ffafec02000 	C:\windows\System32\win32u.dll
0x00007ffb00b40000 - 0x00007ffb00b6a000 	C:\windows\System32\GDI32.dll
0x00007ffafe7c0000 - 0x00007ffafe8cb000 	C:\windows\System32\gdi32full.dll
0x00007ffaea5a0000 - 0x00007ffaea83a000 	C:\windows\WinSxS\amd64_microsoft.windows.common-controls_6595b64144ccf1df_6.0.19041.1110_none_60b5254171f9507e\COMCTL32.dll
0x00007ffafea90000 - 0x00007ffafeb2d000 	C:\windows\System32\msvcp_win.dll
0x00007ffb005c0000 - 0x00007ffb0065e000 	C:\windows\System32\msvcrt.dll
0x00007ffaff760000 - 0x00007ffaff790000 	C:\windows\System32\IMM32.DLL
0x00007ffacffd0000 - 0x00007ffad006d000 	D:\software\Android Studio2020\jre\bin\msvcp140.dll
0x00007ffaa5270000 - 0x00007ffaa5d3f000 	D:\software\Android Studio2020\jre\bin\server\jvm.dll
0x00007ffb00900000 - 0x00007ffb009ae000 	C:\windows\System32\ADVAPI32.dll
0x00007ffb00660000 - 0x00007ffb006fc000 	C:\windows\System32\sechost.dll
0x00007ffb00410000 - 0x00007ffb00535000 	C:\windows\System32\RPCRT4.dll
0x00007ffafffc0000 - 0x00007ffafffc8000 	C:\windows\System32\PSAPI.DLL
0x00007ffac13c0000 - 0x00007ffac13c9000 	C:\windows\SYSTEM32\WSOCK32.dll
0x00007ffaec8a0000 - 0x00007ffaec8c7000 	C:\windows\SYSTEM32\WINMM.dll
0x00007ffaf40a0000 - 0x00007ffaf40aa000 	C:\windows\SYSTEM32\VERSION.dll
0x00007ffafee10000 - 0x00007ffafee7b000 	C:\windows\System32\WS2_32.dll
0x00007ffafc190000 - 0x00007ffafc1a2000 	C:\windows\SYSTEM32\kernel.appcore.dll
0x00007ffaec980000 - 0x00007ffaec991000 	D:\software\Android Studio2020\jre\bin\verify.dll
0x00007ffaeb320000 - 0x00007ffaeb504000 	C:\windows\SYSTEM32\DBGHELP.DLL
0x00007ffaeff50000 - 0x00007ffaeff7c000 	C:\windows\SYSTEM32\dbgcore.DLL
0x00007ffafe460000 - 0x00007ffafe4e2000 	C:\windows\System32\bcryptPrimitives.dll
0x00007ffaebfc0000 - 0x00007ffaebfe9000 	D:\software\Android Studio2020\jre\bin\java.dll
0x00007ffafa160000 - 0x00007ffafa16b000 	D:\software\Android Studio2020\jre\bin\jimage.dll
0x00007ffaec8e0000 - 0x00007ffaec8f8000 	D:\software\Android Studio2020\jre\bin\zip.dll
0x00007ffaff000000 - 0x00007ffaff744000 	C:\windows\System32\SHELL32.dll
0x00007ffafc3b0000 - 0x00007ffafcb44000 	C:\windows\SYSTEM32\windows.storage.dll
0x00007ffafffd0000 - 0x00007ffb00324000 	C:\windows\System32\combase.dll
0x00007ffafdd30000 - 0x00007ffafdd5c000 	C:\windows\SYSTEM32\Wldp.dll
0x00007ffafee80000 - 0x00007ffafef2d000 	C:\windows\System32\SHCORE.dll
0x00007ffaff790000 - 0x00007ffaff7e5000 	C:\windows\System32\shlwapi.dll
0x00007ffafe210000 - 0x00007ffafe22f000 	C:\windows\SYSTEM32\profapi.dll
0x00007ffaec040000 - 0x00007ffaec05a000 	D:\software\Android Studio2020\jre\bin\net.dll
0x00007ffaf8350000 - 0x00007ffaf845a000 	C:\windows\SYSTEM32\WINHTTP.dll
0x00007ffafda90000 - 0x00007ffafdafa000 	C:\windows\system32\mswsock.dll
0x00007ffaeb510000 - 0x00007ffaeb524000 	D:\software\Android Studio2020\jre\bin\nio.dll
0x00007ffaeab10000 - 0x00007ffaeab37000 	C:\Users\wang'xue'wu\.gradle\native\8bec1ad78214c89d9ad589b4d07fe93259594b29d510b10fafb7a158f7737e5d\windows-amd64\native-platform.dll
0x00007ffacab90000 - 0x00007ffacaccd000 	C:\Users\wang'xue'wu\.gradle\native\53dbd7edfb1c66fb8903c78663c9afc45aea4f116125fa6feffd364cf09443e8\windows-amd64\native-platform-file-events.dll
0x00007ffaeae70000 - 0x00007ffaeae7a000 	D:\software\Android Studio2020\jre\bin\management.dll
0x00007ffaeaaf0000 - 0x00007ffaeaafc000 	D:\software\Android Studio2020\jre\bin\management_ext.dll
0x00007ffafdc80000 - 0x00007ffafdc98000 	C:\windows\SYSTEM32\CRYPTSP.dll
0x00007ffafd3a0000 - 0x00007ffafd3d4000 	C:\windows\system32\rsaenh.dll
0x00007ffafe2d0000 - 0x00007ffafe2f7000 	C:\windows\System32\bcrypt.dll
0x00007ffafe190000 - 0x00007ffafe1be000 	C:\windows\SYSTEM32\USERENV.dll
0x00007ffafdca0000 - 0x00007ffafdcac000 	C:\windows\SYSTEM32\CRYPTBASE.dll
0x00007ffafd730000 - 0x00007ffafd76b000 	C:\windows\SYSTEM32\IPHLPAPI.DLL
0x00007ffafed80000 - 0x00007ffafed88000 	C:\windows\System32\NSI.dll
0x00007ffaefd20000 - 0x00007ffaefd37000 	C:\windows\SYSTEM32\dhcpcsvc6.DLL
0x00007ffaf35c0000 - 0x00007ffaf35dd000 	C:\windows\SYSTEM32\dhcpcsvc.DLL
0x00007ffafd770000 - 0x00007ffafd83b000 	C:\windows\SYSTEM32\DNSAPI.dll

dbghelp: loaded successfully - version: 4.0.5 - missing functions: none
symbol engine: initialized successfully - sym options: 0x614 - pdb path: .;D:\software\Android Studio2020\jre\bin;C:\windows\SYSTEM32;C:\windows\WinSxS\amd64_microsoft.windows.common-controls_6595b64144ccf1df_6.0.19041.1110_none_60b5254171f9507e;D:\software\Android Studio2020\jre\bin\server;C:\Users\wang'xue'wu\.gradle\native\8bec1ad78214c89d9ad589b4d07fe93259594b29d510b10fafb7a158f7737e5d\windows-amd64;C:\Users\wang'xue'wu\.gradle\native\53dbd7edfb1c66fb8903c78663c9afc45aea4f116125fa6feffd364cf09443e8\windows-amd64

VM Arguments:
jvm_args: -XX:MaxPermSize=512m -XX:+HeapDumpOnOutOfMemoryError --add-opens=java.base/java.util=ALL-UNNAMED --add-opens=java.base/java.lang=ALL-UNNAMED --add-opens=java.base/java.lang.invoke=ALL-UNNAMED --add-opens=java.base/java.util=ALL-UNNAMED --add-opens=java.prefs/java.util.prefs=ALL-UNNAMED --add-opens=java.prefs/java.util.prefs=ALL-UNNAMED --add-opens=java.base/java.nio.charset=ALL-UNNAMED --add-opens=java.base/java.net=ALL-UNNAMED --add-opens=java.base/java.util.concurrent.atomic=ALL-UNNAMED -Xmx2048m -Dfile.encoding=UTF-8 -Duser.country=CN -Duser.language=zh -Duser.variant 
java_command: org.gradle.launcher.daemon.bootstrap.GradleDaemon 7.0.2
java_class_path (initial): C:\Users\wang'xue'wu\.gradle\wrapper\dists\gradle-7.0.2-bin\857tjihv64xamwrf0h14cai3r\gradle-7.0.2\lib\gradle-launcher-7.0.2.jar
Launcher Type: SUN_STANDARD

[Global flags]
     intx CICompilerCount                          = 4                                         {product} {ergonomic}
     uint ConcGCThreads                            = 2                                         {product} {ergonomic}
     uint G1ConcRefinementThreads                  = 8                                         {product} {ergonomic}
   size_t G1HeapRegionSize                         = 1048576                                   {product} {ergonomic}
    uintx GCDrainStackTargetSize                   = 64                                        {product} {ergonomic}
     bool HeapDumpOnOutOfMemoryError               = true                                   {manageable} {command line}
   size_t InitialHeapSize                          = 266338304                                 {product} {ergonomic}
   size_t MarkStackSize                            = 4194304                                   {product} {ergonomic}
   size_t MaxHeapSize                              = 2147483648                                {product} {command line}
   size_t MaxNewSize                               = 1287651328                                {product} {ergonomic}
   size_t MinHeapDeltaBytes                        = 1048576                                   {product} {ergonomic}
    uintx NonNMethodCodeHeapSize                   = 5836300                                {pd product} {ergonomic}
    uintx NonProfiledCodeHeapSize                  = 122910970                              {pd product} {ergonomic}
    uintx ProfiledCodeHeapSize                     = 122910970                              {pd product} {ergonomic}
    uintx ReservedCodeCacheSize                    = 251658240                              {pd product} {ergonomic}
     bool SegmentedCodeCache                       = true                                      {product} {ergonomic}
     bool UseCompressedClassPointers               = true                                 {lp64_product} {ergonomic}
     bool UseCompressedOops                        = true                                 {lp64_product} {ergonomic}
     bool UseG1GC                                  = true                                      {product} {ergonomic}
     bool UseLargePagesIndividualAllocation        = false                                  {pd product} {ergonomic}

Logging:
Log output configuration:
 #0: stdout all=warning uptime,level,tags
 #1: stderr all=off uptime,level,tags

Environment Variables:
JAVA_HOME=C:\Program Files\Java\jdk1.8.0_40
CLASSPATH=.;C:\Program Files\Java\jdk1.8.0_40\lib;C:\Program Files\Java\jdk1.8.0_40\lib\dt.jar;C:\Program Files\Java\jdk1.8.0_40\lib\tools.jar
PATH=C:\ProgramData\Oracle\Java\javapath;C:\Windows\system32;C:\Windows;C:\Windows\System32\Wbem;C:\Windows\System32\WindowsPowerShell\v1.0\;C:\Windows\System32\OpenSSH\;C:\Program Files (x86)\NVIDIA Corporation\PhysX\Common;C:\Program Files\NVIDIA Corporation\NVIDIA NvDLISR;C:\Users\wang'xue'wu\AppData\Local\Android\Sdk\platform-tools;C:\Program Files\Java\jdk1.8.0_40\bin;C:\Program Files\Java\jdk1.8.0_40\jre\bin;D:\software\SVN\bin;C:\Program Files\Git\cmd;C:\Users\wang'xue'wu\AppData\Local\Microsoft\WindowsApps;
USERNAME=wang'xue'wu
OS=Windows_NT
PROCESSOR_IDENTIFIER=Intel64 Family 6 Model 140 Stepping 1, GenuineIntel



---------------  S Y S T E M  ---------------

OS: Windows 10 , 64 bit Build 19041 (10.0.19041.1741)
OS uptime: 13 days 17:38 hours

CPU:total 8 (initial active 8) (4 cores per cpu, 2 threads per core) family 6 model 140 stepping 1 microcode 0x8a, cmov, cx8, fxsr, mmx, sse, sse2, sse3, ssse3, sse4.1, sse4.2, popcnt, avx, avx2, aes, clmul, erms, 3dnowpref, lzcnt, ht, tsc, tscinvbit, bmi1, bmi2, adx, evex, sha, fma

Memory: 4k page, system-wide physical 16167M (2305M free)
TotalPageFile size 36326M (AvailPageFile size 8M)
current process WorkingSet (physical memory assigned to process): 439M, peak: 443M
current process commit charge ("private bytes"): 531M, peak: 536M

vm_info: OpenJDK 64-Bit Server VM (11.0.10+0-b96-7249189) for windows-amd64 JRE (11.0.10+0-b96-7249189), built on Mar 31 2021 21:44:00 by "builder" with MS VC++ 14.0 (VS2015)

END.
